<?xml version="1.0" encoding="UTF-8"?>
<coverage generated="1765107812397" clover="3.2.0">
  <project timestamp="1765107812397" name="All files">
    <metrics statements="281" coveredstatements="196" conditionals="146" coveredconditionals="82" methods="56" coveredmethods="33" elements="483" coveredelements="311" complexity="0" loc="281" ncloc="281" packages="9" files="14" classes="14"/>
    <package name="src">
      <metrics statements="39" coveredstatements="26" conditionals="6" coveredconditionals="2" methods="8" coveredmethods="2"/>
      <file name="server.js" path="/Users/apple/url-shortener/src/server.js">
        <metrics statements="39" coveredstatements="26" conditionals="6" coveredconditionals="2" methods="8" coveredmethods="2"/>
        <line num="162" count="7" type="stmt"/>
        <line num="165" count="7" type="stmt"/>
        <line num="166" count="7" type="stmt"/>
        <line num="168" count="7" type="stmt"/>
        <line num="169" count="7" type="cond" truecount="1" falsecount="1"/>
        <line num="174" count="7" type="stmt"/>
        <line num="175" count="7" type="stmt"/>
        <line num="176" count="7" type="stmt"/>
        <line num="179" count="7" type="stmt"/>
        <line num="180" count="7" type="stmt"/>
        <line num="182" count="7" type="stmt"/>
        <line num="190" count="7" type="stmt"/>
        <line num="195" count="7" type="stmt"/>
        <line num="196" count="0" type="stmt"/>
        <line num="208" count="7" type="stmt"/>
        <line num="213" count="7" type="stmt"/>
        <line num="214" count="115" type="stmt"/>
        <line num="217" count="115" type="stmt"/>
        <line num="223" count="7" type="stmt"/>
        <line num="224" count="30" type="stmt"/>
        <line num="225" count="30" type="stmt"/>
        <line num="227" count="30" type="stmt"/>
        <line num="230" count="0" type="stmt"/>
        <line num="234" count="0" type="stmt"/>
        <line num="239" count="0" type="stmt"/>
        <line num="241" count="30" type="stmt"/>
        <line num="248" count="7" type="stmt"/>
        <line num="253" count="7" type="stmt"/>
        <line num="254" count="0" type="stmt"/>
        <line num="263" count="7" type="stmt"/>
        <line num="264" count="0" type="stmt"/>
        <line num="265" count="0" type="stmt"/>
        <line num="274" count="7" type="cond" truecount="1" falsecount="1"/>
        <line num="275" count="0" type="stmt"/>
        <line num="276" count="0" type="stmt"/>
        <line num="277" count="0" type="stmt"/>
        <line num="278" count="0" type="stmt"/>
        <line num="279" count="0" type="stmt"/>
        <line num="282" count="0" type="stmt"/>
      </file>
    </package>
    <package name="src.config">
      <metrics statements="17" coveredstatements="11" conditionals="6" coveredconditionals="4" methods="6" coveredmethods="2"/>
      <file name="database.js" path="/Users/apple/url-shortener/src/config/database.js">
        <metrics statements="8" coveredstatements="6" conditionals="0" coveredconditionals="0" methods="2" coveredmethods="1"/>
        <line num="4" count="9" type="stmt"/>
        <line num="6" count="9" type="stmt"/>
        <line num="8" count="9" type="stmt"/>
        <line num="16" count="9" type="stmt"/>
        <line num="17" count="5" type="stmt"/>
        <line num="20" count="9" type="stmt"/>
        <line num="21" count="0" type="stmt"/>
        <line num="22" count="0" type="stmt"/>
      </file>
      <file name="redis.js" path="/Users/apple/url-shortener/src/config/redis.js">
        <metrics statements="9" coveredstatements="5" conditionals="6" coveredconditionals="4" methods="4" coveredmethods="1"/>
        <line num="3" count="9" type="stmt"/>
        <line num="8" count="0" type="cond" truecount="0" falsecount="2"/>
        <line num="9" count="0" type="stmt"/>
        <line num="19" count="9" type="stmt"/>
        <line num="20" count="0" type="stmt"/>
        <line num="21" count="0" type="stmt"/>
        <line num="24" count="9" type="stmt"/>
        <line num="25" count="9" type="stmt"/>
        <line num="27" count="9" type="stmt"/>
      </file>
    </package>
    <package name="src.controllers">
      <metrics statements="42" coveredstatements="19" conditionals="20" coveredconditionals="7" methods="4" coveredmethods="3"/>
      <file name="urlController.js" path="/Users/apple/url-shortener/src/controllers/urlController.js">
        <metrics statements="42" coveredstatements="19" conditionals="20" coveredconditionals="7" methods="4" coveredmethods="3"/>
        <line num="176" count="70" type="stmt"/>
        <line num="177" count="70" type="stmt"/>
        <line num="179" count="70" type="cond" truecount="1" falsecount="1"/>
        <line num="180" count="0" type="stmt"/>
        <line num="186" count="70" type="stmt"/>
        <line num="193" count="70" type="cond" truecount="1" falsecount="1"/>
        <line num="194" count="70" type="stmt"/>
        <line num="196" count="70" type="stmt"/>
        <line num="207" count="0" type="stmt"/>
        <line num="209" count="0" type="cond" truecount="0" falsecount="2"/>
        <line num="210" count="0" type="stmt"/>
        <line num="216" count="0" type="cond" truecount="0" falsecount="2"/>
        <line num="220" count="0" type="stmt"/>
        <line num="226" count="0" type="stmt"/>
        <line num="234" count="8" type="stmt"/>
        <line num="235" count="8" type="stmt"/>
        <line num="237" count="8" type="stmt"/>
        <line num="243" count="8" type="stmt"/>
        <line num="245" count="8" type="cond" truecount="2" falsecount="0"/>
        <line num="246" count="1" type="stmt"/>
        <line num="252" count="7" type="stmt"/>
        <line num="254" count="0" type="stmt"/>
        <line num="255" count="0" type="stmt"/>
        <line num="263" count="7" type="stmt"/>
        <line num="264" count="7" type="stmt"/>
        <line num="265" count="7" type="stmt"/>
        <line num="267" count="7" type="cond" truecount="1" falsecount="1"/>
        <line num="268" count="0" type="stmt"/>
        <line num="274" count="7" type="stmt"/>
        <line num="279" count="0" type="stmt"/>
        <line num="280" count="0" type="stmt"/>
        <line num="291" count="0" type="stmt"/>
        <line num="292" count="0" type="stmt"/>
        <line num="294" count="0" type="stmt"/>
        <line num="295" count="0" type="cond" truecount="0" falsecount="2"/>
        <line num="296" count="0" type="stmt"/>
        <line num="302" count="0" type="cond" truecount="0" falsecount="2"/>
        <line num="303" count="0" type="stmt"/>
        <line num="305" count="0" type="stmt"/>
        <line num="307" count="0" type="stmt"/>
        <line num="313" count="0" type="stmt"/>
        <line num="314" count="0" type="stmt"/>
      </file>
    </package>
    <package name="src.cron">
      <metrics statements="6" coveredstatements="0" conditionals="2" coveredconditionals="0" methods="2" coveredmethods="0"/>
      <file name="cleanupExpired.js" path="/Users/apple/url-shortener/src/cron/cleanupExpired.js">
        <metrics statements="6" coveredstatements="0" conditionals="2" coveredconditionals="0" methods="2" coveredmethods="0"/>
        <line num="7" count="0" type="stmt"/>
        <line num="8" count="0" type="stmt"/>
        <line num="9" count="0" type="stmt"/>
        <line num="10" count="0" type="stmt"/>
        <line num="11" count="0" type="cond" truecount="0" falsecount="2"/>
        <line num="13" count="0" type="stmt"/>
      </file>
    </package>
    <package name="src.middleware">
      <metrics statements="34" coveredstatements="32" conditionals="11" coveredconditionals="9" methods="3" coveredmethods="3"/>
      <file name="redisRateLimit.js" path="/Users/apple/url-shortener/src/middleware/redisRateLimit.js">
        <metrics statements="34" coveredstatements="32" conditionals="11" coveredconditionals="9" methods="3" coveredmethods="3"/>
        <line num="3" count="7" type="stmt"/>
        <line num="4" count="7" type="stmt"/>
        <line num="5" count="7" type="stmt"/>
        <line num="9" count="265" type="stmt"/>
        <line num="10" count="265" type="stmt"/>
        <line num="11" count="265" type="stmt"/>
        <line num="12" count="265" type="stmt"/>
        <line num="13" count="265" type="stmt"/>
        <line num="17" count="265" type="stmt"/>
        <line num="19" count="265" type="stmt"/>
        <line num="24" count="265" type="cond" truecount="2" falsecount="0"/>
        <line num="25" count="265" type="cond" truecount="2" falsecount="0"/>
        <line num="27" count="265" type="stmt"/>
        <line num="28" count="265" type="stmt"/>
        <line num="29" count="265" type="stmt"/>
        <line num="31" count="265" type="cond" truecount="2" falsecount="0"/>
        <line num="32" count="107" type="stmt"/>
        <line num="35" count="107" type="stmt"/>
        <line num="40" count="107" type="stmt"/>
        <line num="46" count="158" type="stmt"/>
        <line num="47" count="158" type="stmt"/>
        <line num="57" count="7" type="stmt"/>
        <line num="58" count="265" type="cond" truecount="1" falsecount="2"/>
        <line num="59" count="265" type="stmt"/>
        <line num="61" count="265" type="stmt"/>
        <line num="62" count="265" type="stmt"/>
        <line num="63" count="265" type="stmt"/>
        <line num="65" count="265" type="stmt"/>
        <line num="71" count="265" type="cond" truecount="2" falsecount="0"/>
        <line num="72" count="158" type="stmt"/>
        <line num="73" count="158" type="stmt"/>
        <line num="80" count="107" type="stmt"/>
        <line num="82" count="0" type="stmt"/>
        <line num="83" count="0" type="stmt"/>
      </file>
    </package>
    <package name="src.models">
      <metrics statements="39" coveredstatements="23" conditionals="18" coveredconditionals="6" methods="11" coveredmethods="7"/>
      <file name="clickModel.js" path="/Users/apple/url-shortener/src/models/clickModel.js">
        <metrics statements="4" coveredstatements="4" conditionals="0" coveredconditionals="0" methods="1" coveredmethods="1"/>
        <line num="13" count="5" type="stmt"/>
        <line num="21" count="5" type="stmt"/>
        <line num="30" count="5" type="stmt"/>
        <line num="31" count="5" type="stmt"/>
      </file>
      <file name="urlModel.js" path="/Users/apple/url-shortener/src/models/urlModel.js">
        <metrics statements="35" coveredstatements="19" conditionals="18" coveredconditionals="6" methods="10" coveredmethods="6"/>
        <line num="239" count="2" type="stmt"/>
        <line num="245" count="2" type="stmt"/>
        <line num="246" count="2" type="stmt"/>
        <line num="247" count="2" type="stmt"/>
        <line num="249" count="0" type="cond" truecount="0" falsecount="2"/>
        <line num="250" count="0" type="stmt"/>
        <line num="252" count="0" type="stmt"/>
        <line num="253" count="0" type="stmt"/>
        <line num="258" count="4" type="stmt"/>
        <line num="264" count="4" type="stmt"/>
        <line num="265" count="4" type="cond" truecount="2" falsecount="0"/>
        <line num="269" count="70" type="stmt"/>
        <line num="278" count="70" type="stmt"/>
        <line num="279" count="70" type="cond" truecount="2" falsecount="0"/>
        <line num="283" count="0" type="stmt"/>
        <line num="289" count="0" type="stmt"/>
        <line num="290" count="0" type="cond" truecount="0" falsecount="2"/>
        <line num="294" count="0" type="stmt"/>
        <line num="301" count="0" type="stmt"/>
        <line num="302" count="0" type="cond" truecount="0" falsecount="2"/>
        <line num="306" count="5" type="stmt"/>
        <line num="313" count="5" type="stmt"/>
        <line num="314" count="5" type="cond" truecount="1" falsecount="1"/>
        <line num="318" count="0" type="stmt"/>
        <line num="334" count="0" type="stmt"/>
        <line num="335" count="0" type="cond" truecount="0" falsecount="2"/>
        <line num="342" count="0" type="stmt"/>
        <line num="349" count="0" type="stmt"/>
        <line num="350" count="0" type="stmt"/>
        <line num="354" count="2" type="stmt"/>
        <line num="355" count="2" type="stmt"/>
        <line num="356" count="2" type="stmt"/>
        <line num="360" count="7" type="stmt"/>
        <line num="465" count="7" type="stmt"/>
        <line num="466" count="7" type="cond" truecount="1" falsecount="1"/>
      </file>
    </package>
    <package name="src.routes">
      <metrics statements="5" coveredstatements="5" conditionals="0" coveredconditionals="0" methods="0" coveredmethods="0"/>
      <file name="urlRoutes.js" path="/Users/apple/url-shortener/src/routes/urlRoutes.js">
        <metrics statements="5" coveredstatements="5" conditionals="0" coveredconditionals="0" methods="0" coveredmethods="0"/>
        <line num="18" count="7" type="stmt"/>
        <line num="21" count="7" type="stmt"/>
        <line num="24" count="7" type="stmt"/>
        <line num="27" count="7" type="stmt"/>
        <line num="30" count="7" type="stmt"/>
      </file>
    </package>
    <package name="src.services">
      <metrics statements="62" coveredstatements="48" conditionals="62" coveredconditionals="40" methods="11" coveredmethods="8"/>
      <file name="urlService.js" path="/Users/apple/url-shortener/src/services/urlService.js">
        <metrics statements="62" coveredstatements="48" conditionals="62" coveredconditionals="40" methods="11" coveredmethods="8"/>
        <line num="206" count="72" type="cond" truecount="3" falsecount="1"/>
        <line num="207" count="0" type="stmt"/>
        <line num="211" count="72" type="stmt"/>
        <line num="212" count="72" type="cond" truecount="2" falsecount="2"/>
        <line num="213" count="0" type="stmt"/>
        <line num="217" count="72" type="cond" truecount="2" falsecount="0"/>
        <line num="218" count="1" type="cond" truecount="1" falsecount="1"/>
        <line num="219" count="0" type="stmt"/>
        <line num="222" count="1" type="stmt"/>
        <line num="223" count="1" type="cond" truecount="1" falsecount="1"/>
        <line num="224" count="0" type="stmt"/>
        <line num="227" count="1" type="stmt"/>
        <line num="228" count="1" type="cond" truecount="1" falsecount="1"/>
        <line num="230" count="0" type="stmt"/>
        <line num="236" count="0" type="stmt"/>
        <line num="237" count="0" type="stmt"/>
        <line num="241" count="71" type="stmt"/>
        <line num="242" count="71" type="cond" truecount="4" falsecount="0"/>
        <line num="244" count="2" type="stmt"/>
        <line num="245" count="2" type="stmt"/>
        <line num="247" count="2" type="stmt"/>
        <line num="253" count="2" type="stmt"/>
        <line num="254" count="2" type="stmt"/>
        <line num="261" count="8" type="stmt"/>
        <line num="263" count="8" type="stmt"/>
        <line num="265" count="8" type="stmt"/>
        <line num="266" count="8" type="cond" truecount="2" falsecount="0"/>
        <line num="267" count="4" type="stmt"/>
        <line num="268" count="4" type="stmt"/>
        <line num="269" count="4" type="stmt"/>
        <line num="273" count="4" type="stmt"/>
        <line num="274" count="4" type="cond" truecount="2" falsecount="0"/>
        <line num="277" count="3" type="cond" truecount="2" falsecount="2"/>
        <line num="279" count="3" type="stmt"/>
        <line num="282" count="3" type="stmt"/>
        <line num="285" count="3" type="stmt"/>
        <line num="287" count="3" type="stmt"/>
        <line num="289" count="0" type="stmt"/>
        <line num="290" count="0" type="stmt"/>
        <line num="295" count="7" type="stmt"/>
        <line num="297" count="7" type="stmt"/>
        <line num="298" count="7" type="stmt"/>
        <line num="299" count="7" type="cond" truecount="2" falsecount="0"/>
        <line num="300" count="7" type="stmt"/>
        <line num="302" count="5" type="stmt"/>
        <line num="304" count="5" type="stmt"/>
        <line num="314" count="5" type="stmt"/>
        <line num="316" count="0" type="stmt"/>
        <line num="325" count="0" type="stmt"/>
        <line num="326" count="0" type="stmt"/>
        <line num="333" count="5" type="stmt"/>
        <line num="337" count="7" type="stmt"/>
        <line num="338" count="7" type="cond" truecount="1" falsecount="1"/>
        <line num="340" count="7" type="cond" truecount="1" falsecount="1"/>
        <line num="341" count="7" type="cond" truecount="1" falsecount="1"/>
        <line num="342" count="7" type="cond" truecount="1" falsecount="1"/>
        <line num="343" count="7" type="cond" truecount="1" falsecount="1"/>
        <line num="345" count="7" type="stmt"/>
        <line num="349" count="49" type="stmt"/>
        <line num="353" count="0" type="stmt"/>
        <line num="357" count="5" type="stmt"/>
        <line num="361" count="0" type="stmt"/>
      </file>
    </package>
    <package name="src.utils">
      <metrics statements="37" coveredstatements="32" conditionals="21" coveredconditionals="14" methods="11" coveredmethods="8"/>
      <file name="base62.js" path="/Users/apple/url-shortener/src/utils/base62.js">
        <metrics statements="15" coveredstatements="14" conditionals="5" coveredconditionals="3" methods="3" coveredmethods="2"/>
        <line num="2" count="10" type="stmt"/>
        <line num="3" count="10" type="stmt"/>
        <line num="7" count="9" type="cond" truecount="2" falsecount="0"/>
        <line num="8" count="8" type="stmt"/>
        <line num="9" count="8" type="stmt"/>
        <line num="10" count="16" type="stmt"/>
        <line num="11" count="16" type="stmt"/>
        <line num="13" count="8" type="stmt"/>
        <line num="18" count="5" type="stmt"/>
        <line num="19" count="5" type="stmt"/>
        <line num="20" count="11" type="stmt"/>
        <line num="21" count="11" type="cond" truecount="1" falsecount="1"/>
        <line num="22" count="11" type="stmt"/>
        <line num="24" count="5" type="stmt"/>
        <line num="29" count="0" type="stmt"/>
      </file>
      <file name="geo.js" path="/Users/apple/url-shortener/src/utils/geo.js">
        <metrics statements="14" coveredstatements="11" conditionals="7" coveredconditionals="6" methods="6" coveredmethods="5"/>
        <line num="3" count="9" type="stmt"/>
        <line num="7" count="7" type="stmt"/>
        <line num="9" count="7" type="cond" truecount="4" falsecount="1"/>
        <line num="10" count="0" type="stmt"/>
        <line num="13" count="7" type="stmt"/>
        <line num="20" count="7" type="stmt"/>
        <line num="22" count="5" type="stmt"/>
        <line num="23" count="5" type="stmt"/>
        <line num="24" count="5" type="stmt"/>
        <line num="25" count="5" type="stmt"/>
        <line num="26" count="5" type="stmt"/>
        <line num="27" count="5" type="cond" truecount="2" falsecount="0"/>
        <line num="29" count="0" type="stmt"/>
        <line num="33" count="0" type="stmt"/>
      </file>
      <file name="qr.js" path="/Users/apple/url-shortener/src/utils/qr.js">
        <metrics statements="1" coveredstatements="0" conditionals="0" coveredconditionals="0" methods="1" coveredmethods="0"/>
        <line num="5" count="0" type="stmt"/>
      </file>
      <file name="ua.js" path="/Users/apple/url-shortener/src/utils/ua.js">
        <metrics statements="7" coveredstatements="7" conditionals="9" coveredconditionals="5" methods="1" coveredmethods="1"/>
        <line num="4" count="7" type="stmt"/>
        <line num="5" count="7" type="cond" truecount="1" falsecount="1"/>
        <line num="7" count="7" type="stmt"/>
        <line num="8" count="7" type="stmt"/>
        <line num="9" count="7" type="cond" truecount="1" falsecount="1"/>
        <line num="10" count="7" type="cond" truecount="3" falsecount="1"/>
        <line num="12" count="7" type="stmt"/>
      </file>
    </package>
  </project>
</coverage>
