<?xml version="1.0" encoding="UTF-8"?>
<coverage generated="1765287671158" clover="3.2.0">
  <project timestamp="1765287671158" name="All files">
    <metrics statements="425" coveredstatements="217" conditionals="267" coveredconditionals="127" methods="71" coveredmethods="38" elements="763" coveredelements="382" complexity="0" loc="425" ncloc="425" packages="7" files="23" classes="23"/>
    <package name="config">
      <metrics statements="18" coveredstatements="11" conditionals="18" coveredconditionals="10" methods="6" coveredmethods="2"/>
      <file name="database.js" path="/Users/apple/url-shortener/src/config/database.js">
        <metrics statements="9" coveredstatements="6" conditionals="12" coveredconditionals="6" methods="2" coveredmethods="1"/>
        <line num="42" count="10" type="stmt"/>
        <line num="44" count="10" type="stmt"/>
        <line num="46" count="10" type="stmt"/>
        <line num="57" count="10" type="stmt"/>
        <line num="59" count="8" type="cond" truecount="1" falsecount="1"/>
        <line num="60" count="0" type="stmt"/>
        <line num="64" count="10" type="stmt"/>
        <line num="65" count="0" type="stmt"/>
        <line num="66" count="0" type="stmt"/>
      </file>
      <file name="redis.js" path="/Users/apple/url-shortener/src/config/redis.js">
        <metrics statements="9" coveredstatements="5" conditionals="6" coveredconditionals="4" methods="4" coveredmethods="1"/>
        <line num="3" count="10" type="stmt"/>
        <line num="8" count="0" type="cond" truecount="0" falsecount="2"/>
        <line num="9" count="0" type="stmt"/>
        <line num="19" count="10" type="stmt"/>
        <line num="20" count="0" type="stmt"/>
        <line num="21" count="0" type="stmt"/>
        <line num="24" count="10" type="stmt"/>
        <line num="25" count="10" type="stmt"/>
        <line num="27" count="10" type="stmt"/>
      </file>
    </package>
    <package name="controllers">
      <metrics statements="84" coveredstatements="43" conditionals="50" coveredconditionals="24" methods="6" coveredmethods="3"/>
      <file name="analyticsController.js" path="/Users/apple/url-shortener/src/controllers/analyticsController.js">
        <metrics statements="10" coveredstatements="0" conditionals="2" coveredconditionals="0" methods="2" coveredmethods="0"/>
        <line num="5" count="0" type="stmt"/>
        <line num="6" count="0" type="stmt"/>
        <line num="12" count="0" type="stmt"/>
        <line num="19" count="0" type="stmt"/>
        <line num="20" count="0" type="stmt"/>
        <line num="25" count="0" type="stmt"/>
        <line num="26" count="0" type="cond" truecount="0" falsecount="2"/>
        <line num="28" count="0" type="stmt"/>
        <line num="30" count="0" type="stmt"/>
        <line num="35" count="0" type="stmt"/>
      </file>
      <file name="urlController.js" path="/Users/apple/url-shortener/src/controllers/urlController.js">
        <metrics statements="74" coveredstatements="43" conditionals="48" coveredconditionals="24" methods="4" coveredmethods="3"/>
        <line num="186" count="363" type="stmt"/>
        <line num="187" count="363" type="stmt"/>
        <line num="190" count="363" type="cond" truecount="2" falsecount="0"/>
        <line num="191" count="3" type="stmt"/>
        <line num="198" count="360" type="stmt"/>
        <line num="199" count="356" type="cond" truecount="2" falsecount="0"/>
        <line num="200" count="10" type="stmt"/>
        <line num="204" count="356" type="stmt"/>
        <line num="205" count="356" type="stmt"/>
        <line num="207" count="5" type="stmt"/>
        <line num="214" count="351" type="cond" truecount="2" falsecount="0"/>
        <line num="215" count="10" type="stmt"/>
        <line num="216" count="10" type="stmt"/>
        <line num="218" count="7" type="stmt"/>
        <line num="226" count="344" type="cond" truecount="1" falsecount="1"/>
        <line num="227" count="0" type="stmt"/>
        <line num="228" count="0" type="cond" truecount="0" falsecount="4"/>
        <line num="229" count="0" type="stmt"/>
        <line num="237" count="344" type="stmt"/>
        <line num="238" count="344" type="cond" truecount="4" falsecount="0"/>
        <line num="239" count="9" type="cond" truecount="1" falsecount="1"/>
        <line num="240" count="9" type="stmt"/>
        <line num="242" count="9" type="stmt"/>
        <line num="256" count="335" type="stmt"/>
        <line num="262" count="335" type="cond" truecount="1" falsecount="1"/>
        <line num="263" count="335" type="stmt"/>
        <line num="265" count="335" type="stmt"/>
        <line num="277" count="4" type="cond" truecount="1" falsecount="1"/>
        <line num="280" count="4" type="cond" truecount="1" falsecount="1"/>
        <line num="281" count="4" type="stmt"/>
        <line num="287" count="0" type="cond" truecount="0" falsecount="2"/>
        <line num="288" count="0" type="stmt"/>
        <line num="294" count="0" type="cond" truecount="0" falsecount="2"/>
        <line num="295" count="0" type="stmt"/>
        <line num="301" count="0" type="cond" truecount="0" falsecount="2"/>
        <line num="302" count="0" type="stmt"/>
        <line num="308" count="0" type="stmt"/>
        <line num="316" count="10" type="stmt"/>
        <line num="317" count="10" type="stmt"/>
        <line num="320" count="10" type="stmt"/>
        <line num="322" count="10" type="cond" truecount="3" falsecount="1"/>
        <line num="323" count="0" type="stmt"/>
        <line num="329" count="10" type="stmt"/>
        <line num="335" count="10" type="stmt"/>
        <line num="337" count="10" type="cond" truecount="2" falsecount="0"/>
        <line num="338" count="1" type="stmt"/>
        <line num="344" count="9" type="stmt"/>
        <line num="346" count="0" type="stmt"/>
        <line num="347" count="0" type="stmt"/>
        <line num="355" count="7" type="stmt"/>
        <line num="356" count="7" type="stmt"/>
        <line num="359" count="7" type="stmt"/>
        <line num="361" count="7" type="cond" truecount="1" falsecount="1"/>
        <line num="362" count="0" type="stmt"/>
        <line num="368" count="7" type="stmt"/>
        <line num="370" count="7" type="cond" truecount="1" falsecount="1"/>
        <line num="371" count="0" type="stmt"/>
        <line num="377" count="7" type="stmt"/>
        <line num="382" count="0" type="stmt"/>
        <line num="383" count="0" type="stmt"/>
        <line num="391" count="0" type="stmt"/>
        <line num="392" count="0" type="stmt"/>
        <line num="395" count="0" type="stmt"/>
        <line num="397" count="0" type="cond" truecount="0" falsecount="2"/>
        <line num="398" count="0" type="stmt"/>
        <line num="404" count="0" type="stmt"/>
        <line num="405" count="0" type="cond" truecount="0" falsecount="2"/>
        <line num="406" count="0" type="stmt"/>
        <line num="412" count="0" type="cond" truecount="0" falsecount="2"/>
        <line num="413" count="0" type="stmt"/>
        <line num="415" count="0" type="stmt"/>
        <line num="417" count="0" type="stmt"/>
        <line num="423" count="0" type="stmt"/>
        <line num="424" count="0" type="stmt"/>
      </file>
    </package>
    <package name="middleware">
      <metrics statements="107" coveredstatements="15" conditionals="50" coveredconditionals="4" methods="14" coveredmethods="4"/>
      <file name="analytics.js" path="/Users/apple/url-shortener/src/middleware/analytics.js">
        <metrics statements="23" coveredstatements="0" conditionals="19" coveredconditionals="0" methods="3" coveredmethods="0"/>
        <line num="1" count="0" type="stmt"/>
        <line num="2" count="0" type="stmt"/>
        <line num="3" count="0" type="stmt"/>
        <line num="6" count="0" type="stmt"/>
        <line num="7" count="0" type="stmt"/>
        <line num="8" count="0" type="stmt"/>
        <line num="13" count="0" type="stmt"/>
        <line num="17" count="0" type="stmt"/>
        <line num="18" count="0" type="stmt"/>
        <line num="21" count="0" type="cond" truecount="0" falsecount="3"/>
        <line num="25" count="0" type="cond" truecount="0" falsecount="2"/>
        <line num="26" count="0" type="cond" truecount="0" falsecount="2"/>
        <line num="28" count="0" type="stmt"/>
        <line num="29" count="0" type="stmt"/>
        <line num="30" count="0" type="stmt"/>
        <line num="31" count="0" type="cond" truecount="0" falsecount="4"/>
        <line num="33" count="0" type="stmt"/>
        <line num="34" count="0" type="stmt"/>
        <line num="36" count="0" type="cond" truecount="0" falsecount="2"/>
        <line num="40" count="0" type="stmt"/>
        <line num="46" count="0" type="stmt"/>
        <line num="50" count="0" type="stmt"/>
        <line num="53" count="0" type="stmt"/>
      </file>
      <file name="cors.js" path="/Users/apple/url-shortener/src/middleware/cors.js">
        <metrics statements="6" coveredstatements="5" conditionals="4" coveredconditionals="3" methods="1" coveredmethods="1"/>
        <line num="42" count="8" type="stmt"/>
        <line num="49" count="8" type="stmt"/>
        <line num="52" count="384" type="cond" truecount="2" falsecount="0"/>
        <line num="54" count="1" type="cond" truecount="1" falsecount="1"/>
        <line num="55" count="1" type="stmt"/>
        <line num="57" count="0" type="stmt"/>
      </file>
      <file name="httpsRedirect.js" path="/Users/apple/url-shortener/src/middleware/httpsRedirect.js">
        <metrics statements="7" coveredstatements="0" conditionals="7" coveredconditionals="0" methods="1" coveredmethods="0"/>
        <line num="25" count="0" type="cond" truecount="0" falsecount="2"/>
        <line num="26" count="0" type="stmt"/>
        <line num="30" count="0" type="cond" truecount="0" falsecount="3"/>
        <line num="34" count="0" type="cond" truecount="0" falsecount="2"/>
        <line num="35" count="0" type="stmt"/>
        <line num="36" count="0" type="stmt"/>
        <line num="39" count="0" type="stmt"/>
      </file>
      <file name="rateLimit.js" path="/Users/apple/url-shortener/src/middleware/rateLimit.js">
        <metrics statements="6" coveredstatements="0" conditionals="0" coveredconditionals="0" methods="2" coveredmethods="0"/>
        <line num="3" count="0" type="stmt"/>
        <line num="4" count="0" type="stmt"/>
        <line num="15" count="0" type="stmt"/>
        <line num="24" count="0" type="stmt"/>
        <line num="25" count="0" type="stmt"/>
        <line num="26" count="0" type="stmt"/>
      </file>
      <file name="rateLimiter.js" path="/Users/apple/url-shortener/src/middleware/rateLimiter.js">
        <metrics statements="20" coveredstatements="0" conditionals="7" coveredconditionals="0" methods="1" coveredmethods="0"/>
        <line num="3" count="0" type="stmt"/>
        <line num="4" count="0" type="stmt"/>
        <line num="6" count="0" type="stmt"/>
        <line num="7" count="0" type="cond" truecount="0" falsecount="3"/>
        <line num="8" count="0" type="stmt"/>
        <line num="10" count="0" type="stmt"/>
        <line num="11" count="0" type="stmt"/>
        <line num="13" count="0" type="cond" truecount="0" falsecount="2"/>
        <line num="14" count="0" type="stmt"/>
        <line num="17" count="0" type="stmt"/>
        <line num="18" count="0" type="stmt"/>
        <line num="20" count="0" type="stmt"/>
        <line num="21" count="0" type="stmt"/>
        <line num="22" count="0" type="stmt"/>
        <line num="24" count="0" type="cond" truecount="0" falsecount="2"/>
        <line num="25" count="0" type="stmt"/>
        <line num="27" count="0" type="stmt"/>
        <line num="34" count="0" type="stmt"/>
        <line num="36" count="0" type="stmt"/>
        <line num="37" count="0" type="stmt"/>
      </file>
      <file name="redisRateLimit.js" path="/Users/apple/url-shortener/src/middleware/redisRateLimit.js">
        <metrics statements="34" coveredstatements="0" conditionals="11" coveredconditionals="0" methods="3" coveredmethods="0"/>
        <line num="3" count="0" type="stmt"/>
        <line num="4" count="0" type="stmt"/>
        <line num="5" count="0" type="stmt"/>
        <line num="9" count="0" type="stmt"/>
        <line num="10" count="0" type="stmt"/>
        <line num="11" count="0" type="stmt"/>
        <line num="12" count="0" type="stmt"/>
        <line num="13" count="0" type="stmt"/>
        <line num="17" count="0" type="stmt"/>
        <line num="19" count="0" type="stmt"/>
        <line num="24" count="0" type="cond" truecount="0" falsecount="2"/>
        <line num="25" count="0" type="cond" truecount="0" falsecount="2"/>
        <line num="27" count="0" type="stmt"/>
        <line num="28" count="0" type="stmt"/>
        <line num="29" count="0" type="stmt"/>
        <line num="31" count="0" type="cond" truecount="0" falsecount="2"/>
        <line num="32" count="0" type="stmt"/>
        <line num="35" count="0" type="stmt"/>
        <line num="40" count="0" type="stmt"/>
        <line num="46" count="0" type="stmt"/>
        <line num="47" count="0" type="stmt"/>
        <line num="57" count="0" type="stmt"/>
        <line num="58" count="0" type="cond" truecount="0" falsecount="3"/>
        <line num="59" count="0" type="stmt"/>
        <line num="61" count="0" type="stmt"/>
        <line num="62" count="0" type="stmt"/>
        <line num="63" count="0" type="stmt"/>
        <line num="65" count="0" type="stmt"/>
        <line num="71" count="0" type="cond" truecount="0" falsecount="2"/>
        <line num="72" count="0" type="stmt"/>
        <line num="73" count="0" type="stmt"/>
        <line num="80" count="0" type="stmt"/>
        <line num="82" count="0" type="stmt"/>
        <line num="83" count="0" type="stmt"/>
      </file>
      <file name="security.js" path="/Users/apple/url-shortener/src/middleware/security.js">
        <metrics statements="11" coveredstatements="10" conditionals="2" coveredconditionals="1" methods="3" coveredmethods="3"/>
        <line num="89" count="8" type="stmt"/>
        <line num="106" count="8" type="stmt"/>
        <line num="112" count="8" type="stmt"/>
        <line num="115" count="153" type="stmt"/>
        <line num="120" count="8" type="stmt"/>
        <line num="131" count="387" type="stmt"/>
        <line num="136" count="8" type="stmt"/>
        <line num="138" count="387" type="cond" truecount="1" falsecount="1"/>
        <line num="139" count="0" type="stmt"/>
        <line num="141" count="387" type="stmt"/>
        <line num="147" count="8" type="stmt"/>
      </file>
    </package>
    <package name="models">
      <metrics statements="39" coveredstatements="23" conditionals="18" coveredconditionals="6" methods="11" coveredmethods="7"/>
      <file name="clickModel.js" path="/Users/apple/url-shortener/src/models/clickModel.js">
        <metrics statements="4" coveredstatements="4" conditionals="0" coveredconditionals="0" methods="1" coveredmethods="1"/>
        <line num="13" count="3" type="stmt"/>
        <line num="21" count="3" type="stmt"/>
        <line num="30" count="3" type="stmt"/>
        <line num="31" count="3" type="stmt"/>
      </file>
      <file name="urlModel.js" path="/Users/apple/url-shortener/src/models/urlModel.js">
        <metrics statements="35" coveredstatements="19" conditionals="18" coveredconditionals="6" methods="10" coveredmethods="6"/>
        <line num="239" count="335" type="stmt"/>
        <line num="245" count="335" type="stmt"/>
        <line num="246" count="335" type="stmt"/>
        <line num="247" count="335" type="stmt"/>
        <line num="249" count="0" type="cond" truecount="0" falsecount="2"/>
        <line num="250" count="0" type="stmt"/>
        <line num="252" count="0" type="stmt"/>
        <line num="253" count="0" type="stmt"/>
        <line num="258" count="2" type="stmt"/>
        <line num="264" count="2" type="stmt"/>
        <line num="265" count="2" type="cond" truecount="2" falsecount="0"/>
        <line num="269" count="679" type="stmt"/>
        <line num="278" count="679" type="stmt"/>
        <line num="279" count="679" type="cond" truecount="2" falsecount="0"/>
        <line num="283" count="0" type="stmt"/>
        <line num="289" count="0" type="stmt"/>
        <line num="290" count="0" type="cond" truecount="0" falsecount="2"/>
        <line num="294" count="0" type="stmt"/>
        <line num="301" count="0" type="stmt"/>
        <line num="302" count="0" type="cond" truecount="0" falsecount="2"/>
        <line num="306" count="3" type="stmt"/>
        <line num="313" count="3" type="stmt"/>
        <line num="314" count="3" type="cond" truecount="1" falsecount="1"/>
        <line num="318" count="0" type="stmt"/>
        <line num="334" count="0" type="stmt"/>
        <line num="335" count="0" type="cond" truecount="0" falsecount="2"/>
        <line num="342" count="0" type="stmt"/>
        <line num="349" count="0" type="stmt"/>
        <line num="350" count="0" type="stmt"/>
        <line num="354" count="335" type="stmt"/>
        <line num="355" count="335" type="stmt"/>
        <line num="356" count="335" type="stmt"/>
        <line num="360" count="343" type="stmt"/>
        <line num="465" count="343" type="stmt"/>
        <line num="466" count="343" type="cond" truecount="1" falsecount="1"/>
      </file>
    </package>
    <package name="routes">
      <metrics statements="8" coveredstatements="5" conditionals="0" coveredconditionals="0" methods="0" coveredmethods="0"/>
      <file name="analyticsRoutes.js" path="/Users/apple/url-shortener/src/routes/analyticsRoutes.js">
        <metrics statements="3" coveredstatements="0" conditionals="0" coveredconditionals="0" methods="0" coveredmethods="0"/>
        <line num="4" count="0" type="stmt"/>
        <line num="7" count="0" type="stmt"/>
        <line num="10" count="0" type="stmt"/>
      </file>
      <file name="urlRoutes.js" path="/Users/apple/url-shortener/src/routes/urlRoutes.js">
        <metrics statements="5" coveredstatements="5" conditionals="0" coveredconditionals="0" methods="0" coveredmethods="0"/>
        <line num="18" count="8" type="stmt"/>
        <line num="21" count="8" type="stmt"/>
        <line num="24" count="8" type="stmt"/>
        <line num="27" count="8" type="stmt"/>
        <line num="30" count="8" type="stmt"/>
      </file>
    </package>
    <package name="services">
      <metrics statements="95" coveredstatements="55" conditionals="80" coveredconditionals="46" methods="19" coveredmethods="10"/>
      <file name="analyticsService.js" path="/Users/apple/url-shortener/src/services/analyticsService.js">
        <metrics statements="8" coveredstatements="0" conditionals="3" coveredconditionals="0" methods="3" coveredmethods="0"/>
        <line num="6" count="0" type="stmt"/>
        <line num="22" count="0" type="stmt"/>
        <line num="23" count="0" type="stmt"/>
        <line num="27" count="0" type="stmt"/>
        <line num="32" count="0" type="stmt"/>
        <line num="41" count="0" type="stmt"/>
        <line num="52" count="0" type="stmt"/>
        <line num="53" count="0" type="stmt"/>
      </file>
      <file name="bulkService.js" path="/Users/apple/url-shortener/src/services/bulkService.js">
        <metrics statements="12" coveredstatements="0" conditionals="3" coveredconditionals="0" methods="3" coveredmethods="0"/>
        <line num="5" count="0" type="stmt"/>
        <line num="7" count="0" type="stmt"/>
        <line num="8" count="0" type="stmt"/>
        <line num="9" count="0" type="stmt"/>
        <line num="10" count="0" type="stmt"/>
        <line num="11" count="0" type="stmt"/>
        <line num="17" count="0" type="stmt"/>
        <line num="25" count="0" type="stmt"/>
        <line num="26" count="0" type="stmt"/>
        <line num="29" count="0" type="cond" truecount="0" falsecount="2"/>
        <line num="30" count="0" type="stmt"/>
        <line num="34" count="0" type="stmt"/>
      </file>
      <file name="urlService.js" path="/Users/apple/url-shortener/src/services/urlService.js">
        <metrics statements="75" coveredstatements="55" conditionals="74" coveredconditionals="46" methods="13" coveredmethods="10"/>
        <line num="254" count="337" type="cond" truecount="3" falsecount="1"/>
        <line num="255" count="0" type="stmt"/>
        <line num="259" count="337" type="stmt"/>
        <line num="260" count="337" type="cond" truecount="2" falsecount="2"/>
        <line num="261" count="0" type="stmt"/>
        <line num="265" count="337" type="cond" truecount="2" falsecount="0"/>
        <line num="266" count="1" type="cond" truecount="1" falsecount="1"/>
        <line num="267" count="0" type="stmt"/>
        <line num="270" count="1" type="stmt"/>
        <line num="271" count="1" type="cond" truecount="1" falsecount="1"/>
        <line num="272" count="0" type="stmt"/>
        <line num="275" count="1" type="stmt"/>
        <line num="276" count="1" type="cond" truecount="1" falsecount="1"/>
        <line num="278" count="0" type="stmt"/>
        <line num="285" count="0" type="stmt"/>
        <line num="286" count="0" type="stmt"/>
        <line num="290" count="336" type="stmt"/>
        <line num="291" count="336" type="cond" truecount="4" falsecount="0"/>
        <line num="293" count="335" type="stmt"/>
        <line num="294" count="335" type="stmt"/>
        <line num="296" count="335" type="stmt"/>
        <line num="303" count="335" type="stmt"/>
        <line num="304" count="335" type="stmt"/>
        <line num="311" count="10" type="stmt"/>
        <line num="313" count="10" type="stmt"/>
        <line num="315" count="10" type="stmt"/>
        <line num="316" count="10" type="cond" truecount="2" falsecount="0"/>
        <line num="318" count="8" type="cond" truecount="1" falsecount="1"/>
        <line num="319" count="0" type="stmt"/>
        <line num="321" count="8" type="stmt"/>
        <line num="322" count="8" type="stmt"/>
        <line num="326" count="2" type="stmt"/>
        <line num="327" count="2" type="cond" truecount="2" falsecount="0"/>
        <line num="330" count="1" type="cond" truecount="2" falsecount="2"/>
        <line num="332" count="1" type="stmt"/>
        <line num="335" count="1" type="stmt"/>
        <line num="338" count="1" type="stmt"/>
        <line num="340" count="1" type="stmt"/>
        <line num="342" count="0" type="stmt"/>
        <line num="343" count="0" type="stmt"/>
        <line num="353" count="9" type="cond" truecount="1" falsecount="1"/>
        <line num="354" count="0" type="stmt"/>
        <line num="358" count="9" type="stmt"/>
        <line num="359" count="9" type="stmt"/>
        <line num="360" count="9" type="cond" truecount="2" falsecount="0"/>
        <line num="361" count="9" type="stmt"/>
        <line num="364" count="3" type="cond" truecount="1" falsecount="1"/>
        <line num="365" count="0" type="stmt"/>
        <line num="368" count="3" type="stmt"/>
        <line num="378" count="3" type="stmt"/>
        <line num="380" count="0" type="stmt"/>
        <line num="390" count="0" type="stmt"/>
        <line num="393" count="0" type="cond" truecount="0" falsecount="2"/>
        <line num="394" count="0" type="stmt"/>
        <line num="402" count="5" type="stmt"/>
        <line num="409" count="336" type="stmt"/>
        <line num="410" count="336" type="cond" truecount="2" falsecount="0"/>
        <line num="419" count="336" type="stmt"/>
        <line num="421" count="336" type="stmt"/>
        <line num="422" count="336" type="stmt"/>
        <line num="423" count="336" type="cond" truecount="1" falsecount="1"/>
        <line num="424" count="0" type="stmt"/>
        <line num="428" count="0" type="stmt"/>
        <line num="431" count="336" type="stmt"/>
        <line num="438" count="7" type="stmt"/>
        <line num="439" count="7" type="cond" truecount="1" falsecount="1"/>
        <line num="441" count="7" type="cond" truecount="1" falsecount="1"/>
        <line num="442" count="7" type="cond" truecount="1" falsecount="1"/>
        <line num="443" count="7" type="cond" truecount="1" falsecount="1"/>
        <line num="444" count="7" type="cond" truecount="1" falsecount="1"/>
        <line num="446" count="7" type="stmt"/>
        <line num="450" count="49" type="stmt"/>
        <line num="454" count="0" type="stmt"/>
        <line num="458" count="1" type="stmt"/>
        <line num="462" count="0" type="stmt"/>
      </file>
    </package>
    <package name="utils">
      <metrics statements="74" coveredstatements="65" conditionals="51" coveredconditionals="37" methods="15" coveredmethods="12"/>
      <file name="base62.js" path="/Users/apple/url-shortener/src/utils/base62.js">
        <metrics statements="15" coveredstatements="14" conditionals="5" coveredconditionals="3" methods="3" coveredmethods="2"/>
        <line num="2" count="11" type="stmt"/>
        <line num="3" count="11" type="stmt"/>
        <line num="7" count="342" type="cond" truecount="2" falsecount="0"/>
        <line num="8" count="341" type="stmt"/>
        <line num="9" count="341" type="stmt"/>
        <line num="10" count="1017" type="stmt"/>
        <line num="11" count="1017" type="stmt"/>
        <line num="13" count="341" type="stmt"/>
        <line num="18" count="5" type="stmt"/>
        <line num="19" count="5" type="stmt"/>
        <line num="20" count="11" type="stmt"/>
        <line num="21" count="11" type="cond" truecount="1" falsecount="1"/>
        <line num="22" count="11" type="stmt"/>
        <line num="24" count="5" type="stmt"/>
        <line num="29" count="0" type="stmt"/>
      </file>
      <file name="geo.js" path="/Users/apple/url-shortener/src/utils/geo.js">
        <metrics statements="14" coveredstatements="12" conditionals="7" coveredconditionals="6" methods="6" coveredmethods="5"/>
        <line num="3" count="10" type="stmt"/>
        <line num="7" count="9" type="stmt"/>
        <line num="9" count="9" type="cond" truecount="4" falsecount="1"/>
        <line num="10" count="0" type="stmt"/>
        <line num="13" count="9" type="stmt"/>
        <line num="20" count="9" type="stmt"/>
        <line num="22" count="3" type="stmt"/>
        <line num="23" count="3" type="stmt"/>
        <line num="24" count="3" type="stmt"/>
        <line num="25" count="3" type="stmt"/>
        <line num="26" count="3" type="stmt"/>
        <line num="27" count="2" type="cond" truecount="2" falsecount="0"/>
        <line num="29" count="1" type="stmt"/>
        <line num="33" count="0" type="stmt"/>
      </file>
      <file name="qr.js" path="/Users/apple/url-shortener/src/utils/qr.js">
        <metrics statements="1" coveredstatements="0" conditionals="0" coveredconditionals="0" methods="1" coveredmethods="0"/>
        <line num="5" count="0" type="stmt"/>
      </file>
      <file name="ua.js" path="/Users/apple/url-shortener/src/utils/ua.js">
        <metrics statements="7" coveredstatements="7" conditionals="9" coveredconditionals="5" methods="1" coveredmethods="1"/>
        <line num="4" count="9" type="stmt"/>
        <line num="5" count="9" type="cond" truecount="1" falsecount="1"/>
        <line num="7" count="9" type="stmt"/>
        <line num="8" count="9" type="stmt"/>
        <line num="9" count="9" type="cond" truecount="1" falsecount="1"/>
        <line num="10" count="9" type="cond" truecount="3" falsecount="1"/>
        <line num="12" count="9" type="stmt"/>
      </file>
      <file name="urlValidation.js" path="/Users/apple/url-shortener/src/utils/urlValidation.js">
        <metrics statements="37" coveredstatements="32" conditionals="30" coveredconditionals="23" methods="4" coveredmethods="4"/>
        <line num="113" count="8" type="stmt"/>
        <line num="120" count="8" type="stmt"/>
        <line num="124" count="387" type="cond" truecount="3" falsecount="1"/>
        <line num="127" count="387" type="stmt"/>
        <line num="130" count="387" type="stmt"/>
        <line num="142" count="387" type="stmt"/>
        <line num="143" count="3471" type="cond" truecount="2" falsecount="0"/>
        <line num="144" count="4" type="stmt"/>
        <line num="150" count="383" type="stmt"/>
        <line num="154" count="356" type="cond" truecount="3" falsecount="1"/>
        <line num="155" count="0" type="stmt"/>
        <line num="158" count="356" type="cond" truecount="1" falsecount="1"/>
        <line num="159" count="0" type="stmt"/>
        <line num="162" count="356" type="cond" truecount="1" falsecount="1"/>
        <line num="163" count="0" type="stmt"/>
        <line num="167" count="356" type="stmt"/>
        <line num="168" count="356" type="stmt"/>
        <line num="170" count="356" type="stmt"/>
        <line num="171" count="1418" type="cond" truecount="2" falsecount="0"/>
        <line num="172" count="3" type="stmt"/>
        <line num="177" count="353" type="stmt"/>
        <line num="178" count="353" type="stmt"/>
        <line num="181" count="351" type="cond" truecount="1" falsecount="1"/>
        <line num="182" count="0" type="stmt"/>
        <line num="185" count="351" type="stmt"/>
        <line num="187" count="2" type="stmt"/>
        <line num="192" count="10" type="cond" truecount="1" falsecount="1"/>
        <line num="194" count="10" type="cond" truecount="1" falsecount="1"/>
        <line num="195" count="0" type="stmt"/>
        <line num="198" count="10" type="stmt"/>
        <line num="200" count="10" type="cond" truecount="4" falsecount="0"/>
        <line num="201" count="1" type="stmt"/>
        <line num="205" count="9" type="cond" truecount="2" falsecount="0"/>
        <line num="206" count="1" type="stmt"/>
        <line num="210" count="8" type="cond" truecount="2" falsecount="0"/>
        <line num="211" count="5" type="stmt"/>
        <line num="214" count="3" type="stmt"/>
      </file>
    </package>
  </project>
</coverage>
