{"/Users/apple/url-shortener/src/config/database.js": {"path":"/Users/apple/url-shortener/src/config/database.js","statementMap":{"0":{"start":{"line":42,"column":0},"end":{"line":42,"column":16}},"1":{"start":{"line":44,"column":17},"end":{"line":44,"column":19}},"2":{"start":{"line":46,"column":13},"end":{"line":55,"column":2}},"3":{"start":{"line":57,"column":0},"end":{"line":62,"column":3}},"4":{"start":{"line":59,"column":2},"end":{"line":61,"column":3}},"5":{"start":{"line":60,"column":4},"end":{"line":60,"column":54}},"6":{"start":{"line":64,"column":0},"end":{"line":67,"column":3}},"7":{"start":{"line":65,"column":2},"end":{"line":65,"column":55}},"8":{"start":{"line":66,"column":2},"end":{"line":66,"column":19}}},"fnMap":{"0":{"name":"(anonymous_0)","decl":{"start":{"line":57,"column":19},"end":{"line":57,"column":20}},"loc":{"start":{"line":57,"column":25},"end":{"line":62,"column":1}},"line":57},"1":{"name":"(anonymous_1)","decl":{"start":{"line":64,"column":17},"end":{"line":64,"column":18}},"loc":{"start":{"line":64,"column":26},"end":{"line":67,"column":1}},"line":64}},"branchMap":{"0":{"loc":{"start":{"line":47,"column":8},"end":{"line":47,"column":42}},"type":"binary-expr","locations":[{"start":{"line":47,"column":8},"end":{"line":47,"column":27}},{"start":{"line":47,"column":31},"end":{"line":47,"column":42}}],"line":47},"1":{"loc":{"start":{"line":48,"column":8},"end":{"line":48,"column":35}},"type":"binary-expr","locations":[{"start":{"line":48,"column":8},"end":{"line":48,"column":27}},{"start":{"line":48,"column":31},"end":{"line":48,"column":35}}],"line":48},"2":{"loc":{"start":{"line":49,"column":12},"end":{"line":49,"column":50}},"type":"binary-expr","locations":[{"start":{"line":49,"column":12},"end":{"line":49,"column":31}},{"start":{"line":49,"column":35},"end":{"line":49,"column":50}}],"line":49},"3":{"loc":{"start":{"line":50,"column":8},"end":{"line":50,"column":41}},"type":"binary-expr","locations":[{"start":{"line":50,"column":8},"end":{"line":50,"column":27}},{"start":{"line":50,"column":31},"end":{"line":50,"column":41}}],"line":50},"4":{"loc":{"start":{"line":51,"column":12},"end":{"line":51,"column":41}},"type":"binary-expr","locations":[{"start":{"line":51,"column":12},"end":{"line":51,"column":35}},{"start":{"line":51,"column":39},"end":{"line":51,"column":41}}],"line":51},"5":{"loc":{"start":{"line":59,"column":2},"end":{"line":61,"column":3}},"type":"if","locations":[{"start":{"line":59,"column":2},"end":{"line":61,"column":3}},{"start":{},"end":{}}],"line":59}},"s":{"0":10,"1":10,"2":10,"3":10,"4":8,"5":0,"6":10,"7":0,"8":0},"f":{"0":8,"1":0},"b":{"0":[10,0],"1":[10,0],"2":[10,0],"3":[10,0],"4":[10,0],"5":[0,8]},"inputSourceMap":null,"_coverageSchema":"1a1c01bbd47fc00a2c39e90264f33305004495a9","hash":"8e5152c957f3eb10442e9152fef2b10c9eb9a6b3"}
,"/Users/apple/url-shortener/src/config/redis.js": {"path":"/Users/apple/url-shortener/src/config/redis.js","statementMap":{"0":{"start":{"line":3,"column":20},"end":{"line":16,"column":2}},"1":{"start":{"line":8,"column":6},"end":{"line":8,"column":64}},"2":{"start":{"line":8,"column":24},"end":{"line":8,"column":64}},"3":{"start":{"line":9,"column":6},"end":{"line":9,"column":43}},"4":{"start":{"line":19,"column":0},"end":{"line":22,"column":3}},"5":{"start":{"line":20,"column":2},"end":{"line":20,"column":27}},"6":{"start":{"line":21,"column":2},"end":{"line":21,"column":18}},"7":{"start":{"line":24,"column":0},"end":{"line":24,"column":69}},"8":{"start":{"line":24,"column":32},"end":{"line":24,"column":67}},"9":{"start":{"line":25,"column":0},"end":{"line":25,"column":71}},"10":{"start":{"line":25,"column":33},"end":{"line":25,"column":69}},"11":{"start":{"line":27,"column":0},"end":{"line":27,"column":28}}},"fnMap":{"0":{"name":"(anonymous_0)","decl":{"start":{"line":7,"column":23},"end":{"line":7,"column":24}},"loc":{"start":{"line":7,"column":36},"end":{"line":10,"column":5}},"line":7},"1":{"name":"(anonymous_1)","decl":{"start":{"line":19,"column":21},"end":{"line":19,"column":22}},"loc":{"start":{"line":19,"column":33},"end":{"line":22,"column":1}},"line":19},"2":{"name":"(anonymous_2)","decl":{"start":{"line":24,"column":26},"end":{"line":24,"column":27}},"loc":{"start":{"line":24,"column":32},"end":{"line":24,"column":67}},"line":24},"3":{"name":"(anonymous_3)","decl":{"start":{"line":25,"column":24},"end":{"line":25,"column":25}},"loc":{"start":{"line":25,"column":33},"end":{"line":25,"column":69}},"line":25}},"branchMap":{"0":{"loc":{"start":{"line":4,"column":18},"end":{"line":4,"column":55}},"type":"binary-expr","locations":[{"start":{"line":4,"column":18},"end":{"line":4,"column":40}},{"start":{"line":4,"column":44},"end":{"line":4,"column":55}}],"line":4},"1":{"loc":{"start":{"line":4,"column":59},"end":{"line":4,"column":89}},"type":"binary-expr","locations":[{"start":{"line":4,"column":59},"end":{"line":4,"column":81}},{"start":{"line":4,"column":85},"end":{"line":4,"column":89}}],"line":4},"2":{"loc":{"start":{"line":8,"column":6},"end":{"line":8,"column":64}},"type":"if","locations":[{"start":{"line":8,"column":6},"end":{"line":8,"column":64}},{"start":{},"end":{}}],"line":8}},"s":{"0":10,"1":0,"2":0,"3":0,"4":10,"5":0,"6":0,"7":10,"8":10,"9":10,"10":0,"11":10},"f":{"0":0,"1":0,"2":10,"3":0},"b":{"0":[10,1],"1":[10,1],"2":[0,0]},"inputSourceMap":null,"_coverageSchema":"1a1c01bbd47fc00a2c39e90264f33305004495a9","hash":"3db0d9fde92982b940163b9d396387ebb85b4779"}
,"/Users/apple/url-shortener/src/controllers/analyticsController.js": {"path":"/Users/apple/url-shortener/src/controllers/analyticsController.js","statementMap":{"0":{"start":{"line":5,"column":4},"end":{"line":21,"column":5}},"1":{"start":{"line":6,"column":44},"end":{"line":10,"column":8}},"2":{"start":{"line":12,"column":6},"end":{"line":17,"column":9}},"3":{"start":{"line":19,"column":6},"end":{"line":19,"column":47}},"4":{"start":{"line":20,"column":6},"end":{"line":20,"column":52}},"5":{"start":{"line":25,"column":4},"end":{"line":39,"column":5}},"6":{"start":{"line":26,"column":40},"end":{"line":26,"column":49}},"7":{"start":{"line":28,"column":20},"end":{"line":28,"column":86}},"8":{"start":{"line":30,"column":6},"end":{"line":33,"column":9}},"9":{"start":{"line":35,"column":6},"end":{"line":38,"column":9}}},"fnMap":{"0":{"name":"(anonymous_0)","decl":{"start":{"line":4,"column":2},"end":{"line":4,"column":3}},"loc":{"start":{"line":4,"column":31},"end":{"line":22,"column":3}},"line":4},"1":{"name":"(anonymous_1)","decl":{"start":{"line":24,"column":2},"end":{"line":24,"column":3}},"loc":{"start":{"line":24,"column":30},"end":{"line":40,"column":3}},"line":24}},"branchMap":{"0":{"loc":{"start":{"line":26,"column":14},"end":{"line":26,"column":24}},"type":"default-arg","locations":[{"start":{"line":26,"column":22},"end":{"line":26,"column":24}}],"line":26},"1":{"loc":{"start":{"line":26,"column":26},"end":{"line":26,"column":35}},"type":"default-arg","locations":[{"start":{"line":26,"column":33},"end":{"line":26,"column":35}}],"line":26}},"s":{"0":0,"1":0,"2":0,"3":0,"4":0,"5":0,"6":0,"7":0,"8":0,"9":0},"f":{"0":0,"1":0},"b":{"0":[0],"1":[0]},"inputSourceMap":null}
,"/Users/apple/url-shortener/src/controllers/urlController.js": {"path":"/Users/apple/url-shortener/src/controllers/urlController.js","statementMap":{"0":{"start":{"line":186,"column":4},"end":{"line":312,"column":5}},"1":{"start":{"line":187,"column":42},"end":{"line":187,"column":50}},"2":{"start":{"line":190,"column":6},"end":{"line":195,"column":7}},"3":{"start":{"line":191,"column":8},"end":{"line":194,"column":11}},"4":{"start":{"line":198,"column":6},"end":{"line":198,"column":31}},"5":{"start":{"line":199,"column":6},"end":{"line":201,"column":7}},"6":{"start":{"line":200,"column":8},"end":{"line":200,"column":47}},"7":{"start":{"line":204,"column":6},"end":{"line":211,"column":7}},"8":{"start":{"line":205,"column":8},"end":{"line":205,"column":25}},"9":{"start":{"line":207,"column":8},"end":{"line":210,"column":11}},"10":{"start":{"line":214,"column":6},"end":{"line":223,"column":7}},"11":{"start":{"line":215,"column":8},"end":{"line":222,"column":9}},"12":{"start":{"line":216,"column":10},"end":{"line":216,"column":41}},"13":{"start":{"line":218,"column":10},"end":{"line":221,"column":13}},"14":{"start":{"line":226,"column":6},"end":{"line":234,"column":7}},"15":{"start":{"line":227,"column":20},"end":{"line":227,"column":40}},"16":{"start":{"line":228,"column":8},"end":{"line":233,"column":9}},"17":{"start":{"line":229,"column":10},"end":{"line":232,"column":13}},"18":{"start":{"line":237,"column":26},"end":{"line":237,"column":63}},"19":{"start":{"line":238,"column":6},"end":{"line":253,"column":7}},"20":{"start":{"line":239,"column":24},"end":{"line":239,"column":86}},"21":{"start":{"line":240,"column":25},"end":{"line":240,"column":63}},"22":{"start":{"line":242,"column":8},"end":{"line":252,"column":11}},"23":{"start":{"line":256,"column":21},"end":{"line":260,"column":8}},"24":{"start":{"line":262,"column":22},"end":{"line":262,"column":84}},"25":{"start":{"line":263,"column":23},"end":{"line":263,"column":56}},"26":{"start":{"line":265,"column":6},"end":{"line":274,"column":9}},"27":{"start":{"line":277,"column":6},"end":{"line":277,"column":86}},"28":{"start":{"line":277,"column":43},"end":{"line":277,"column":86}},"29":{"start":{"line":280,"column":6},"end":{"line":285,"column":7}},"30":{"start":{"line":281,"column":8},"end":{"line":284,"column":11}},"31":{"start":{"line":287,"column":6},"end":{"line":292,"column":7}},"32":{"start":{"line":288,"column":8},"end":{"line":291,"column":11}},"33":{"start":{"line":294,"column":6},"end":{"line":299,"column":7}},"34":{"start":{"line":295,"column":8},"end":{"line":298,"column":11}},"35":{"start":{"line":301,"column":6},"end":{"line":306,"column":7}},"36":{"start":{"line":302,"column":8},"end":{"line":305,"column":11}},"37":{"start":{"line":308,"column":6},"end":{"line":311,"column":9}},"38":{"start":{"line":316,"column":4},"end":{"line":351,"column":5}},"39":{"start":{"line":317,"column":28},"end":{"line":317,"column":38}},"40":{"start":{"line":320,"column":28},"end":{"line":320,"column":52}},"41":{"start":{"line":322,"column":6},"end":{"line":327,"column":7}},"42":{"start":{"line":323,"column":8},"end":{"line":326,"column":11}},"43":{"start":{"line":329,"column":19},"end":{"line":333,"column":7}},"44":{"start":{"line":335,"column":26},"end":{"line":335,"column":78}},"45":{"start":{"line":337,"column":6},"end":{"line":342,"column":7}},"46":{"start":{"line":338,"column":8},"end":{"line":341,"column":11}},"47":{"start":{"line":344,"column":6},"end":{"line":344,"column":37}},"48":{"start":{"line":346,"column":6},"end":{"line":346,"column":46}},"49":{"start":{"line":347,"column":6},"end":{"line":350,"column":9}},"50":{"start":{"line":355,"column":4},"end":{"line":387,"column":5}},"51":{"start":{"line":356,"column":28},"end":{"line":356,"column":38}},"52":{"start":{"line":359,"column":28},"end":{"line":359,"column":52}},"53":{"start":{"line":361,"column":6},"end":{"line":366,"column":7}},"54":{"start":{"line":362,"column":8},"end":{"line":365,"column":11}},"55":{"start":{"line":368,"column":20},"end":{"line":368,"column":63}},"56":{"start":{"line":370,"column":6},"end":{"line":375,"column":7}},"57":{"start":{"line":371,"column":8},"end":{"line":374,"column":11}},"58":{"start":{"line":377,"column":6},"end":{"line":380,"column":9}},"59":{"start":{"line":382,"column":6},"end":{"line":382,"column":47}},"60":{"start":{"line":383,"column":6},"end":{"line":386,"column":9}},"61":{"start":{"line":391,"column":4},"end":{"line":428,"column":5}},"62":{"start":{"line":392,"column":28},"end":{"line":392,"column":38}},"63":{"start":{"line":395,"column":28},"end":{"line":395,"column":52}},"64":{"start":{"line":397,"column":6},"end":{"line":402,"column":7}},"65":{"start":{"line":398,"column":8},"end":{"line":401,"column":11}},"66":{"start":{"line":404,"column":24},"end":{"line":404,"column":69}},"67":{"start":{"line":405,"column":6},"end":{"line":410,"column":7}},"68":{"start":{"line":406,"column":8},"end":{"line":409,"column":11}},"69":{"start":{"line":412,"column":22},"end":{"line":412,"column":84}},"70":{"start":{"line":413,"column":24},"end":{"line":413,"column":53}},"71":{"start":{"line":415,"column":22},"end":{"line":415,"column":56}},"72":{"start":{"line":417,"column":6},"end":{"line":421,"column":9}},"73":{"start":{"line":423,"column":6},"end":{"line":423,"column":45}},"74":{"start":{"line":424,"column":6},"end":{"line":427,"column":9}}},"fnMap":{"0":{"name":"(anonymous_0)","decl":{"start":{"line":185,"column":2},"end":{"line":185,"column":3}},"loc":{"start":{"line":185,"column":29},"end":{"line":313,"column":3}},"line":185},"1":{"name":"(anonymous_1)","decl":{"start":{"line":315,"column":2},"end":{"line":315,"column":3}},"loc":{"start":{"line":315,"column":30},"end":{"line":352,"column":3}},"line":315},"2":{"name":"(anonymous_2)","decl":{"start":{"line":354,"column":2},"end":{"line":354,"column":3}},"loc":{"start":{"line":354,"column":27},"end":{"line":388,"column":3}},"line":354},"3":{"name":"(anonymous_3)","decl":{"start":{"line":390,"column":2},"end":{"line":390,"column":3}},"loc":{"start":{"line":390,"column":24},"end":{"line":429,"column":3}},"line":390}},"branchMap":{"0":{"loc":{"start":{"line":190,"column":6},"end":{"line":195,"column":7}},"type":"if","locations":[{"start":{"line":190,"column":6},"end":{"line":195,"column":7}},{"start":{},"end":{}}],"line":190},"1":{"loc":{"start":{"line":199,"column":6},"end":{"line":201,"column":7}},"type":"if","locations":[{"start":{"line":199,"column":6},"end":{"line":201,"column":7}},{"start":{},"end":{}}],"line":199},"2":{"loc":{"start":{"line":214,"column":6},"end":{"line":223,"column":7}},"type":"if","locations":[{"start":{"line":214,"column":6},"end":{"line":223,"column":7}},{"start":{},"end":{}}],"line":214},"3":{"loc":{"start":{"line":226,"column":6},"end":{"line":234,"column":7}},"type":"if","locations":[{"start":{"line":226,"column":6},"end":{"line":234,"column":7}},{"start":{},"end":{}}],"line":226},"4":{"loc":{"start":{"line":228,"column":8},"end":{"line":233,"column":9}},"type":"if","locations":[{"start":{"line":228,"column":8},"end":{"line":233,"column":9}},{"start":{},"end":{}}],"line":228},"5":{"loc":{"start":{"line":228,"column":12},"end":{"line":228,"column":33}},"type":"binary-expr","locations":[{"start":{"line":228,"column":12},"end":{"line":228,"column":22}},{"start":{"line":228,"column":26},"end":{"line":228,"column":33}}],"line":228},"6":{"loc":{"start":{"line":238,"column":6},"end":{"line":253,"column":7}},"type":"if","locations":[{"start":{"line":238,"column":6},"end":{"line":253,"column":7}},{"start":{},"end":{}}],"line":238},"7":{"loc":{"start":{"line":238,"column":10},"end":{"line":238,"column":48}},"type":"binary-expr","locations":[{"start":{"line":238,"column":10},"end":{"line":238,"column":21}},{"start":{"line":238,"column":25},"end":{"line":238,"column":48}}],"line":238},"8":{"loc":{"start":{"line":239,"column":24},"end":{"line":239,"column":86}},"type":"binary-expr","locations":[{"start":{"line":239,"column":24},"end":{"line":239,"column":44}},{"start":{"line":239,"column":48},"end":{"line":239,"column":86}}],"line":239},"9":{"loc":{"start":{"line":262,"column":22},"end":{"line":262,"column":84}},"type":"binary-expr","locations":[{"start":{"line":262,"column":22},"end":{"line":262,"column":42}},{"start":{"line":262,"column":46},"end":{"line":262,"column":84}}],"line":262},"10":{"loc":{"start":{"line":277,"column":6},"end":{"line":277,"column":86}},"type":"if","locations":[{"start":{"line":277,"column":6},"end":{"line":277,"column":86}},{"start":{},"end":{}}],"line":277},"11":{"loc":{"start":{"line":280,"column":6},"end":{"line":285,"column":7}},"type":"if","locations":[{"start":{"line":280,"column":6},"end":{"line":285,"column":7}},{"start":{},"end":{}}],"line":280},"12":{"loc":{"start":{"line":287,"column":6},"end":{"line":292,"column":7}},"type":"if","locations":[{"start":{"line":287,"column":6},"end":{"line":292,"column":7}},{"start":{},"end":{}}],"line":287},"13":{"loc":{"start":{"line":294,"column":6},"end":{"line":299,"column":7}},"type":"if","locations":[{"start":{"line":294,"column":6},"end":{"line":299,"column":7}},{"start":{},"end":{}}],"line":294},"14":{"loc":{"start":{"line":301,"column":6},"end":{"line":306,"column":7}},"type":"if","locations":[{"start":{"line":301,"column":6},"end":{"line":306,"column":7}},{"start":{},"end":{}}],"line":301},"15":{"loc":{"start":{"line":322,"column":6},"end":{"line":327,"column":7}},"type":"if","locations":[{"start":{"line":322,"column":6},"end":{"line":327,"column":7}},{"start":{},"end":{}}],"line":322},"16":{"loc":{"start":{"line":322,"column":10},"end":{"line":322,"column":54}},"type":"binary-expr","locations":[{"start":{"line":322,"column":10},"end":{"line":322,"column":24}},{"start":{"line":322,"column":28},"end":{"line":322,"column":54}}],"line":322},"17":{"loc":{"start":{"line":332,"column":18},"end":{"line":332,"column":44}},"type":"binary-expr","locations":[{"start":{"line":332,"column":18},"end":{"line":332,"column":36}},{"start":{"line":332,"column":40},"end":{"line":332,"column":44}}],"line":332},"18":{"loc":{"start":{"line":337,"column":6},"end":{"line":342,"column":7}},"type":"if","locations":[{"start":{"line":337,"column":6},"end":{"line":342,"column":7}},{"start":{},"end":{}}],"line":337},"19":{"loc":{"start":{"line":361,"column":6},"end":{"line":366,"column":7}},"type":"if","locations":[{"start":{"line":361,"column":6},"end":{"line":366,"column":7}},{"start":{},"end":{}}],"line":361},"20":{"loc":{"start":{"line":370,"column":6},"end":{"line":375,"column":7}},"type":"if","locations":[{"start":{"line":370,"column":6},"end":{"line":375,"column":7}},{"start":{},"end":{}}],"line":370},"21":{"loc":{"start":{"line":397,"column":6},"end":{"line":402,"column":7}},"type":"if","locations":[{"start":{"line":397,"column":6},"end":{"line":402,"column":7}},{"start":{},"end":{}}],"line":397},"22":{"loc":{"start":{"line":405,"column":6},"end":{"line":410,"column":7}},"type":"if","locations":[{"start":{"line":405,"column":6},"end":{"line":410,"column":7}},{"start":{},"end":{}}],"line":405},"23":{"loc":{"start":{"line":412,"column":22},"end":{"line":412,"column":84}},"type":"binary-expr","locations":[{"start":{"line":412,"column":22},"end":{"line":412,"column":42}},{"start":{"line":412,"column":46},"end":{"line":412,"column":84}}],"line":412}},"s":{"0":363,"1":363,"2":363,"3":3,"4":360,"5":356,"6":10,"7":356,"8":356,"9":5,"10":351,"11":10,"12":10,"13":7,"14":344,"15":0,"16":0,"17":0,"18":344,"19":344,"20":9,"21":9,"22":9,"23":335,"24":335,"25":335,"26":335,"27":4,"28":0,"29":4,"30":4,"31":0,"32":0,"33":0,"34":0,"35":0,"36":0,"37":0,"38":10,"39":10,"40":10,"41":10,"42":0,"43":10,"44":10,"45":10,"46":1,"47":9,"48":0,"49":0,"50":7,"51":7,"52":7,"53":7,"54":0,"55":7,"56":7,"57":0,"58":7,"59":0,"60":0,"61":0,"62":0,"63":0,"64":0,"65":0,"66":0,"67":0,"68":0,"69":0,"70":0,"71":0,"72":0,"73":0,"74":0},"f":{"0":363,"1":10,"2":7,"3":0},"b":{"0":[3,360],"1":[10,346],"2":[10,341],"3":[0,344],"4":[0,0],"5":[0,0],"6":[9,335],"7":[344,9],"8":[9,0],"9":[335,0],"10":[0,4],"11":[4,0],"12":[0,0],"13":[0,0],"14":[0,0],"15":[0,10],"16":[10,10],"17":[10,10],"18":[1,9],"19":[0,7],"20":[0,7],"21":[0,0],"22":[0,0],"23":[0,0]},"inputSourceMap":null,"_coverageSchema":"1a1c01bbd47fc00a2c39e90264f33305004495a9","hash":"b1bc3c7c98bafbb40672529fe1b06e5b9924306b"}
,"/Users/apple/url-shortener/src/middleware/analytics.js": {"path":"/Users/apple/url-shortener/src/middleware/analytics.js","statementMap":{"0":{"start":{"line":1,"column":14},"end":{"line":1,"column":30}},"1":{"start":{"line":2,"column":17},"end":{"line":2,"column":40}},"2":{"start":{"line":3,"column":13},"end":{"line":3,"column":29}},"3":{"start":{"line":6,"column":2},"end":{"line":14,"column":3}},"4":{"start":{"line":7,"column":16},"end":{"line":7,"column":82}},"5":{"start":{"line":8,"column":4},"end":{"line":11,"column":6}},"6":{"start":{"line":13,"column":4},"end":{"line":13,"column":51}},"7":{"start":{"line":17,"column":17},"end":{"line":51,"column":1}},"8":{"start":{"line":18,"column":24},"end":{"line":18,"column":34}},"9":{"start":{"line":21,"column":4},"end":{"line":23,"column":13}},"10":{"start":{"line":25,"column":20},"end":{"line":25,"column":54}},"11":{"start":{"line":26,"column":19},"end":{"line":26,"column":45}},"12":{"start":{"line":28,"column":17},"end":{"line":28,"column":40}},"13":{"start":{"line":29,"column":17},"end":{"line":29,"column":35}},"14":{"start":{"line":30,"column":13},"end":{"line":30,"column":27}},"15":{"start":{"line":31,"column":21},"end":{"line":31,"column":74}},"16":{"start":{"line":33,"column":2},"end":{"line":48,"column":7}},"17":{"start":{"line":34,"column":4},"end":{"line":47,"column":5}},"18":{"start":{"line":36,"column":8},"end":{"line":38,"column":31}},"19":{"start":{"line":40,"column":6},"end":{"line":44,"column":8}},"20":{"start":{"line":46,"column":6},"end":{"line":46,"column":61}},"21":{"start":{"line":50,"column":2},"end":{"line":50,"column":9}},"22":{"start":{"line":53,"column":0},"end":{"line":53,"column":26}}},"fnMap":{"0":{"name":"lookupGeo","decl":{"start":{"line":5,"column":15},"end":{"line":5,"column":24}},"loc":{"start":{"line":5,"column":29},"end":{"line":15,"column":1}},"line":5},"1":{"name":"(anonymous_1)","decl":{"start":{"line":17,"column":17},"end":{"line":17,"column":18}},"loc":{"start":{"line":17,"column":37},"end":{"line":51,"column":1}},"line":17},"2":{"name":"(anonymous_2)","decl":{"start":{"line":33,"column":3},"end":{"line":33,"column":4}},"loc":{"start":{"line":33,"column":15},"end":{"line":48,"column":3}},"line":33}},"branchMap":{"0":{"loc":{"start":{"line":9,"column":12},"end":{"line":9,"column":38}},"type":"binary-expr","locations":[{"start":{"line":9,"column":12},"end":{"line":9,"column":25}},{"start":{"line":9,"column":29},"end":{"line":9,"column":38}}],"line":9},"1":{"loc":{"start":{"line":10,"column":15},"end":{"line":10,"column":49}},"type":"binary-expr","locations":[{"start":{"line":10,"column":15},"end":{"line":10,"column":36}},{"start":{"line":10,"column":40},"end":{"line":10,"column":49}}],"line":10},"2":{"loc":{"start":{"line":21,"column":4},"end":{"line":23,"column":13}},"type":"binary-expr","locations":[{"start":{"line":21,"column":4},"end":{"line":21,"column":10}},{"start":{"line":22,"column":4},"end":{"line":22,"column":63}},{"start":{"line":23,"column":4},"end":{"line":23,"column":13}}],"line":21},"3":{"loc":{"start":{"line":22,"column":5},"end":{"line":22,"column":41}},"type":"binary-expr","locations":[{"start":{"line":22,"column":5},"end":{"line":22,"column":35}},{"start":{"line":22,"column":39},"end":{"line":22,"column":41}}],"line":22},"4":{"loc":{"start":{"line":25,"column":20},"end":{"line":25,"column":54}},"type":"binary-expr","locations":[{"start":{"line":25,"column":20},"end":{"line":25,"column":41}},{"start":{"line":25,"column":45},"end":{"line":25,"column":54}}],"line":25},"5":{"loc":{"start":{"line":26,"column":19},"end":{"line":26,"column":45}},"type":"binary-expr","locations":[{"start":{"line":26,"column":19},"end":{"line":26,"column":37}},{"start":{"line":26,"column":41},"end":{"line":26,"column":45}}],"line":26},"6":{"loc":{"start":{"line":31,"column":24},"end":{"line":31,"column":48}},"type":"binary-expr","locations":[{"start":{"line":31,"column":24},"end":{"line":31,"column":35}},{"start":{"line":31,"column":39},"end":{"line":31,"column":48}}],"line":31},"7":{"loc":{"start":{"line":31,"column":52},"end":{"line":31,"column":72}},"type":"binary-expr","locations":[{"start":{"line":31,"column":52},"end":{"line":31,"column":59}},{"start":{"line":31,"column":63},"end":{"line":31,"column":72}}],"line":31},"8":{"loc":{"start":{"line":36,"column":8},"end":{"line":38,"column":31}},"type":"cond-expr","locations":[{"start":{"line":37,"column":12},"end":{"line":37,"column":51}},{"start":{"line":38,"column":12},"end":{"line":38,"column":31}}],"line":36}},"s":{"0":0,"1":0,"2":0,"3":0,"4":0,"5":0,"6":0,"7":0,"8":0,"9":0,"10":0,"11":0,"12":0,"13":0,"14":0,"15":0,"16":0,"17":0,"18":0,"19":0,"20":0,"21":0,"22":0},"f":{"0":0,"1":0,"2":0},"b":{"0":[0,0],"1":[0,0],"2":[0,0,0],"3":[0,0],"4":[0,0],"5":[0,0],"6":[0,0],"7":[0,0],"8":[0,0]},"inputSourceMap":null}
,"/Users/apple/url-shortener/src/middleware/cors.js": {"path":"/Users/apple/url-shortener/src/middleware/cors.js","statementMap":{"0":{"start":{"line":42,"column":23},"end":{"line":47,"column":17}},"1":{"start":{"line":49,"column":20},"end":{"line":65,"column":1}},"2":{"start":{"line":52,"column":4},"end":{"line":52,"column":45}},"3":{"start":{"line":52,"column":17},"end":{"line":52,"column":45}},"4":{"start":{"line":54,"column":4},"end":{"line":58,"column":5}},"5":{"start":{"line":55,"column":6},"end":{"line":55,"column":27}},"6":{"start":{"line":57,"column":6},"end":{"line":57,"column":49}}},"fnMap":{"0":{"name":"(anonymous_0)","decl":{"start":{"line":50,"column":10},"end":{"line":50,"column":11}},"loc":{"start":{"line":50,"column":38},"end":{"line":59,"column":3}},"line":50}},"branchMap":{"0":{"loc":{"start":{"line":52,"column":4},"end":{"line":52,"column":45}},"type":"if","locations":[{"start":{"line":52,"column":4},"end":{"line":52,"column":45}},{"start":{},"end":{}}],"line":52},"1":{"loc":{"start":{"line":54,"column":4},"end":{"line":58,"column":5}},"type":"if","locations":[{"start":{"line":54,"column":4},"end":{"line":58,"column":5}},{"start":{"line":56,"column":11},"end":{"line":58,"column":5}}],"line":54}},"s":{"0":8,"1":8,"2":384,"3":383,"4":1,"5":1,"6":0},"f":{"0":384},"b":{"0":[383,1],"1":[1,0]},"inputSourceMap":null,"_coverageSchema":"1a1c01bbd47fc00a2c39e90264f33305004495a9","hash":"4625fcb493faafdcafab5edf3d5350534ee66dc2"}
,"/Users/apple/url-shortener/src/middleware/httpsRedirect.js": {"path":"/Users/apple/url-shortener/src/middleware/httpsRedirect.js","statementMap":{"0":{"start":{"line":25,"column":2},"end":{"line":27,"column":3}},"1":{"start":{"line":26,"column":4},"end":{"line":26,"column":18}},"2":{"start":{"line":30,"column":18},"end":{"line":32,"column":57}},"3":{"start":{"line":34,"column":2},"end":{"line":37,"column":3}},"4":{"start":{"line":35,"column":21},"end":{"line":35,"column":60}},"5":{"start":{"line":36,"column":4},"end":{"line":36,"column":39}},"6":{"start":{"line":39,"column":2},"end":{"line":39,"column":9}}},"fnMap":{"0":{"name":"httpsRedirect","decl":{"start":{"line":23,"column":24},"end":{"line":23,"column":37}},"loc":{"start":{"line":23,"column":54},"end":{"line":40,"column":1}},"line":23}},"branchMap":{"0":{"loc":{"start":{"line":25,"column":2},"end":{"line":27,"column":3}},"type":"if","locations":[{"start":{"line":25,"column":2},"end":{"line":27,"column":3}},{"start":{},"end":{}}],"line":25},"1":{"loc":{"start":{"line":30,"column":18},"end":{"line":32,"column":57}},"type":"binary-expr","locations":[{"start":{"line":30,"column":18},"end":{"line":30,"column":28}},{"start":{"line":31,"column":18},"end":{"line":31,"column":62}},{"start":{"line":32,"column":18},"end":{"line":32,"column":57}}],"line":30},"2":{"loc":{"start":{"line":34,"column":2},"end":{"line":37,"column":3}},"type":"if","locations":[{"start":{"line":34,"column":2},"end":{"line":37,"column":3}},{"start":{},"end":{}}],"line":34}},"s":{"0":0,"1":0,"2":0,"3":0,"4":0,"5":0,"6":0},"f":{"0":0},"b":{"0":[0,0],"1":[0,0,0],"2":[0,0]},"inputSourceMap":null,"_coverageSchema":"1a1c01bbd47fc00a2c39e90264f33305004495a9","hash":"2449861fc363a63d07bf83a3e17685ea421b54a0"}
,"/Users/apple/url-shortener/src/middleware/rateLimit.js": {"path":"/Users/apple/url-shortener/src/middleware/rateLimit.js","statementMap":{"0":{"start":{"line":3,"column":26},"end":{"line":22,"column":1}},"1":{"start":{"line":4,"column":2},"end":{"line":21,"column":5}},"2":{"start":{"line":15,"column":6},"end":{"line":19,"column":9}},"3":{"start":{"line":24,"column":26},"end":{"line":24,"column":64}},"4":{"start":{"line":25,"column":33},"end":{"line":25,"column":65}},"5":{"start":{"line":26,"column":31},"end":{"line":26,"column":63}}},"fnMap":{"0":{"name":"(anonymous_0)","decl":{"start":{"line":3,"column":26},"end":{"line":3,"column":27}},"loc":{"start":{"line":3,"column":53},"end":{"line":22,"column":1}},"line":3},"1":{"name":"(anonymous_1)","decl":{"start":{"line":14,"column":13},"end":{"line":14,"column":14}},"loc":{"start":{"line":14,"column":27},"end":{"line":20,"column":5}},"line":14}},"branchMap":{},"s":{"0":0,"1":0,"2":0,"3":0,"4":0,"5":0},"f":{"0":0,"1":0},"b":{},"inputSourceMap":null}
,"/Users/apple/url-shortener/src/middleware/rateLimiter.js": {"path":"/Users/apple/url-shortener/src/middleware/rateLimiter.js","statementMap":{"0":{"start":{"line":3,"column":23},"end":{"line":3,"column":25}},"1":{"start":{"line":4,"column":21},"end":{"line":4,"column":24}},"2":{"start":{"line":6,"column":20},"end":{"line":39,"column":1}},"3":{"start":{"line":7,"column":13},"end":{"line":7,"column":65}},"4":{"start":{"line":8,"column":14},"end":{"line":8,"column":26}},"5":{"start":{"line":10,"column":2},"end":{"line":38,"column":3}},"6":{"start":{"line":11,"column":18},"end":{"line":11,"column":45}},"7":{"start":{"line":13,"column":4},"end":{"line":15,"column":5}},"8":{"start":{"line":14,"column":6},"end":{"line":14,"column":52}},"9":{"start":{"line":17,"column":22},"end":{"line":17,"column":55}},"10":{"start":{"line":18,"column":18},"end":{"line":18,"column":32}},"11":{"start":{"line":20,"column":4},"end":{"line":20,"column":64}},"12":{"start":{"line":21,"column":4},"end":{"line":21,"column":65}},"13":{"start":{"line":22,"column":4},"end":{"line":22,"column":57}},"14":{"start":{"line":24,"column":4},"end":{"line":32,"column":5}},"15":{"start":{"line":25,"column":6},"end":{"line":25,"column":62}},"16":{"start":{"line":27,"column":6},"end":{"line":31,"column":9}},"17":{"start":{"line":34,"column":4},"end":{"line":34,"column":18}},"18":{"start":{"line":36,"column":4},"end":{"line":36,"column":46}},"19":{"start":{"line":37,"column":4},"end":{"line":37,"column":18}}},"fnMap":{"0":{"name":"(anonymous_0)","decl":{"start":{"line":6,"column":20},"end":{"line":6,"column":21}},"loc":{"start":{"line":6,"column":46},"end":{"line":39,"column":1}},"line":6}},"branchMap":{"0":{"loc":{"start":{"line":7,"column":13},"end":{"line":7,"column":65}},"type":"binary-expr","locations":[{"start":{"line":7,"column":13},"end":{"line":7,"column":19}},{"start":{"line":7,"column":23},"end":{"line":7,"column":52}},{"start":{"line":7,"column":56},"end":{"line":7,"column":65}}],"line":7},"1":{"loc":{"start":{"line":13,"column":4},"end":{"line":15,"column":5}},"type":"if","locations":[{"start":{"line":13,"column":4},"end":{"line":15,"column":5}},{"start":{},"end":{}}],"line":13},"2":{"loc":{"start":{"line":24,"column":4},"end":{"line":32,"column":5}},"type":"if","locations":[{"start":{"line":24,"column":4},"end":{"line":32,"column":5}},{"start":{},"end":{}}],"line":24}},"s":{"0":0,"1":0,"2":0,"3":0,"4":0,"5":0,"6":0,"7":0,"8":0,"9":0,"10":0,"11":0,"12":0,"13":0,"14":0,"15":0,"16":0,"17":0,"18":0,"19":0},"f":{"0":0},"b":{"0":[0,0,0],"1":[0,0],"2":[0,0]},"inputSourceMap":null}
,"/Users/apple/url-shortener/src/middleware/redisRateLimit.js": {"path":"/Users/apple/url-shortener/src/middleware/redisRateLimit.js","statementMap":{"0":{"start":{"line":3,"column":18},"end":{"line":3,"column":27}},"1":{"start":{"line":4,"column":19},"end":{"line":4,"column":22}},"2":{"start":{"line":5,"column":20},"end":{"line":5,"column":35}},"3":{"start":{"line":9,"column":4},"end":{"line":9,"column":19}},"4":{"start":{"line":10,"column":4},"end":{"line":10,"column":31}},"5":{"start":{"line":11,"column":4},"end":{"line":11,"column":33}},"6":{"start":{"line":12,"column":4},"end":{"line":12,"column":37}},"7":{"start":{"line":13,"column":4},"end":{"line":13,"column":45}},"8":{"start":{"line":17,"column":16},"end":{"line":17,"column":26}},"9":{"start":{"line":19,"column":33},"end":{"line":22,"column":6}},"10":{"start":{"line":24,"column":24},"end":{"line":24,"column":60}},"11":{"start":{"line":25,"column":27},"end":{"line":25,"column":54}},"12":{"start":{"line":27,"column":23},"end":{"line":27,"column":43}},"13":{"start":{"line":28,"column":24},"end":{"line":28,"column":61}},"14":{"start":{"line":29,"column":4},"end":{"line":29,"column":74}},"15":{"start":{"line":31,"column":4},"end":{"line":53,"column":5}},"16":{"start":{"line":32,"column":6},"end":{"line":32,"column":25}},"17":{"start":{"line":35,"column":6},"end":{"line":38,"column":9}},"18":{"start":{"line":40,"column":6},"end":{"line":44,"column":8}},"19":{"start":{"line":46,"column":31},"end":{"line":46,"column":92}},"20":{"start":{"line":47,"column":6},"end":{"line":52,"column":8}},"21":{"start":{"line":57,"column":25},"end":{"line":85,"column":1}},"22":{"start":{"line":58,"column":13},"end":{"line":58,"column":64}},"23":{"start":{"line":59,"column":20},"end":{"line":59,"column":32}},"24":{"start":{"line":61,"column":2},"end":{"line":84,"column":3}},"25":{"start":{"line":62,"column":19},"end":{"line":62,"column":70}},"26":{"start":{"line":63,"column":19},"end":{"line":63,"column":41}},"27":{"start":{"line":65,"column":4},"end":{"line":69,"column":7}},"28":{"start":{"line":71,"column":4},"end":{"line":78,"column":5}},"29":{"start":{"line":72,"column":6},"end":{"line":72,"column":59}},"30":{"start":{"line":73,"column":6},"end":{"line":77,"column":9}},"31":{"start":{"line":80,"column":4},"end":{"line":80,"column":11}},"32":{"start":{"line":82,"column":4},"end":{"line":82,"column":48}},"33":{"start":{"line":83,"column":4},"end":{"line":83,"column":11}}},"fnMap":{"0":{"name":"(anonymous_0)","decl":{"start":{"line":8,"column":2},"end":{"line":8,"column":3}},"loc":{"start":{"line":8,"column":42},"end":{"line":14,"column":3}},"line":8},"1":{"name":"(anonymous_1)","decl":{"start":{"line":16,"column":2},"end":{"line":16,"column":3}},"loc":{"start":{"line":16,"column":18},"end":{"line":54,"column":3}},"line":16},"2":{"name":"(anonymous_2)","decl":{"start":{"line":57,"column":25},"end":{"line":57,"column":26}},"loc":{"start":{"line":57,"column":51},"end":{"line":85,"column":1}},"line":57}},"branchMap":{"0":{"loc":{"start":{"line":24,"column":35},"end":{"line":24,"column":59}},"type":"binary-expr","locations":[{"start":{"line":24,"column":35},"end":{"line":24,"column":41}},{"start":{"line":24,"column":45},"end":{"line":24,"column":59}}],"line":24},"1":{"loc":{"start":{"line":25,"column":36},"end":{"line":25,"column":53}},"type":"binary-expr","locations":[{"start":{"line":25,"column":36},"end":{"line":25,"column":46}},{"start":{"line":25,"column":50},"end":{"line":25,"column":53}}],"line":25},"2":{"loc":{"start":{"line":31,"column":4},"end":{"line":53,"column":5}},"type":"if","locations":[{"start":{"line":31,"column":4},"end":{"line":53,"column":5}},{"start":{"line":45,"column":11},"end":{"line":53,"column":5}}],"line":31},"3":{"loc":{"start":{"line":58,"column":13},"end":{"line":58,"column":64}},"type":"binary-expr","locations":[{"start":{"line":58,"column":13},"end":{"line":58,"column":19}},{"start":{"line":58,"column":23},"end":{"line":58,"column":51}},{"start":{"line":58,"column":55},"end":{"line":58,"column":64}}],"line":58},"4":{"loc":{"start":{"line":71,"column":4},"end":{"line":78,"column":5}},"type":"if","locations":[{"start":{"line":71,"column":4},"end":{"line":78,"column":5}},{"start":{},"end":{}}],"line":71}},"s":{"0":0,"1":0,"2":0,"3":0,"4":0,"5":0,"6":0,"7":0,"8":0,"9":0,"10":0,"11":0,"12":0,"13":0,"14":0,"15":0,"16":0,"17":0,"18":0,"19":0,"20":0,"21":0,"22":0,"23":0,"24":0,"25":0,"26":0,"27":0,"28":0,"29":0,"30":0,"31":0,"32":0,"33":0},"f":{"0":0,"1":0,"2":0},"b":{"0":[0,0],"1":[0,0],"2":[0,0],"3":[0,0,0],"4":[0,0]},"inputSourceMap":null}
,"/Users/apple/url-shortener/src/middleware/security.js": {"path":"/Users/apple/url-shortener/src/middleware/security.js","statementMap":{"0":{"start":{"line":89,"column":32},"end":{"line":103,"column":2}},"1":{"start":{"line":106,"column":29},"end":{"line":109,"column":1}},"2":{"start":{"line":112,"column":28},"end":{"line":117,"column":2}},"3":{"start":{"line":115,"column":17},"end":{"line":115,"column":20}},"4":{"start":{"line":120,"column":33},"end":{"line":133,"column":2}},"5":{"start":{"line":131,"column":4},"end":{"line":131,"column":34}},"6":{"start":{"line":136,"column":37},"end":{"line":144,"column":2}},"7":{"start":{"line":138,"column":4},"end":{"line":140,"column":5}},"8":{"start":{"line":139,"column":6},"end":{"line":139,"column":19}},"9":{"start":{"line":141,"column":4},"end":{"line":141,"column":40}},"10":{"start":{"line":147,"column":34},"end":{"line":153,"column":1}}},"fnMap":{"0":{"name":"(anonymous_0)","decl":{"start":{"line":115,"column":11},"end":{"line":115,"column":12}},"loc":{"start":{"line":115,"column":17},"end":{"line":115,"column":20}},"line":115},"1":{"name":"(anonymous_1)","decl":{"start":{"line":129,"column":8},"end":{"line":129,"column":9}},"loc":{"start":{"line":129,"column":17},"end":{"line":132,"column":3}},"line":129},"2":{"name":"(anonymous_2)","decl":{"start":{"line":137,"column":10},"end":{"line":137,"column":11}},"loc":{"start":{"line":137,"column":24},"end":{"line":142,"column":3}},"line":137}},"branchMap":{"0":{"loc":{"start":{"line":138,"column":4},"end":{"line":140,"column":5}},"type":"if","locations":[{"start":{"line":138,"column":4},"end":{"line":140,"column":5}},{"start":{},"end":{}}],"line":138}},"s":{"0":8,"1":8,"2":8,"3":153,"4":8,"5":387,"6":8,"7":387,"8":0,"9":387,"10":8},"f":{"0":153,"1":387,"2":387},"b":{"0":[0,387]},"inputSourceMap":null,"_coverageSchema":"1a1c01bbd47fc00a2c39e90264f33305004495a9","hash":"0cb4347e34589650397029c3ed5bba38ef23cce4"}
,"/Users/apple/url-shortener/src/models/clickModel.js": {"path":"/Users/apple/url-shortener/src/models/clickModel.js","statementMap":{"0":{"start":{"line":13,"column":18},"end":{"line":20,"column":5}},"1":{"start":{"line":21,"column":19},"end":{"line":29,"column":5}},"2":{"start":{"line":30,"column":19},"end":{"line":30,"column":50}},"3":{"start":{"line":31,"column":4},"end":{"line":31,"column":29}}},"fnMap":{"0":{"name":"(anonymous_0)","decl":{"start":{"line":4,"column":2},"end":{"line":4,"column":3}},"loc":{"start":{"line":12,"column":5},"end":{"line":32,"column":3}},"line":12}},"branchMap":{},"s":{"0":3,"1":3,"2":3,"3":3},"f":{"0":3},"b":{},"inputSourceMap":null,"_coverageSchema":"1a1c01bbd47fc00a2c39e90264f33305004495a9","hash":"141af504b0b01ad2f4ba4bd99c3a52a9df169e40"}
,"/Users/apple/url-shortener/src/models/urlModel.js": {"path":"/Users/apple/url-shortener/src/models/urlModel.js","statementMap":{"0":{"start":{"line":239,"column":18},"end":{"line":243,"column":5}},"1":{"start":{"line":245,"column":4},"end":{"line":254,"column":5}},"2":{"start":{"line":246,"column":21},"end":{"line":246,"column":84}},"3":{"start":{"line":247,"column":6},"end":{"line":247,"column":28}},"4":{"start":{"line":249,"column":6},"end":{"line":251,"column":7}},"5":{"start":{"line":250,"column":8},"end":{"line":250,"column":53}},"6":{"start":{"line":252,"column":6},"end":{"line":252,"column":53}},"7":{"start":{"line":253,"column":6},"end":{"line":253,"column":18}},"8":{"start":{"line":258,"column":18},"end":{"line":262,"column":5}},"9":{"start":{"line":264,"column":19},"end":{"line":264,"column":55}},"10":{"start":{"line":265,"column":4},"end":{"line":265,"column":34}},"11":{"start":{"line":269,"column":18},"end":{"line":276,"column":5}},"12":{"start":{"line":278,"column":19},"end":{"line":278,"column":57}},"13":{"start":{"line":279,"column":4},"end":{"line":279,"column":34}},"14":{"start":{"line":283,"column":18},"end":{"line":287,"column":5}},"15":{"start":{"line":289,"column":19},"end":{"line":289,"column":48}},"16":{"start":{"line":290,"column":4},"end":{"line":290,"column":34}},"17":{"start":{"line":294,"column":18},"end":{"line":299,"column":5}},"18":{"start":{"line":301,"column":19},"end":{"line":301,"column":59}},"19":{"start":{"line":302,"column":4},"end":{"line":302,"column":34}},"20":{"start":{"line":306,"column":18},"end":{"line":311,"column":5}},"21":{"start":{"line":313,"column":19},"end":{"line":313,"column":55}},"22":{"start":{"line":314,"column":4},"end":{"line":314,"column":39}},"23":{"start":{"line":318,"column":18},"end":{"line":332,"column":5}},"24":{"start":{"line":334,"column":19},"end":{"line":334,"column":55}},"25":{"start":{"line":335,"column":4},"end":{"line":335,"column":34}},"26":{"start":{"line":342,"column":18},"end":{"line":347,"column":5}},"27":{"start":{"line":349,"column":19},"end":{"line":349,"column":42}},"28":{"start":{"line":350,"column":4},"end":{"line":350,"column":23}},"29":{"start":{"line":354,"column":18},"end":{"line":354,"column":60}},"30":{"start":{"line":355,"column":19},"end":{"line":355,"column":42}},"31":{"start":{"line":356,"column":4},"end":{"line":356,"column":44}},"32":{"start":{"line":360,"column":18},"end":{"line":464,"column":5}},"33":{"start":{"line":465,"column":19},"end":{"line":465,"column":55}},"34":{"start":{"line":466,"column":4},"end":{"line":466,"column":34}}},"fnMap":{"0":{"name":"(anonymous_0)","decl":{"start":{"line":238,"column":2},"end":{"line":238,"column":3}},"loc":{"start":{"line":238,"column":71},"end":{"line":255,"column":3}},"line":238},"1":{"name":"(anonymous_1)","decl":{"start":{"line":257,"column":2},"end":{"line":257,"column":3}},"loc":{"start":{"line":257,"column":35},"end":{"line":266,"column":3}},"line":257},"2":{"name":"(anonymous_2)","decl":{"start":{"line":268,"column":2},"end":{"line":268,"column":3}},"loc":{"start":{"line":268,"column":39},"end":{"line":280,"column":3}},"line":268},"3":{"name":"(anonymous_3)","decl":{"start":{"line":282,"column":2},"end":{"line":282,"column":3}},"loc":{"start":{"line":282,"column":21},"end":{"line":291,"column":3}},"line":282},"4":{"name":"(anonymous_4)","decl":{"start":{"line":293,"column":2},"end":{"line":293,"column":3}},"loc":{"start":{"line":293,"column":39},"end":{"line":303,"column":3}},"line":293},"5":{"name":"(anonymous_5)","decl":{"start":{"line":305,"column":2},"end":{"line":305,"column":3}},"loc":{"start":{"line":305,"column":35},"end":{"line":315,"column":3}},"line":305},"6":{"name":"(anonymous_6)","decl":{"start":{"line":317,"column":2},"end":{"line":317,"column":3}},"loc":{"start":{"line":317,"column":28},"end":{"line":336,"column":3}},"line":317},"7":{"name":"(anonymous_7)","decl":{"start":{"line":341,"column":2},"end":{"line":341,"column":3}},"loc":{"start":{"line":341,"column":24},"end":{"line":351,"column":3}},"line":341},"8":{"name":"(anonymous_8)","decl":{"start":{"line":353,"column":2},"end":{"line":353,"column":3}},"loc":{"start":{"line":353,"column":20},"end":{"line":357,"column":3}},"line":353},"9":{"name":"(anonymous_9)","decl":{"start":{"line":359,"column":2},"end":{"line":359,"column":3}},"loc":{"start":{"line":359,"column":33},"end":{"line":467,"column":3}},"line":359}},"branchMap":{"0":{"loc":{"start":{"line":238,"column":31},"end":{"line":238,"column":48}},"type":"default-arg","locations":[{"start":{"line":238,"column":44},"end":{"line":238,"column":48}}],"line":238},"1":{"loc":{"start":{"line":238,"column":50},"end":{"line":238,"column":67}},"type":"default-arg","locations":[{"start":{"line":238,"column":63},"end":{"line":238,"column":67}}],"line":238},"2":{"loc":{"start":{"line":249,"column":6},"end":{"line":251,"column":7}},"type":"if","locations":[{"start":{"line":249,"column":6},"end":{"line":251,"column":7}},{"start":{},"end":{}}],"line":249},"3":{"loc":{"start":{"line":265,"column":11},"end":{"line":265,"column":33}},"type":"binary-expr","locations":[{"start":{"line":265,"column":11},"end":{"line":265,"column":25}},{"start":{"line":265,"column":29},"end":{"line":265,"column":33}}],"line":265},"4":{"loc":{"start":{"line":279,"column":11},"end":{"line":279,"column":33}},"type":"binary-expr","locations":[{"start":{"line":279,"column":11},"end":{"line":279,"column":25}},{"start":{"line":279,"column":29},"end":{"line":279,"column":33}}],"line":279},"5":{"loc":{"start":{"line":290,"column":11},"end":{"line":290,"column":33}},"type":"binary-expr","locations":[{"start":{"line":290,"column":11},"end":{"line":290,"column":25}},{"start":{"line":290,"column":29},"end":{"line":290,"column":33}}],"line":290},"6":{"loc":{"start":{"line":302,"column":11},"end":{"line":302,"column":33}},"type":"binary-expr","locations":[{"start":{"line":302,"column":11},"end":{"line":302,"column":25}},{"start":{"line":302,"column":29},"end":{"line":302,"column":33}}],"line":302},"7":{"loc":{"start":{"line":314,"column":11},"end":{"line":314,"column":38}},"type":"binary-expr","locations":[{"start":{"line":314,"column":11},"end":{"line":314,"column":33}},{"start":{"line":314,"column":37},"end":{"line":314,"column":38}}],"line":314},"8":{"loc":{"start":{"line":335,"column":11},"end":{"line":335,"column":33}},"type":"binary-expr","locations":[{"start":{"line":335,"column":11},"end":{"line":335,"column":25}},{"start":{"line":335,"column":29},"end":{"line":335,"column":33}}],"line":335},"9":{"loc":{"start":{"line":466,"column":11},"end":{"line":466,"column":33}},"type":"binary-expr","locations":[{"start":{"line":466,"column":11},"end":{"line":466,"column":25}},{"start":{"line":466,"column":29},"end":{"line":466,"column":33}}],"line":466}},"s":{"0":335,"1":335,"2":335,"3":335,"4":0,"5":0,"6":0,"7":0,"8":2,"9":2,"10":2,"11":679,"12":679,"13":679,"14":0,"15":0,"16":0,"17":0,"18":0,"19":0,"20":3,"21":3,"22":3,"23":0,"24":0,"25":0,"26":0,"27":0,"28":0,"29":335,"30":335,"31":335,"32":343,"33":343,"34":343},"f":{"0":335,"1":2,"2":679,"3":0,"4":0,"5":3,"6":0,"7":0,"8":335,"9":343},"b":{"0":[0],"1":[0],"2":[0,0],"3":[2,1],"4":[679,670],"5":[0,0],"6":[0,0],"7":[3,0],"8":[0,0],"9":[343,0]},"inputSourceMap":null,"_coverageSchema":"1a1c01bbd47fc00a2c39e90264f33305004495a9","hash":"69210f3d43a17ffac9c76fa57fad3eb1bbf00a54"}
,"/Users/apple/url-shortener/src/routes/analyticsRoutes.js": {"path":"/Users/apple/url-shortener/src/routes/analyticsRoutes.js","statementMap":{"0":{"start":{"line":4,"column":15},"end":{"line":4,"column":31}},"1":{"start":{"line":7,"column":0},"end":{"line":7,"column":62}},"2":{"start":{"line":10,"column":0},"end":{"line":10,"column":59}}},"fnMap":{},"branchMap":{},"s":{"0":0,"1":0,"2":0},"f":{},"b":{},"inputSourceMap":null}
,"/Users/apple/url-shortener/src/routes/urlRoutes.js": {"path":"/Users/apple/url-shortener/src/routes/urlRoutes.js","statementMap":{"0":{"start":{"line":18,"column":15},"end":{"line":18,"column":31}},"1":{"start":{"line":21,"column":0},"end":{"line":21,"column":74}},"2":{"start":{"line":24,"column":0},"end":{"line":24,"column":80}},"3":{"start":{"line":27,"column":0},"end":{"line":27,"column":73}},"4":{"start":{"line":30,"column":0},"end":{"line":30,"column":74}}},"fnMap":{},"branchMap":{},"s":{"0":8,"1":8,"2":8,"3":8,"4":8},"f":{},"b":{},"inputSourceMap":null,"_coverageSchema":"1a1c01bbd47fc00a2c39e90264f33305004495a9","hash":"964e643cbdba2241c29581b12b8591ce63b7bc6c"}
,"/Users/apple/url-shortener/src/services/analyticsService.js": {"path":"/Users/apple/url-shortener/src/services/analyticsService.js","statementMap":{"0":{"start":{"line":6,"column":18},"end":{"line":20,"column":5}},"1":{"start":{"line":22,"column":19},"end":{"line":22,"column":60}},"2":{"start":{"line":23,"column":4},"end":{"line":23,"column":23}},"3":{"start":{"line":27,"column":37},"end":{"line":30,"column":6}},"4":{"start":{"line":32,"column":4},"end":{"line":37,"column":6}},"5":{"start":{"line":41,"column":18},"end":{"line":50,"column":5}},"6":{"start":{"line":52,"column":19},"end":{"line":52,"column":51}},"7":{"start":{"line":53,"column":4},"end":{"line":53,"column":23}}},"fnMap":{"0":{"name":"(anonymous_0)","decl":{"start":{"line":5,"column":2},"end":{"line":5,"column":3}},"loc":{"start":{"line":5,"column":42},"end":{"line":24,"column":3}},"line":5},"1":{"name":"(anonymous_1)","decl":{"start":{"line":26,"column":2},"end":{"line":26,"column":3}},"loc":{"start":{"line":26,"column":24},"end":{"line":38,"column":3}},"line":26},"2":{"name":"(anonymous_2)","decl":{"start":{"line":40,"column":2},"end":{"line":40,"column":3}},"loc":{"start":{"line":40,"column":33},"end":{"line":54,"column":3}},"line":40}},"branchMap":{"0":{"loc":{"start":{"line":5,"column":19},"end":{"line":5,"column":29}},"type":"default-arg","locations":[{"start":{"line":5,"column":27},"end":{"line":5,"column":29}}],"line":5},"1":{"loc":{"start":{"line":5,"column":31},"end":{"line":5,"column":40}},"type":"default-arg","locations":[{"start":{"line":5,"column":38},"end":{"line":5,"column":40}}],"line":5},"2":{"loc":{"start":{"line":40,"column":21},"end":{"line":40,"column":31}},"type":"default-arg","locations":[{"start":{"line":40,"column":29},"end":{"line":40,"column":31}}],"line":40}},"s":{"0":0,"1":0,"2":0,"3":0,"4":0,"5":0,"6":0,"7":0},"f":{"0":0,"1":0,"2":0},"b":{"0":[0],"1":[0],"2":[0]},"inputSourceMap":null}
,"/Users/apple/url-shortener/src/services/bulkService.js": {"path":"/Users/apple/url-shortener/src/services/bulkService.js","statementMap":{"0":{"start":{"line":5,"column":20},"end":{"line":5,"column":22}},"1":{"start":{"line":7,"column":4},"end":{"line":32,"column":5}},"2":{"start":{"line":7,"column":17},"end":{"line":7,"column":18}},"3":{"start":{"line":8,"column":20},"end":{"line":8,"column":48}},"4":{"start":{"line":9,"column":28},"end":{"line":23,"column":8}},"5":{"start":{"line":10,"column":8},"end":{"line":22,"column":9}},"6":{"start":{"line":11,"column":10},"end":{"line":15,"column":12}},"7":{"start":{"line":17,"column":10},"end":{"line":21,"column":12}},"8":{"start":{"line":25,"column":27},"end":{"line":25,"column":59}},"9":{"start":{"line":26,"column":6},"end":{"line":26,"column":36}},"10":{"start":{"line":29,"column":6},"end":{"line":31,"column":7}},"11":{"start":{"line":30,"column":8},"end":{"line":30,"column":63}},"12":{"start":{"line":30,"column":37},"end":{"line":30,"column":61}},"13":{"start":{"line":34,"column":4},"end":{"line":39,"column":6}}},"fnMap":{"0":{"name":"(anonymous_0)","decl":{"start":{"line":4,"column":2},"end":{"line":4,"column":3}},"loc":{"start":{"line":4,"column":45},"end":{"line":40,"column":3}},"line":4},"1":{"name":"(anonymous_1)","decl":{"start":{"line":9,"column":38},"end":{"line":9,"column":39}},"loc":{"start":{"line":9,"column":64},"end":{"line":23,"column":7}},"line":9},"2":{"name":"(anonymous_2)","decl":{"start":{"line":30,"column":26},"end":{"line":30,"column":27}},"loc":{"start":{"line":30,"column":37},"end":{"line":30,"column":61}},"line":30}},"branchMap":{"0":{"loc":{"start":{"line":4,"column":30},"end":{"line":4,"column":43}},"type":"default-arg","locations":[{"start":{"line":4,"column":42},"end":{"line":4,"column":43}}],"line":4},"1":{"loc":{"start":{"line":29,"column":6},"end":{"line":31,"column":7}},"type":"if","locations":[{"start":{"line":29,"column":6},"end":{"line":31,"column":7}},{"start":{},"end":{}}],"line":29}},"s":{"0":0,"1":0,"2":0,"3":0,"4":0,"5":0,"6":0,"7":0,"8":0,"9":0,"10":0,"11":0,"12":0,"13":0},"f":{"0":0,"1":0,"2":0},"b":{"0":[0],"1":[0,0]},"inputSourceMap":null}
,"/Users/apple/url-shortener/src/services/urlService.js": {"path":"/Users/apple/url-shortener/src/services/urlService.js","statementMap":{"0":{"start":{"line":254,"column":4},"end":{"line":256,"column":5}},"1":{"start":{"line":255,"column":6},"end":{"line":255,"column":46}},"2":{"start":{"line":259,"column":20},"end":{"line":259,"column":24}},"3":{"start":{"line":260,"column":4},"end":{"line":262,"column":5}},"4":{"start":{"line":261,"column":6},"end":{"line":261,"column":67}},"5":{"start":{"line":265,"column":4},"end":{"line":287,"column":5}},"6":{"start":{"line":266,"column":6},"end":{"line":268,"column":7}},"7":{"start":{"line":267,"column":8},"end":{"line":267,"column":76}},"8":{"start":{"line":270,"column":28},"end":{"line":270,"column":93}},"9":{"start":{"line":271,"column":6},"end":{"line":273,"column":7}},"10":{"start":{"line":272,"column":8},"end":{"line":272,"column":62}},"11":{"start":{"line":275,"column":23},"end":{"line":275,"column":65}},"12":{"start":{"line":276,"column":6},"end":{"line":276,"column":80}},"13":{"start":{"line":276,"column":20},"end":{"line":276,"column":80}},"14":{"start":{"line":278,"column":22},"end":{"line":282,"column":8}},"15":{"start":{"line":285,"column":6},"end":{"line":285,"column":43}},"16":{"start":{"line":286,"column":6},"end":{"line":286,"column":21}},"17":{"start":{"line":290,"column":21},"end":{"line":290,"column":58}},"18":{"start":{"line":291,"column":4},"end":{"line":291,"column":58}},"19":{"start":{"line":291,"column":42},"end":{"line":291,"column":58}},"20":{"start":{"line":293,"column":19},"end":{"line":293,"column":45}},"21":{"start":{"line":294,"column":22},"end":{"line":294,"column":43}},"22":{"start":{"line":296,"column":20},"end":{"line":300,"column":6}},"23":{"start":{"line":303,"column":4},"end":{"line":303,"column":40}},"24":{"start":{"line":304,"column":4},"end":{"line":304,"column":19}},"25":{"start":{"line":311,"column":21},"end":{"line":311,"column":39}},"26":{"start":{"line":313,"column":4},"end":{"line":344,"column":5}},"27":{"start":{"line":315,"column":24},"end":{"line":315,"column":55}},"28":{"start":{"line":316,"column":6},"end":{"line":323,"column":7}},"29":{"start":{"line":318,"column":8},"end":{"line":320,"column":9}},"30":{"start":{"line":319,"column":10},"end":{"line":319,"column":51}},"31":{"start":{"line":321,"column":8},"end":{"line":321,"column":47}},"32":{"start":{"line":322,"column":8},"end":{"line":322,"column":25}},"33":{"start":{"line":326,"column":24},"end":{"line":326,"column":65}},"34":{"start":{"line":327,"column":6},"end":{"line":327,"column":34}},"35":{"start":{"line":327,"column":22},"end":{"line":327,"column":34}},"36":{"start":{"line":330,"column":6},"end":{"line":330,"column":91}},"37":{"start":{"line":330,"column":79},"end":{"line":330,"column":91}},"38":{"start":{"line":332,"column":26},"end":{"line":332,"column":48}},"39":{"start":{"line":335,"column":6},"end":{"line":335,"column":50}},"40":{"start":{"line":338,"column":6},"end":{"line":338,"column":45}},"41":{"start":{"line":340,"column":6},"end":{"line":340,"column":25}},"42":{"start":{"line":342,"column":6},"end":{"line":342,"column":59}},"43":{"start":{"line":343,"column":6},"end":{"line":343,"column":18}},"44":{"start":{"line":353,"column":4},"end":{"line":355,"column":5}},"45":{"start":{"line":354,"column":6},"end":{"line":354,"column":68}},"46":{"start":{"line":358,"column":4},"end":{"line":383,"column":9}},"47":{"start":{"line":359,"column":6},"end":{"line":382,"column":7}},"48":{"start":{"line":360,"column":41},"end":{"line":360,"column":72}},"49":{"start":{"line":361,"column":24},"end":{"line":361,"column":47}},"50":{"start":{"line":364,"column":8},"end":{"line":366,"column":9}},"51":{"start":{"line":365,"column":10},"end":{"line":365,"column":81}},"52":{"start":{"line":368,"column":8},"end":{"line":376,"column":11}},"53":{"start":{"line":378,"column":8},"end":{"line":378,"column":50}},"54":{"start":{"line":380,"column":8},"end":{"line":380,"column":60}},"55":{"start":{"line":390,"column":4},"end":{"line":390,"column":46}},"56":{"start":{"line":393,"column":4},"end":{"line":395,"column":5}},"57":{"start":{"line":394,"column":6},"end":{"line":394,"column":57}},"58":{"start":{"line":402,"column":4},"end":{"line":402,"column":90}},"59":{"start":{"line":409,"column":16},"end":{"line":409,"column":55}},"60":{"start":{"line":410,"column":4},"end":{"line":410,"column":42}},"61":{"start":{"line":419,"column":21},"end":{"line":419,"column":24}},"62":{"start":{"line":421,"column":4},"end":{"line":429,"column":5}},"63":{"start":{"line":422,"column":25},"end":{"line":422,"column":60}},"64":{"start":{"line":423,"column":6},"end":{"line":425,"column":7}},"65":{"start":{"line":424,"column":8},"end":{"line":424,"column":26}},"66":{"start":{"line":428,"column":6},"end":{"line":428,"column":23}},"67":{"start":{"line":431,"column":4},"end":{"line":431,"column":73}},"68":{"start":{"line":438,"column":16},"end":{"line":438,"column":55}},"69":{"start":{"line":439,"column":4},"end":{"line":439,"column":26}},"70":{"start":{"line":439,"column":14},"end":{"line":439,"column":26}},"71":{"start":{"line":441,"column":25},"end":{"line":441,"column":49}},"72":{"start":{"line":442,"column":25},"end":{"line":442,"column":48}},"73":{"start":{"line":443,"column":28},"end":{"line":443,"column":54}},"74":{"start":{"line":444,"column":25},"end":{"line":444,"column":48}},"75":{"start":{"line":446,"column":4},"end":{"line":466,"column":6}},"76":{"start":{"line":450,"column":48},"end":{"line":453,"column":7}},"77":{"start":{"line":454,"column":47},"end":{"line":457,"column":7}},"78":{"start":{"line":458,"column":53},"end":{"line":461,"column":7}},"79":{"start":{"line":462,"column":47},"end":{"line":465,"column":7}}},"fnMap":{"0":{"name":"(anonymous_0)","decl":{"start":{"line":252,"column":2},"end":{"line":252,"column":3}},"loc":{"start":{"line":252,"column":68},"end":{"line":305,"column":3}},"line":252},"1":{"name":"(anonymous_1)","decl":{"start":{"line":310,"column":2},"end":{"line":310,"column":3}},"loc":{"start":{"line":310,"column":48},"end":{"line":345,"column":3}},"line":310},"2":{"name":"(anonymous_2)","decl":{"start":{"line":351,"column":2},"end":{"line":351,"column":3}},"loc":{"start":{"line":351,"column":67},"end":{"line":384,"column":3}},"line":351},"3":{"name":"(anonymous_3)","decl":{"start":{"line":358,"column":5},"end":{"line":358,"column":6}},"loc":{"start":{"line":358,"column":17},"end":{"line":383,"column":5}},"line":358},"4":{"name":"(anonymous_4)","decl":{"start":{"line":389,"column":2},"end":{"line":389,"column":3}},"loc":{"start":{"line":389,"column":35},"end":{"line":396,"column":3}},"line":389},"5":{"name":"(anonymous_5)","decl":{"start":{"line":401,"column":2},"end":{"line":401,"column":3}},"loc":{"start":{"line":401,"column":18},"end":{"line":403,"column":3}},"line":401},"6":{"name":"(anonymous_6)","decl":{"start":{"line":408,"column":2},"end":{"line":408,"column":3}},"loc":{"start":{"line":408,"column":33},"end":{"line":411,"column":3}},"line":408},"7":{"name":"(anonymous_7)","decl":{"start":{"line":418,"column":2},"end":{"line":418,"column":3}},"loc":{"start":{"line":418,"column":41},"end":{"line":432,"column":3}},"line":418},"8":{"name":"(anonymous_8)","decl":{"start":{"line":437,"column":2},"end":{"line":437,"column":3}},"loc":{"start":{"line":437,"column":31},"end":{"line":467,"column":3}},"line":437},"9":{"name":"(anonymous_9)","decl":{"start":{"line":450,"column":39},"end":{"line":450,"column":40}},"loc":{"start":{"line":450,"column":48},"end":{"line":453,"column":7}},"line":450},"10":{"name":"(anonymous_10)","decl":{"start":{"line":454,"column":38},"end":{"line":454,"column":39}},"loc":{"start":{"line":454,"column":47},"end":{"line":457,"column":7}},"line":454},"11":{"name":"(anonymous_11)","decl":{"start":{"line":458,"column":44},"end":{"line":458,"column":45}},"loc":{"start":{"line":458,"column":53},"end":{"line":461,"column":7}},"line":458},"12":{"name":"(anonymous_12)","decl":{"start":{"line":462,"column":38},"end":{"line":462,"column":39}},"loc":{"start":{"line":462,"column":47},"end":{"line":465,"column":7}},"line":462}},"branchMap":{"0":{"loc":{"start":{"line":252,"column":30},"end":{"line":252,"column":47}},"type":"default-arg","locations":[{"start":{"line":252,"column":43},"end":{"line":252,"column":47}}],"line":252},"1":{"loc":{"start":{"line":252,"column":49},"end":{"line":252,"column":64}},"type":"default-arg","locations":[{"start":{"line":252,"column":60},"end":{"line":252,"column":64}}],"line":252},"2":{"loc":{"start":{"line":254,"column":4},"end":{"line":256,"column":5}},"type":"if","locations":[{"start":{"line":254,"column":4},"end":{"line":256,"column":5}},{"start":{},"end":{}}],"line":254},"3":{"loc":{"start":{"line":254,"column":8},"end":{"line":254,"column":65}},"type":"binary-expr","locations":[{"start":{"line":254,"column":8},"end":{"line":254,"column":12}},{"start":{"line":254,"column":16},"end":{"line":254,"column":65}}],"line":254},"4":{"loc":{"start":{"line":260,"column":4},"end":{"line":262,"column":5}},"type":"if","locations":[{"start":{"line":260,"column":4},"end":{"line":262,"column":5}},{"start":{},"end":{}}],"line":260},"5":{"loc":{"start":{"line":260,"column":8},"end":{"line":260,"column":32}},"type":"binary-expr","locations":[{"start":{"line":260,"column":8},"end":{"line":260,"column":16}},{"start":{"line":260,"column":20},"end":{"line":260,"column":32}}],"line":260},"6":{"loc":{"start":{"line":265,"column":4},"end":{"line":287,"column":5}},"type":"if","locations":[{"start":{"line":265,"column":4},"end":{"line":287,"column":5}},{"start":{},"end":{}}],"line":265},"7":{"loc":{"start":{"line":266,"column":6},"end":{"line":268,"column":7}},"type":"if","locations":[{"start":{"line":266,"column":6},"end":{"line":268,"column":7}},{"start":{},"end":{}}],"line":266},"8":{"loc":{"start":{"line":271,"column":6},"end":{"line":273,"column":7}},"type":"if","locations":[{"start":{"line":271,"column":6},"end":{"line":273,"column":7}},{"start":{},"end":{}}],"line":271},"9":{"loc":{"start":{"line":276,"column":6},"end":{"line":276,"column":80}},"type":"if","locations":[{"start":{"line":276,"column":6},"end":{"line":276,"column":80}},{"start":{},"end":{}}],"line":276},"10":{"loc":{"start":{"line":291,"column":4},"end":{"line":291,"column":58}},"type":"if","locations":[{"start":{"line":291,"column":4},"end":{"line":291,"column":58}},{"start":{},"end":{}}],"line":291},"11":{"loc":{"start":{"line":291,"column":8},"end":{"line":291,"column":40}},"type":"binary-expr","locations":[{"start":{"line":291,"column":8},"end":{"line":291,"column":16}},{"start":{"line":291,"column":20},"end":{"line":291,"column":40}}],"line":291},"12":{"loc":{"start":{"line":310,"column":34},"end":{"line":310,"column":46}},"type":"default-arg","locations":[{"start":{"line":310,"column":44},"end":{"line":310,"column":46}}],"line":310},"13":{"loc":{"start":{"line":316,"column":6},"end":{"line":323,"column":7}},"type":"if","locations":[{"start":{"line":316,"column":6},"end":{"line":323,"column":7}},{"start":{},"end":{}}],"line":316},"14":{"loc":{"start":{"line":318,"column":8},"end":{"line":320,"column":9}},"type":"if","locations":[{"start":{"line":318,"column":8},"end":{"line":320,"column":9}},{"start":{},"end":{}}],"line":318},"15":{"loc":{"start":{"line":327,"column":6},"end":{"line":327,"column":34}},"type":"if","locations":[{"start":{"line":327,"column":6},"end":{"line":327,"column":34}},{"start":{},"end":{}}],"line":327},"16":{"loc":{"start":{"line":330,"column":6},"end":{"line":330,"column":91}},"type":"if","locations":[{"start":{"line":330,"column":6},"end":{"line":330,"column":91}},{"start":{},"end":{}}],"line":330},"17":{"loc":{"start":{"line":330,"column":10},"end":{"line":330,"column":77}},"type":"binary-expr","locations":[{"start":{"line":330,"column":10},"end":{"line":330,"column":30}},{"start":{"line":330,"column":34},"end":{"line":330,"column":77}}],"line":330},"18":{"loc":{"start":{"line":351,"column":33},"end":{"line":351,"column":65}},"type":"default-arg","locations":[{"start":{"line":351,"column":63},"end":{"line":351,"column":65}}],"line":351},"19":{"loc":{"start":{"line":353,"column":4},"end":{"line":355,"column":5}},"type":"if","locations":[{"start":{"line":353,"column":4},"end":{"line":355,"column":5}},{"start":{},"end":{}}],"line":353},"20":{"loc":{"start":{"line":360,"column":56},"end":{"line":360,"column":71}},"type":"binary-expr","locations":[{"start":{"line":360,"column":56},"end":{"line":360,"column":65}},{"start":{"line":360,"column":69},"end":{"line":360,"column":71}}],"line":360},"21":{"loc":{"start":{"line":364,"column":8},"end":{"line":366,"column":9}},"type":"if","locations":[{"start":{"line":364,"column":8},"end":{"line":366,"column":9}},{"start":{},"end":{}}],"line":364},"22":{"loc":{"start":{"line":370,"column":22},"end":{"line":370,"column":32}},"type":"binary-expr","locations":[{"start":{"line":370,"column":22},"end":{"line":370,"column":24}},{"start":{"line":370,"column":28},"end":{"line":370,"column":32}}],"line":370},"23":{"loc":{"start":{"line":371,"column":22},"end":{"line":371,"column":39}},"type":"binary-expr","locations":[{"start":{"line":371,"column":22},"end":{"line":371,"column":31}},{"start":{"line":371,"column":35},"end":{"line":371,"column":39}}],"line":371},"24":{"loc":{"start":{"line":372,"column":20},"end":{"line":372,"column":36}},"type":"binary-expr","locations":[{"start":{"line":372,"column":20},"end":{"line":372,"column":28}},{"start":{"line":372,"column":32},"end":{"line":372,"column":36}}],"line":372},"25":{"loc":{"start":{"line":393,"column":4},"end":{"line":395,"column":5}},"type":"if","locations":[{"start":{"line":393,"column":4},"end":{"line":395,"column":5}},{"start":{},"end":{}}],"line":393},"26":{"loc":{"start":{"line":410,"column":18},"end":{"line":410,"column":40}},"type":"binary-expr","locations":[{"start":{"line":410,"column":18},"end":{"line":410,"column":35}},{"start":{"line":410,"column":39},"end":{"line":410,"column":40}}],"line":410},"27":{"loc":{"start":{"line":423,"column":6},"end":{"line":425,"column":7}},"type":"if","locations":[{"start":{"line":423,"column":6},"end":{"line":425,"column":7}},{"start":{},"end":{}}],"line":423},"28":{"loc":{"start":{"line":439,"column":4},"end":{"line":439,"column":26}},"type":"if","locations":[{"start":{"line":439,"column":4},"end":{"line":439,"column":26}},{"start":{},"end":{}}],"line":439},"29":{"loc":{"start":{"line":441,"column":25},"end":{"line":441,"column":49}},"type":"binary-expr","locations":[{"start":{"line":441,"column":25},"end":{"line":441,"column":43}},{"start":{"line":441,"column":47},"end":{"line":441,"column":49}}],"line":441},"30":{"loc":{"start":{"line":442,"column":25},"end":{"line":442,"column":48}},"type":"binary-expr","locations":[{"start":{"line":442,"column":25},"end":{"line":442,"column":42}},{"start":{"line":442,"column":46},"end":{"line":442,"column":48}}],"line":442},"31":{"loc":{"start":{"line":443,"column":28},"end":{"line":443,"column":54}},"type":"binary-expr","locations":[{"start":{"line":443,"column":28},"end":{"line":443,"column":48}},{"start":{"line":443,"column":52},"end":{"line":443,"column":54}}],"line":443},"32":{"loc":{"start":{"line":444,"column":25},"end":{"line":444,"column":48}},"type":"binary-expr","locations":[{"start":{"line":444,"column":25},"end":{"line":444,"column":42}},{"start":{"line":444,"column":46},"end":{"line":444,"column":48}}],"line":444},"33":{"loc":{"start":{"line":448,"column":27},"end":{"line":448,"column":48}},"type":"binary-expr","locations":[{"start":{"line":448,"column":27},"end":{"line":448,"column":43}},{"start":{"line":448,"column":47},"end":{"line":448,"column":48}}],"line":448},"34":{"loc":{"start":{"line":449,"column":25},"end":{"line":449,"column":44}},"type":"binary-expr","locations":[{"start":{"line":449,"column":25},"end":{"line":449,"column":39}},{"start":{"line":449,"column":43},"end":{"line":449,"column":44}}],"line":449},"35":{"loc":{"start":{"line":452,"column":23},"end":{"line":452,"column":39}},"type":"binary-expr","locations":[{"start":{"line":452,"column":23},"end":{"line":452,"column":34}},{"start":{"line":452,"column":38},"end":{"line":452,"column":39}}],"line":452},"36":{"loc":{"start":{"line":456,"column":22},"end":{"line":456,"column":37}},"type":"binary-expr","locations":[{"start":{"line":456,"column":22},"end":{"line":456,"column":32}},{"start":{"line":456,"column":36},"end":{"line":456,"column":37}}],"line":456},"37":{"loc":{"start":{"line":460,"column":22},"end":{"line":460,"column":37}},"type":"binary-expr","locations":[{"start":{"line":460,"column":22},"end":{"line":460,"column":32}},{"start":{"line":460,"column":36},"end":{"line":460,"column":37}}],"line":460},"38":{"loc":{"start":{"line":464,"column":22},"end":{"line":464,"column":37}},"type":"binary-expr","locations":[{"start":{"line":464,"column":22},"end":{"line":464,"column":32}},{"start":{"line":464,"column":36},"end":{"line":464,"column":37}}],"line":464}},"s":{"0":337,"1":0,"2":337,"3":337,"4":0,"5":337,"6":1,"7":0,"8":1,"9":1,"10":0,"11":1,"12":1,"13":1,"14":0,"15":0,"16":0,"17":336,"18":336,"19":1,"20":335,"21":335,"22":335,"23":335,"24":335,"25":10,"26":10,"27":10,"28":10,"29":8,"30":0,"31":8,"32":8,"33":2,"34":2,"35":1,"36":1,"37":0,"38":1,"39":1,"40":1,"41":1,"42":0,"43":0,"44":9,"45":0,"46":9,"47":9,"48":9,"49":9,"50":3,"51":0,"52":3,"53":3,"54":0,"55":0,"56":0,"57":0,"58":5,"59":336,"60":336,"61":336,"62":336,"63":336,"64":336,"65":0,"66":0,"67":336,"68":7,"69":7,"70":0,"71":7,"72":7,"73":7,"74":7,"75":7,"76":49,"77":0,"78":1,"79":0},"f":{"0":337,"1":10,"2":9,"3":9,"4":0,"5":5,"6":336,"7":336,"8":7,"9":49,"10":0,"11":1,"12":0},"b":{"0":[336],"1":[337],"2":[0,337],"3":[337,337],"4":[0,337],"5":[337,0],"6":[1,336],"7":[0,1],"8":[0,1],"9":[1,0],"10":[1,335],"11":[336,1],"12":[0],"13":[8,2],"14":[0,8],"15":[1,1],"16":[0,1],"17":[1,0],"18":[0],"19":[0,9],"20":[9,9],"21":[0,3],"22":[3,0],"23":[3,3],"24":[3,3],"25":[0,0],"26":[336,336],"27":[0,336],"28":[0,7],"29":[7,0],"30":[7,0],"31":[7,0],"32":[7,0],"33":[7,6],"34":[7,0],"35":[49,48],"36":[0,0],"37":[1,0],"38":[0,0]},"inputSourceMap":null,"_coverageSchema":"1a1c01bbd47fc00a2c39e90264f33305004495a9","hash":"52088c6cee968909de0b082f9ccb547df319330d"}
,"/Users/apple/url-shortener/src/utils/base62.js": {"path":"/Users/apple/url-shortener/src/utils/base62.js","statementMap":{"0":{"start":{"line":2,"column":16},"end":{"line":2,"column":80}},"1":{"start":{"line":3,"column":13},"end":{"line":3,"column":27}},"2":{"start":{"line":7,"column":2},"end":{"line":7,"column":35}},"3":{"start":{"line":7,"column":17},"end":{"line":7,"column":35}},"4":{"start":{"line":8,"column":16},"end":{"line":8,"column":18}},"5":{"start":{"line":9,"column":2},"end":{"line":12,"column":3}},"6":{"start":{"line":10,"column":4},"end":{"line":10,"column":44}},"7":{"start":{"line":11,"column":4},"end":{"line":11,"column":33}},"8":{"start":{"line":13,"column":2},"end":{"line":13,"column":17}},"9":{"start":{"line":18,"column":16},"end":{"line":18,"column":17}},"10":{"start":{"line":19,"column":2},"end":{"line":23,"column":3}},"11":{"start":{"line":19,"column":15},"end":{"line":19,"column":16}},"12":{"start":{"line":20,"column":22},"end":{"line":20,"column":45}},"13":{"start":{"line":21,"column":4},"end":{"line":21,"column":81}},"14":{"start":{"line":21,"column":26},"end":{"line":21,"column":81}},"15":{"start":{"line":22,"column":4},"end":{"line":22,"column":41}},"16":{"start":{"line":24,"column":2},"end":{"line":24,"column":17}},"17":{"start":{"line":29,"column":2},"end":{"line":29,"column":49}}},"fnMap":{"0":{"name":"encode","decl":{"start":{"line":6,"column":9},"end":{"line":6,"column":15}},"loc":{"start":{"line":6,"column":21},"end":{"line":14,"column":1}},"line":6},"1":{"name":"decode","decl":{"start":{"line":17,"column":9},"end":{"line":17,"column":15}},"loc":{"start":{"line":17,"column":21},"end":{"line":25,"column":1}},"line":17},"2":{"name":"pad","decl":{"start":{"line":28,"column":9},"end":{"line":28,"column":12}},"loc":{"start":{"line":28,"column":37},"end":{"line":30,"column":1}},"line":28}},"branchMap":{"0":{"loc":{"start":{"line":7,"column":2},"end":{"line":7,"column":35}},"type":"if","locations":[{"start":{"line":7,"column":2},"end":{"line":7,"column":35}},{"start":{},"end":{}}],"line":7},"1":{"loc":{"start":{"line":21,"column":4},"end":{"line":21,"column":81}},"type":"if","locations":[{"start":{"line":21,"column":4},"end":{"line":21,"column":81}},{"start":{},"end":{}}],"line":21},"2":{"loc":{"start":{"line":28,"column":22},"end":{"line":28,"column":35}},"type":"default-arg","locations":[{"start":{"line":28,"column":34},"end":{"line":28,"column":35}}],"line":28}},"s":{"0":11,"1":11,"2":342,"3":1,"4":341,"5":341,"6":1017,"7":1017,"8":341,"9":5,"10":5,"11":5,"12":11,"13":11,"14":0,"15":11,"16":5,"17":0},"f":{"0":342,"1":5,"2":0},"b":{"0":[1,341],"1":[0,11],"2":[0]},"inputSourceMap":null,"_coverageSchema":"1a1c01bbd47fc00a2c39e90264f33305004495a9","hash":"299d71b78f9453d52ee7b063a53d88f23c8837da"}
,"/Users/apple/url-shortener/src/utils/geo.js": {"path":"/Users/apple/url-shortener/src/utils/geo.js","statementMap":{"0":{"start":{"line":3,"column":19},"end":{"line":3,"column":29}},"1":{"start":{"line":7,"column":2},"end":{"line":34,"column":5}},"2":{"start":{"line":9,"column":4},"end":{"line":11,"column":5}},"3":{"start":{"line":10,"column":6},"end":{"line":10,"column":27}},"4":{"start":{"line":13,"column":20},"end":{"line":18,"column":5}},"5":{"start":{"line":20,"column":4},"end":{"line":33,"column":40}},"6":{"start":{"line":22,"column":19},"end":{"line":22,"column":21}},"7":{"start":{"line":23,"column":8},"end":{"line":23,"column":50}},"8":{"start":{"line":23,"column":34},"end":{"line":23,"column":47}},"9":{"start":{"line":24,"column":8},"end":{"line":31,"column":11}},"10":{"start":{"line":25,"column":10},"end":{"line":30,"column":11}},"11":{"start":{"line":26,"column":25},"end":{"line":26,"column":41}},"12":{"start":{"line":27,"column":12},"end":{"line":27,"column":42}},"13":{"start":{"line":29,"column":12},"end":{"line":29,"column":26}},"14":{"start":{"line":33,"column":25},"end":{"line":33,"column":38}}},"fnMap":{"0":{"name":"lookupCountry","decl":{"start":{"line":6,"column":22},"end":{"line":6,"column":35}},"loc":{"start":{"line":6,"column":40},"end":{"line":35,"column":1}},"line":6},"1":{"name":"(anonymous_1)","decl":{"start":{"line":7,"column":21},"end":{"line":7,"column":22}},"loc":{"start":{"line":7,"column":32},"end":{"line":34,"column":3}},"line":7},"2":{"name":"(anonymous_2)","decl":{"start":{"line":21,"column":20},"end":{"line":21,"column":21}},"loc":{"start":{"line":21,"column":28},"end":{"line":32,"column":7}},"line":21},"3":{"name":"(anonymous_3)","decl":{"start":{"line":23,"column":24},"end":{"line":23,"column":25}},"loc":{"start":{"line":23,"column":34},"end":{"line":23,"column":47}},"line":23},"4":{"name":"(anonymous_4)","decl":{"start":{"line":24,"column":23},"end":{"line":24,"column":24}},"loc":{"start":{"line":24,"column":29},"end":{"line":31,"column":9}},"line":24},"5":{"name":"(anonymous_5)","decl":{"start":{"line":33,"column":19},"end":{"line":33,"column":20}},"loc":{"start":{"line":33,"column":25},"end":{"line":33,"column":38}},"line":33}},"branchMap":{"0":{"loc":{"start":{"line":9,"column":4},"end":{"line":11,"column":5}},"type":"if","locations":[{"start":{"line":9,"column":4},"end":{"line":11,"column":5}},{"start":{},"end":{}}],"line":9},"1":{"loc":{"start":{"line":9,"column":8},"end":{"line":9,"column":52}},"type":"binary-expr","locations":[{"start":{"line":9,"column":8},"end":{"line":9,"column":11}},{"start":{"line":9,"column":15},"end":{"line":9,"column":27}},{"start":{"line":9,"column":31},"end":{"line":9,"column":52}}],"line":9},"2":{"loc":{"start":{"line":27,"column":20},"end":{"line":27,"column":40}},"type":"binary-expr","locations":[{"start":{"line":27,"column":20},"end":{"line":27,"column":32}},{"start":{"line":27,"column":36},"end":{"line":27,"column":40}}],"line":27}},"s":{"0":10,"1":9,"2":9,"3":0,"4":9,"5":9,"6":3,"7":3,"8":3,"9":3,"10":3,"11":3,"12":2,"13":1,"14":0},"f":{"0":9,"1":9,"2":3,"3":3,"4":3,"5":0},"b":{"0":[0,9],"1":[9,9,9],"2":[2,2]},"inputSourceMap":null,"_coverageSchema":"1a1c01bbd47fc00a2c39e90264f33305004495a9","hash":"0d28261cc530d096638990881e428197cec7a285"}
,"/Users/apple/url-shortener/src/utils/qr.js": {"path":"/Users/apple/url-shortener/src/utils/qr.js","statementMap":{"0":{"start":{"line":5,"column":2},"end":{"line":10,"column":5}}},"fnMap":{"0":{"name":"generateQrDataUrl","decl":{"start":{"line":3,"column":22},"end":{"line":3,"column":39}},"loc":{"start":{"line":3,"column":46},"end":{"line":11,"column":1}},"line":3}},"branchMap":{},"s":{"0":0},"f":{"0":0},"b":{},"inputSourceMap":null,"_coverageSchema":"1a1c01bbd47fc00a2c39e90264f33305004495a9","hash":"ae2b03f4783c93ed7f1f1c537122f95e379ae3a4"}
,"/Users/apple/url-shortener/src/utils/ua.js": {"path":"/Users/apple/url-shortener/src/utils/ua.js","statementMap":{"0":{"start":{"line":4,"column":16},"end":{"line":4,"column":41}},"1":{"start":{"line":5,"column":18},"end":{"line":5,"column":38}},"2":{"start":{"line":7,"column":18},"end":{"line":7,"column":40}},"3":{"start":{"line":8,"column":20},"end":{"line":8,"column":29}},"4":{"start":{"line":9,"column":2},"end":{"line":10,"column":90}},"5":{"start":{"line":9,"column":34},"end":{"line":9,"column":57}},"6":{"start":{"line":10,"column":7},"end":{"line":10,"column":90}},"7":{"start":{"line":10,"column":67},"end":{"line":10,"column":90}},"8":{"start":{"line":12,"column":2},"end":{"line":12,"column":34}}},"fnMap":{"0":{"name":"parseUserAgent","decl":{"start":{"line":3,"column":16},"end":{"line":3,"column":30}},"loc":{"start":{"line":3,"column":46},"end":{"line":13,"column":1}},"line":3}},"branchMap":{"0":{"loc":{"start":{"line":3,"column":31},"end":{"line":3,"column":44}},"type":"default-arg","locations":[{"start":{"line":3,"column":42},"end":{"line":3,"column":44}}],"line":3},"1":{"loc":{"start":{"line":5,"column":18},"end":{"line":5,"column":38}},"type":"binary-expr","locations":[{"start":{"line":5,"column":18},"end":{"line":5,"column":30}},{"start":{"line":5,"column":34},"end":{"line":5,"column":38}}],"line":5},"2":{"loc":{"start":{"line":9,"column":2},"end":{"line":10,"column":90}},"type":"if","locations":[{"start":{"line":9,"column":2},"end":{"line":10,"column":90}},{"start":{"line":10,"column":7},"end":{"line":10,"column":90}}],"line":9},"3":{"loc":{"start":{"line":10,"column":7},"end":{"line":10,"column":90}},"type":"if","locations":[{"start":{"line":10,"column":7},"end":{"line":10,"column":90}},{"start":{},"end":{}}],"line":10},"4":{"loc":{"start":{"line":10,"column":11},"end":{"line":10,"column":65}},"type":"binary-expr","locations":[{"start":{"line":10,"column":11},"end":{"line":10,"column":37}},{"start":{"line":10,"column":41},"end":{"line":10,"column":65}}],"line":10}},"s":{"0":9,"1":9,"2":9,"3":9,"4":9,"5":0,"6":9,"7":0,"8":9},"f":{"0":9},"b":{"0":[0],"1":[9,0],"2":[0,9],"3":[0,9],"4":[9,9]},"inputSourceMap":null,"_coverageSchema":"1a1c01bbd47fc00a2c39e90264f33305004495a9","hash":"7bc844d50d2e491dae009b2a59c3450c4347354e"}
,"/Users/apple/url-shortener/src/utils/urlValidation.js": {"path":"/Users/apple/url-shortener/src/utils/urlValidation.js","statementMap":{"0":{"start":{"line":113,"column":23},"end":{"line":117,"column":2}},"1":{"start":{"line":120,"column":2},"end":{"line":120,"column":49}},"2":{"start":{"line":124,"column":2},"end":{"line":124,"column":53}},"3":{"start":{"line":124,"column":43},"end":{"line":124,"column":53}},"4":{"start":{"line":127,"column":18},"end":{"line":127,"column":30}},"5":{"start":{"line":130,"column":22},"end":{"line":140,"column":3}},"6":{"start":{"line":142,"column":2},"end":{"line":146,"column":3}},"7":{"start":{"line":143,"column":4},"end":{"line":145,"column":5}},"8":{"start":{"line":144,"column":6},"end":{"line":144,"column":56}},"9":{"start":{"line":150,"column":2},"end":{"line":150,"column":19}},"10":{"start":{"line":154,"column":2},"end":{"line":156,"column":3}},"11":{"start":{"line":155,"column":4},"end":{"line":155,"column":39}},"12":{"start":{"line":158,"column":2},"end":{"line":160,"column":3}},"13":{"start":{"line":159,"column":4},"end":{"line":159,"column":43}},"14":{"start":{"line":162,"column":2},"end":{"line":164,"column":3}},"15":{"start":{"line":163,"column":4},"end":{"line":163,"column":58}},"16":{"start":{"line":167,"column":29},"end":{"line":167,"column":75}},"17":{"start":{"line":168,"column":19},"end":{"line":168,"column":36}},"18":{"start":{"line":170,"column":2},"end":{"line":174,"column":3}},"19":{"start":{"line":171,"column":4},"end":{"line":173,"column":5}},"20":{"start":{"line":172,"column":6},"end":{"line":172,"column":52}},"21":{"start":{"line":177,"column":2},"end":{"line":188,"column":3}},"22":{"start":{"line":178,"column":22},"end":{"line":178,"column":34}},"23":{"start":{"line":181,"column":4},"end":{"line":183,"column":5}},"24":{"start":{"line":182,"column":6},"end":{"line":182,"column":59}},"25":{"start":{"line":185,"column":4},"end":{"line":185,"column":16}},"26":{"start":{"line":187,"column":4},"end":{"line":187,"column":42}},"27":{"start":{"line":192,"column":2},"end":{"line":192,"column":25}},"28":{"start":{"line":192,"column":13},"end":{"line":192,"column":25}},"29":{"start":{"line":194,"column":2},"end":{"line":196,"column":3}},"30":{"start":{"line":195,"column":4},"end":{"line":195,"column":52}},"31":{"start":{"line":198,"column":20},"end":{"line":198,"column":31}},"32":{"start":{"line":200,"column":2},"end":{"line":202,"column":3}},"33":{"start":{"line":201,"column":4},"end":{"line":201,"column":59}},"34":{"start":{"line":205,"column":2},"end":{"line":207,"column":3}},"35":{"start":{"line":206,"column":4},"end":{"line":206,"column":82}},"36":{"start":{"line":210,"column":2},"end":{"line":212,"column":3}},"37":{"start":{"line":211,"column":4},"end":{"line":211,"column":71}},"38":{"start":{"line":214,"column":2},"end":{"line":214,"column":14}}},"fnMap":{"0":{"name":"isReservedWord","decl":{"start":{"line":119,"column":16},"end":{"line":119,"column":30}},"loc":{"start":{"line":119,"column":37},"end":{"line":121,"column":1}},"line":119},"1":{"name":"sanitizeInput","decl":{"start":{"line":123,"column":16},"end":{"line":123,"column":29}},"loc":{"start":{"line":123,"column":37},"end":{"line":151,"column":1}},"line":123},"2":{"name":"validateUrl","decl":{"start":{"line":153,"column":16},"end":{"line":153,"column":27}},"loc":{"start":{"line":153,"column":33},"end":{"line":189,"column":1}},"line":153},"3":{"name":"validateCustomCode","decl":{"start":{"line":191,"column":16},"end":{"line":191,"column":34}},"loc":{"start":{"line":191,"column":41},"end":{"line":215,"column":1}},"line":191}},"branchMap":{"0":{"loc":{"start":{"line":124,"column":2},"end":{"line":124,"column":53}},"type":"if","locations":[{"start":{"line":124,"column":2},"end":{"line":124,"column":53}},{"start":{},"end":{}}],"line":124},"1":{"loc":{"start":{"line":124,"column":6},"end":{"line":124,"column":41}},"type":"binary-expr","locations":[{"start":{"line":124,"column":6},"end":{"line":124,"column":12}},{"start":{"line":124,"column":16},"end":{"line":124,"column":41}}],"line":124},"2":{"loc":{"start":{"line":143,"column":4},"end":{"line":145,"column":5}},"type":"if","locations":[{"start":{"line":143,"column":4},"end":{"line":145,"column":5}},{"start":{},"end":{}}],"line":143},"3":{"loc":{"start":{"line":154,"column":2},"end":{"line":156,"column":3}},"type":"if","locations":[{"start":{"line":154,"column":2},"end":{"line":156,"column":3}},{"start":{},"end":{}}],"line":154},"4":{"loc":{"start":{"line":154,"column":6},"end":{"line":154,"column":37}},"type":"binary-expr","locations":[{"start":{"line":154,"column":6},"end":{"line":154,"column":10}},{"start":{"line":154,"column":14},"end":{"line":154,"column":37}}],"line":154},"5":{"loc":{"start":{"line":158,"column":2},"end":{"line":160,"column":3}},"type":"if","locations":[{"start":{"line":158,"column":2},"end":{"line":160,"column":3}},{"start":{},"end":{}}],"line":158},"6":{"loc":{"start":{"line":162,"column":2},"end":{"line":164,"column":3}},"type":"if","locations":[{"start":{"line":162,"column":2},"end":{"line":164,"column":3}},{"start":{},"end":{}}],"line":162},"7":{"loc":{"start":{"line":171,"column":4},"end":{"line":173,"column":5}},"type":"if","locations":[{"start":{"line":171,"column":4},"end":{"line":173,"column":5}},{"start":{},"end":{}}],"line":171},"8":{"loc":{"start":{"line":181,"column":4},"end":{"line":183,"column":5}},"type":"if","locations":[{"start":{"line":181,"column":4},"end":{"line":183,"column":5}},{"start":{},"end":{}}],"line":181},"9":{"loc":{"start":{"line":192,"column":2},"end":{"line":192,"column":25}},"type":"if","locations":[{"start":{"line":192,"column":2},"end":{"line":192,"column":25}},{"start":{},"end":{}}],"line":192},"10":{"loc":{"start":{"line":194,"column":2},"end":{"line":196,"column":3}},"type":"if","locations":[{"start":{"line":194,"column":2},"end":{"line":196,"column":3}},{"start":{},"end":{}}],"line":194},"11":{"loc":{"start":{"line":200,"column":2},"end":{"line":202,"column":3}},"type":"if","locations":[{"start":{"line":200,"column":2},"end":{"line":202,"column":3}},{"start":{},"end":{}}],"line":200},"12":{"loc":{"start":{"line":200,"column":6},"end":{"line":200,"column":51}},"type":"binary-expr","locations":[{"start":{"line":200,"column":6},"end":{"line":200,"column":26}},{"start":{"line":200,"column":30},"end":{"line":200,"column":51}}],"line":200},"13":{"loc":{"start":{"line":205,"column":2},"end":{"line":207,"column":3}},"type":"if","locations":[{"start":{"line":205,"column":2},"end":{"line":207,"column":3}},{"start":{},"end":{}}],"line":205},"14":{"loc":{"start":{"line":210,"column":2},"end":{"line":212,"column":3}},"type":"if","locations":[{"start":{"line":210,"column":2},"end":{"line":212,"column":3}},{"start":{},"end":{}}],"line":210}},"s":{"0":8,"1":8,"2":387,"3":0,"4":387,"5":387,"6":387,"7":3471,"8":4,"9":383,"10":356,"11":0,"12":356,"13":0,"14":356,"15":0,"16":356,"17":356,"18":356,"19":1418,"20":3,"21":353,"22":353,"23":351,"24":0,"25":351,"26":2,"27":10,"28":0,"29":10,"30":0,"31":10,"32":10,"33":1,"34":9,"35":1,"36":8,"37":5,"38":3},"f":{"0":8,"1":387,"2":356,"3":10},"b":{"0":[0,387],"1":[387,387],"2":[4,3467],"3":[0,356],"4":[356,356],"5":[0,356],"6":[0,356],"7":[3,1415],"8":[0,351],"9":[0,10],"10":[0,10],"11":[1,9],"12":[10,9],"13":[1,8],"14":[5,3]},"inputSourceMap":null,"_coverageSchema":"1a1c01bbd47fc00a2c39e90264f33305004495a9","hash":"e20186db276ecead9e577a8d7e02c2ce35b2f125"}
}
