{"/Users/apple/url-shortener/src/server.js": {"path":"/Users/apple/url-shortener/src/server.js","statementMap":{"0":{"start":{"line":162,"column":0},"end":{"line":162,"column":16}},"1":{"start":{"line":165,"column":19},"end":{"line":165,"column":49}},"2":{"start":{"line":166,"column":18},"end":{"line":166,"column":42}},"3":{"start":{"line":168,"column":12},"end":{"line":168,"column":21}},"4":{"start":{"line":169,"column":13},"end":{"line":169,"column":37}},"5":{"start":{"line":174,"column":0},"end":{"line":174,"column":18}},"6":{"start":{"line":175,"column":0},"end":{"line":175,"column":23}},"7":{"start":{"line":176,"column":0},"end":{"line":176,"column":28}},"8":{"start":{"line":179,"column":0},"end":{"line":179,"column":41}},"9":{"start":{"line":180,"column":0},"end":{"line":180,"column":48}},"10":{"start":{"line":182,"column":0},"end":{"line":187,"column":4}},"11":{"start":{"line":190,"column":0},"end":{"line":190,"column":34}},"12":{"start":{"line":195,"column":0},"end":{"line":202,"column":3}},"13":{"start":{"line":196,"column":2},"end":{"line":201,"column":5}},"14":{"start":{"line":208,"column":0},"end":{"line":208,"column":34}},"15":{"start":{"line":213,"column":0},"end":{"line":218,"column":3}},"16":{"start":{"line":214,"column":2},"end":{"line":216,"column":4}},"17":{"start":{"line":217,"column":2},"end":{"line":217,"column":9}},"18":{"start":{"line":223,"column":0},"end":{"line":243,"column":3}},"19":{"start":{"line":224,"column":2},"end":{"line":242,"column":3}},"20":{"start":{"line":225,"column":17},"end":{"line":225,"column":41}},"21":{"start":{"line":227,"column":18},"end":{"line":237,"column":5}},"22":{"start":{"line":230,"column":19},"end":{"line":230,"column":50}},"23":{"start":{"line":234,"column":19},"end":{"line":234,"column":49}},"24":{"start":{"line":239,"column":4},"end":{"line":239,"column":45}},"25":{"start":{"line":241,"column":4},"end":{"line":241,"column":51}},"26":{"start":{"line":248,"column":0},"end":{"line":248,"column":24}},"27":{"start":{"line":253,"column":0},"end":{"line":258,"column":3}},"28":{"start":{"line":254,"column":2},"end":{"line":257,"column":5}},"29":{"start":{"line":263,"column":0},"end":{"line":269,"column":3}},"30":{"start":{"line":264,"column":2},"end":{"line":264,"column":27}},"31":{"start":{"line":265,"column":2},"end":{"line":268,"column":5}},"32":{"start":{"line":274,"column":0},"end":{"line":284,"column":1}},"33":{"start":{"line":275,"column":2},"end":{"line":283,"column":5}},"34":{"start":{"line":276,"column":4},"end":{"line":276,"column":65}},"35":{"start":{"line":277,"column":4},"end":{"line":277,"column":68}},"36":{"start":{"line":278,"column":4},"end":{"line":278,"column":76}},"37":{"start":{"line":279,"column":4},"end":{"line":279,"column":45}},"38":{"start":{"line":282,"column":4},"end":{"line":282,"column":32}}},"fnMap":{"0":{"name":"(anonymous_0)","decl":{"start":{"line":195,"column":19},"end":{"line":195,"column":20}},"loc":{"start":{"line":195,"column":33},"end":{"line":202,"column":1}},"line":195},"1":{"name":"(anonymous_1)","decl":{"start":{"line":213,"column":8},"end":{"line":213,"column":9}},"loc":{"start":{"line":213,"column":28},"end":{"line":218,"column":1}},"line":213},"2":{"name":"(anonymous_2)","decl":{"start":{"line":223,"column":28},"end":{"line":223,"column":29}},"loc":{"start":{"line":223,"column":48},"end":{"line":243,"column":1}},"line":223},"3":{"name":"(anonymous_3)","decl":{"start":{"line":230,"column":14},"end":{"line":230,"column":15}},"loc":{"start":{"line":230,"column":19},"end":{"line":230,"column":50}},"line":230},"4":{"name":"(anonymous_4)","decl":{"start":{"line":234,"column":14},"end":{"line":234,"column":15}},"loc":{"start":{"line":234,"column":19},"end":{"line":234,"column":49}},"line":234},"5":{"name":"(anonymous_5)","decl":{"start":{"line":253,"column":8},"end":{"line":253,"column":9}},"loc":{"start":{"line":253,"column":22},"end":{"line":258,"column":1}},"line":253},"6":{"name":"(anonymous_6)","decl":{"start":{"line":263,"column":8},"end":{"line":263,"column":9}},"loc":{"start":{"line":263,"column":33},"end":{"line":269,"column":1}},"line":263},"7":{"name":"(anonymous_7)","decl":{"start":{"line":275,"column":19},"end":{"line":275,"column":20}},"loc":{"start":{"line":275,"column":25},"end":{"line":283,"column":3}},"line":275}},"branchMap":{"0":{"loc":{"start":{"line":169,"column":13},"end":{"line":169,"column":37}},"type":"binary-expr","locations":[{"start":{"line":169,"column":13},"end":{"line":169,"column":29}},{"start":{"line":169,"column":33},"end":{"line":169,"column":37}}],"line":169},"1":{"loc":{"start":{"line":200,"column":17},"end":{"line":200,"column":54}},"type":"binary-expr","locations":[{"start":{"line":200,"column":17},"end":{"line":200,"column":37}},{"start":{"line":200,"column":41},"end":{"line":200,"column":54}}],"line":200},"2":{"loc":{"start":{"line":274,"column":0},"end":{"line":284,"column":1}},"type":"if","locations":[{"start":{"line":274,"column":0},"end":{"line":284,"column":1}},{"start":{},"end":{}}],"line":274}},"s":{"0":7,"1":7,"2":7,"3":7,"4":7,"5":7,"6":7,"7":7,"8":7,"9":7,"10":7,"11":7,"12":7,"13":0,"14":7,"15":7,"16":115,"17":115,"18":7,"19":30,"20":30,"21":30,"22":0,"23":0,"24":0,"25":30,"26":7,"27":7,"28":0,"29":7,"30":0,"31":0,"32":7,"33":0,"34":0,"35":0,"36":0,"37":0,"38":0},"f":{"0":0,"1":115,"2":30,"3":0,"4":0,"5":0,"6":0,"7":0},"b":{"0":[7,0],"1":[0,0],"2":[0,7]},"inputSourceMap":null,"_coverageSchema":"1a1c01bbd47fc00a2c39e90264f33305004495a9","hash":"fc56a7a7b31dcee27dd84dd4835a2853cb3943f6"}
,"/Users/apple/url-shortener/src/config/database.js": {"path":"/Users/apple/url-shortener/src/config/database.js","statementMap":{"0":{"start":{"line":4,"column":0},"end":{"line":4,"column":16}},"1":{"start":{"line":6,"column":17},"end":{"line":6,"column":19}},"2":{"start":{"line":8,"column":13},"end":{"line":14,"column":2}},"3":{"start":{"line":16,"column":0},"end":{"line":18,"column":3}},"4":{"start":{"line":17,"column":2},"end":{"line":17,"column":52}},"5":{"start":{"line":20,"column":0},"end":{"line":23,"column":3}},"6":{"start":{"line":21,"column":2},"end":{"line":21,"column":55}},"7":{"start":{"line":22,"column":2},"end":{"line":22,"column":19}}},"fnMap":{"0":{"name":"(anonymous_0)","decl":{"start":{"line":16,"column":19},"end":{"line":16,"column":20}},"loc":{"start":{"line":16,"column":25},"end":{"line":18,"column":1}},"line":16},"1":{"name":"(anonymous_1)","decl":{"start":{"line":20,"column":17},"end":{"line":20,"column":18}},"loc":{"start":{"line":20,"column":26},"end":{"line":23,"column":1}},"line":20}},"branchMap":{},"s":{"0":9,"1":9,"2":9,"3":9,"4":5,"5":9,"6":0,"7":0},"f":{"0":5,"1":0},"b":{},"inputSourceMap":null,"_coverageSchema":"1a1c01bbd47fc00a2c39e90264f33305004495a9","hash":"2b531cd0baf213765b7295efd43990e0512506ab"}
,"/Users/apple/url-shortener/src/config/redis.js": {"path":"/Users/apple/url-shortener/src/config/redis.js","statementMap":{"0":{"start":{"line":3,"column":20},"end":{"line":16,"column":2}},"1":{"start":{"line":8,"column":6},"end":{"line":8,"column":64}},"2":{"start":{"line":8,"column":24},"end":{"line":8,"column":64}},"3":{"start":{"line":9,"column":6},"end":{"line":9,"column":43}},"4":{"start":{"line":19,"column":0},"end":{"line":22,"column":3}},"5":{"start":{"line":20,"column":2},"end":{"line":20,"column":27}},"6":{"start":{"line":21,"column":2},"end":{"line":21,"column":18}},"7":{"start":{"line":24,"column":0},"end":{"line":24,"column":69}},"8":{"start":{"line":24,"column":32},"end":{"line":24,"column":67}},"9":{"start":{"line":25,"column":0},"end":{"line":25,"column":71}},"10":{"start":{"line":25,"column":33},"end":{"line":25,"column":69}},"11":{"start":{"line":27,"column":0},"end":{"line":27,"column":28}}},"fnMap":{"0":{"name":"(anonymous_0)","decl":{"start":{"line":7,"column":23},"end":{"line":7,"column":24}},"loc":{"start":{"line":7,"column":36},"end":{"line":10,"column":5}},"line":7},"1":{"name":"(anonymous_1)","decl":{"start":{"line":19,"column":21},"end":{"line":19,"column":22}},"loc":{"start":{"line":19,"column":33},"end":{"line":22,"column":1}},"line":19},"2":{"name":"(anonymous_2)","decl":{"start":{"line":24,"column":26},"end":{"line":24,"column":27}},"loc":{"start":{"line":24,"column":32},"end":{"line":24,"column":67}},"line":24},"3":{"name":"(anonymous_3)","decl":{"start":{"line":25,"column":24},"end":{"line":25,"column":25}},"loc":{"start":{"line":25,"column":33},"end":{"line":25,"column":69}},"line":25}},"branchMap":{"0":{"loc":{"start":{"line":4,"column":18},"end":{"line":4,"column":55}},"type":"binary-expr","locations":[{"start":{"line":4,"column":18},"end":{"line":4,"column":40}},{"start":{"line":4,"column":44},"end":{"line":4,"column":55}}],"line":4},"1":{"loc":{"start":{"line":4,"column":59},"end":{"line":4,"column":89}},"type":"binary-expr","locations":[{"start":{"line":4,"column":59},"end":{"line":4,"column":81}},{"start":{"line":4,"column":85},"end":{"line":4,"column":89}}],"line":4},"2":{"loc":{"start":{"line":8,"column":6},"end":{"line":8,"column":64}},"type":"if","locations":[{"start":{"line":8,"column":6},"end":{"line":8,"column":64}},{"start":{},"end":{}}],"line":8}},"s":{"0":9,"1":0,"2":0,"3":0,"4":9,"5":0,"6":0,"7":9,"8":9,"9":9,"10":0,"11":9},"f":{"0":0,"1":0,"2":9,"3":0},"b":{"0":[9,1],"1":[9,1],"2":[0,0]},"inputSourceMap":null,"_coverageSchema":"1a1c01bbd47fc00a2c39e90264f33305004495a9","hash":"3db0d9fde92982b940163b9d396387ebb85b4779"}
,"/Users/apple/url-shortener/src/controllers/urlController.js": {"path":"/Users/apple/url-shortener/src/controllers/urlController.js","statementMap":{"0":{"start":{"line":176,"column":4},"end":{"line":230,"column":5}},"1":{"start":{"line":177,"column":44},"end":{"line":177,"column":52}},"2":{"start":{"line":179,"column":6},"end":{"line":184,"column":7}},"3":{"start":{"line":180,"column":8},"end":{"line":183,"column":11}},"4":{"start":{"line":186,"column":21},"end":{"line":190,"column":8}},"5":{"start":{"line":193,"column":8},"end":{"line":193,"column":70}},"6":{"start":{"line":194,"column":23},"end":{"line":194,"column":56}},"7":{"start":{"line":196,"column":6},"end":{"line":205,"column":9}},"8":{"start":{"line":207,"column":6},"end":{"line":207,"column":49}},"9":{"start":{"line":209,"column":6},"end":{"line":214,"column":7}},"10":{"start":{"line":210,"column":8},"end":{"line":213,"column":11}},"11":{"start":{"line":216,"column":6},"end":{"line":224,"column":7}},"12":{"start":{"line":220,"column":8},"end":{"line":223,"column":11}},"13":{"start":{"line":226,"column":6},"end":{"line":229,"column":9}},"14":{"start":{"line":234,"column":4},"end":{"line":259,"column":5}},"15":{"start":{"line":235,"column":28},"end":{"line":235,"column":38}},"16":{"start":{"line":237,"column":19},"end":{"line":241,"column":7}},"17":{"start":{"line":243,"column":26},"end":{"line":243,"column":74}},"18":{"start":{"line":245,"column":6},"end":{"line":250,"column":7}},"19":{"start":{"line":246,"column":8},"end":{"line":249,"column":11}},"20":{"start":{"line":252,"column":6},"end":{"line":252,"column":37}},"21":{"start":{"line":254,"column":6},"end":{"line":254,"column":46}},"22":{"start":{"line":255,"column":6},"end":{"line":258,"column":9}},"23":{"start":{"line":263,"column":2},"end":{"line":284,"column":3}},"24":{"start":{"line":264,"column":26},"end":{"line":264,"column":36}},"25":{"start":{"line":265,"column":18},"end":{"line":265,"column":57}},"26":{"start":{"line":267,"column":4},"end":{"line":272,"column":5}},"27":{"start":{"line":268,"column":6},"end":{"line":271,"column":9}},"28":{"start":{"line":274,"column":4},"end":{"line":277,"column":7}},"29":{"start":{"line":279,"column":4},"end":{"line":279,"column":45}},"30":{"start":{"line":280,"column":4},"end":{"line":283,"column":7}},"31":{"start":{"line":291,"column":2},"end":{"line":318,"column":3}},"32":{"start":{"line":292,"column":26},"end":{"line":292,"column":36}},"33":{"start":{"line":294,"column":22},"end":{"line":294,"column":63}},"34":{"start":{"line":295,"column":4},"end":{"line":300,"column":5}},"35":{"start":{"line":296,"column":6},"end":{"line":299,"column":9}},"36":{"start":{"line":302,"column":20},"end":{"line":302,"column":82}},"37":{"start":{"line":303,"column":22},"end":{"line":303,"column":47}},"38":{"start":{"line":305,"column":20},"end":{"line":305,"column":54}},"39":{"start":{"line":307,"column":4},"end":{"line":311,"column":7}},"40":{"start":{"line":313,"column":4},"end":{"line":313,"column":43}},"41":{"start":{"line":314,"column":4},"end":{"line":317,"column":7}}},"fnMap":{"0":{"name":"(anonymous_0)","decl":{"start":{"line":175,"column":2},"end":{"line":175,"column":3}},"loc":{"start":{"line":175,"column":29},"end":{"line":231,"column":3}},"line":175},"1":{"name":"(anonymous_1)","decl":{"start":{"line":233,"column":2},"end":{"line":233,"column":3}},"loc":{"start":{"line":233,"column":30},"end":{"line":260,"column":3}},"line":233},"2":{"name":"(anonymous_2)","decl":{"start":{"line":262,"column":0},"end":{"line":262,"column":1}},"loc":{"start":{"line":262,"column":25},"end":{"line":285,"column":1}},"line":262},"3":{"name":"(anonymous_3)","decl":{"start":{"line":290,"column":1},"end":{"line":290,"column":2}},"loc":{"start":{"line":290,"column":23},"end":{"line":319,"column":1}},"line":290}},"branchMap":{"0":{"loc":{"start":{"line":179,"column":6},"end":{"line":184,"column":7}},"type":"if","locations":[{"start":{"line":179,"column":6},"end":{"line":184,"column":7}},{"start":{},"end":{}}],"line":179},"1":{"loc":{"start":{"line":193,"column":8},"end":{"line":193,"column":70}},"type":"binary-expr","locations":[{"start":{"line":193,"column":8},"end":{"line":193,"column":28}},{"start":{"line":193,"column":32},"end":{"line":193,"column":70}}],"line":193},"2":{"loc":{"start":{"line":209,"column":6},"end":{"line":214,"column":7}},"type":"if","locations":[{"start":{"line":209,"column":6},"end":{"line":214,"column":7}},{"start":{},"end":{}}],"line":209},"3":{"loc":{"start":{"line":216,"column":6},"end":{"line":224,"column":7}},"type":"if","locations":[{"start":{"line":216,"column":6},"end":{"line":224,"column":7}},{"start":{},"end":{}}],"line":216},"4":{"loc":{"start":{"line":217,"column":8},"end":{"line":218,"column":47}},"type":"binary-expr","locations":[{"start":{"line":217,"column":8},"end":{"line":217,"column":47}},{"start":{"line":218,"column":8},"end":{"line":218,"column":47}}],"line":217},"5":{"loc":{"start":{"line":240,"column":18},"end":{"line":240,"column":44}},"type":"binary-expr","locations":[{"start":{"line":240,"column":18},"end":{"line":240,"column":36}},{"start":{"line":240,"column":40},"end":{"line":240,"column":44}}],"line":240},"6":{"loc":{"start":{"line":245,"column":6},"end":{"line":250,"column":7}},"type":"if","locations":[{"start":{"line":245,"column":6},"end":{"line":250,"column":7}},{"start":{},"end":{}}],"line":245},"7":{"loc":{"start":{"line":267,"column":4},"end":{"line":272,"column":5}},"type":"if","locations":[{"start":{"line":267,"column":4},"end":{"line":272,"column":5}},{"start":{},"end":{}}],"line":267},"8":{"loc":{"start":{"line":295,"column":4},"end":{"line":300,"column":5}},"type":"if","locations":[{"start":{"line":295,"column":4},"end":{"line":300,"column":5}},{"start":{},"end":{}}],"line":295},"9":{"loc":{"start":{"line":302,"column":20},"end":{"line":302,"column":82}},"type":"binary-expr","locations":[{"start":{"line":302,"column":20},"end":{"line":302,"column":40}},{"start":{"line":302,"column":44},"end":{"line":302,"column":82}}],"line":302}},"s":{"0":70,"1":70,"2":70,"3":0,"4":70,"5":70,"6":70,"7":70,"8":0,"9":0,"10":0,"11":0,"12":0,"13":0,"14":8,"15":8,"16":8,"17":8,"18":8,"19":1,"20":7,"21":0,"22":0,"23":7,"24":7,"25":7,"26":7,"27":0,"28":7,"29":0,"30":0,"31":0,"32":0,"33":0,"34":0,"35":0,"36":0,"37":0,"38":0,"39":0,"40":0,"41":0},"f":{"0":70,"1":8,"2":7,"3":0},"b":{"0":[0,70],"1":[70,0],"2":[0,0],"3":[0,0],"4":[0,0],"5":[8,8],"6":[1,7],"7":[0,7],"8":[0,0],"9":[0,0]},"inputSourceMap":null,"_coverageSchema":"1a1c01bbd47fc00a2c39e90264f33305004495a9","hash":"cc5f77b1ebf9f6261a434ebac1611ffd808eff11"}
,"/Users/apple/url-shortener/src/cron/cleanupExpired.js": {"path":"/Users/apple/url-shortener/src/cron/cleanupExpired.js","statementMap":{"0":{"start":{"line":7,"column":2},"end":{"line":15,"column":5}},"1":{"start":{"line":8,"column":4},"end":{"line":14,"column":5}},"2":{"start":{"line":9,"column":6},"end":{"line":9,"column":59}},"3":{"start":{"line":10,"column":22},"end":{"line":10,"column":52}},"4":{"start":{"line":11,"column":6},"end":{"line":11,"column":78}},"5":{"start":{"line":13,"column":6},"end":{"line":13,"column":71}}},"fnMap":{"0":{"name":"scheduleExpiredUrlCleanup","decl":{"start":{"line":6,"column":16},"end":{"line":6,"column":41}},"loc":{"start":{"line":6,"column":44},"end":{"line":16,"column":1}},"line":6},"1":{"name":"(anonymous_1)","decl":{"start":{"line":7,"column":29},"end":{"line":7,"column":30}},"loc":{"start":{"line":7,"column":41},"end":{"line":15,"column":3}},"line":7}},"branchMap":{"0":{"loc":{"start":{"line":11,"column":36},"end":{"line":11,"column":61}},"type":"binary-expr","locations":[{"start":{"line":11,"column":36},"end":{"line":11,"column":50}},{"start":{"line":11,"column":54},"end":{"line":11,"column":61}}],"line":11}},"s":{"0":0,"1":0,"2":0,"3":0,"4":0,"5":0},"f":{"0":0,"1":0},"b":{"0":[0,0]},"inputSourceMap":null,"_coverageSchema":"1a1c01bbd47fc00a2c39e90264f33305004495a9","hash":"463a177e51f084c9b1762d2f78eb56935b0a76c2"}
,"/Users/apple/url-shortener/src/middleware/redisRateLimit.js": {"path":"/Users/apple/url-shortener/src/middleware/redisRateLimit.js","statementMap":{"0":{"start":{"line":3,"column":18},"end":{"line":3,"column":27}},"1":{"start":{"line":4,"column":19},"end":{"line":4,"column":22}},"2":{"start":{"line":5,"column":20},"end":{"line":5,"column":35}},"3":{"start":{"line":9,"column":4},"end":{"line":9,"column":19}},"4":{"start":{"line":10,"column":4},"end":{"line":10,"column":31}},"5":{"start":{"line":11,"column":4},"end":{"line":11,"column":33}},"6":{"start":{"line":12,"column":4},"end":{"line":12,"column":37}},"7":{"start":{"line":13,"column":4},"end":{"line":13,"column":45}},"8":{"start":{"line":17,"column":16},"end":{"line":17,"column":26}},"9":{"start":{"line":19,"column":33},"end":{"line":22,"column":6}},"10":{"start":{"line":24,"column":24},"end":{"line":24,"column":60}},"11":{"start":{"line":25,"column":27},"end":{"line":25,"column":54}},"12":{"start":{"line":27,"column":23},"end":{"line":27,"column":43}},"13":{"start":{"line":28,"column":24},"end":{"line":28,"column":61}},"14":{"start":{"line":29,"column":4},"end":{"line":29,"column":74}},"15":{"start":{"line":31,"column":4},"end":{"line":53,"column":5}},"16":{"start":{"line":32,"column":6},"end":{"line":32,"column":25}},"17":{"start":{"line":35,"column":6},"end":{"line":38,"column":9}},"18":{"start":{"line":40,"column":6},"end":{"line":44,"column":8}},"19":{"start":{"line":46,"column":31},"end":{"line":46,"column":92}},"20":{"start":{"line":47,"column":6},"end":{"line":52,"column":8}},"21":{"start":{"line":57,"column":25},"end":{"line":85,"column":1}},"22":{"start":{"line":58,"column":13},"end":{"line":58,"column":64}},"23":{"start":{"line":59,"column":20},"end":{"line":59,"column":32}},"24":{"start":{"line":61,"column":2},"end":{"line":84,"column":3}},"25":{"start":{"line":62,"column":19},"end":{"line":62,"column":70}},"26":{"start":{"line":63,"column":19},"end":{"line":63,"column":41}},"27":{"start":{"line":65,"column":4},"end":{"line":69,"column":7}},"28":{"start":{"line":71,"column":4},"end":{"line":78,"column":5}},"29":{"start":{"line":72,"column":6},"end":{"line":72,"column":59}},"30":{"start":{"line":73,"column":6},"end":{"line":77,"column":9}},"31":{"start":{"line":80,"column":4},"end":{"line":80,"column":11}},"32":{"start":{"line":82,"column":4},"end":{"line":82,"column":48}},"33":{"start":{"line":83,"column":4},"end":{"line":83,"column":11}}},"fnMap":{"0":{"name":"(anonymous_0)","decl":{"start":{"line":8,"column":2},"end":{"line":8,"column":3}},"loc":{"start":{"line":8,"column":42},"end":{"line":14,"column":3}},"line":8},"1":{"name":"(anonymous_1)","decl":{"start":{"line":16,"column":2},"end":{"line":16,"column":3}},"loc":{"start":{"line":16,"column":18},"end":{"line":54,"column":3}},"line":16},"2":{"name":"(anonymous_2)","decl":{"start":{"line":57,"column":25},"end":{"line":57,"column":26}},"loc":{"start":{"line":57,"column":51},"end":{"line":85,"column":1}},"line":57}},"branchMap":{"0":{"loc":{"start":{"line":24,"column":35},"end":{"line":24,"column":59}},"type":"binary-expr","locations":[{"start":{"line":24,"column":35},"end":{"line":24,"column":41}},{"start":{"line":24,"column":45},"end":{"line":24,"column":59}}],"line":24},"1":{"loc":{"start":{"line":25,"column":36},"end":{"line":25,"column":53}},"type":"binary-expr","locations":[{"start":{"line":25,"column":36},"end":{"line":25,"column":46}},{"start":{"line":25,"column":50},"end":{"line":25,"column":53}}],"line":25},"2":{"loc":{"start":{"line":31,"column":4},"end":{"line":53,"column":5}},"type":"if","locations":[{"start":{"line":31,"column":4},"end":{"line":53,"column":5}},{"start":{"line":45,"column":11},"end":{"line":53,"column":5}}],"line":31},"3":{"loc":{"start":{"line":58,"column":13},"end":{"line":58,"column":64}},"type":"binary-expr","locations":[{"start":{"line":58,"column":13},"end":{"line":58,"column":19}},{"start":{"line":58,"column":23},"end":{"line":58,"column":51}},{"start":{"line":58,"column":55},"end":{"line":58,"column":64}}],"line":58},"4":{"loc":{"start":{"line":71,"column":4},"end":{"line":78,"column":5}},"type":"if","locations":[{"start":{"line":71,"column":4},"end":{"line":78,"column":5}},{"start":{},"end":{}}],"line":71}},"s":{"0":7,"1":7,"2":7,"3":265,"4":265,"5":265,"6":265,"7":265,"8":265,"9":265,"10":265,"11":265,"12":265,"13":265,"14":265,"15":265,"16":107,"17":107,"18":107,"19":158,"20":158,"21":7,"22":265,"23":265,"24":265,"25":265,"26":265,"27":265,"28":265,"29":158,"30":158,"31":107,"32":0,"33":0},"f":{"0":265,"1":265,"2":265},"b":{"0":[265,1],"1":[265,1],"2":[107,158],"3":[265,0,0],"4":[158,107]},"inputSourceMap":null,"_coverageSchema":"1a1c01bbd47fc00a2c39e90264f33305004495a9","hash":"42f357ce5ef2efd3157d523dae63d7577edbf89c"}
,"/Users/apple/url-shortener/src/models/clickModel.js": {"path":"/Users/apple/url-shortener/src/models/clickModel.js","statementMap":{"0":{"start":{"line":13,"column":18},"end":{"line":20,"column":5}},"1":{"start":{"line":21,"column":19},"end":{"line":29,"column":5}},"2":{"start":{"line":30,"column":19},"end":{"line":30,"column":50}},"3":{"start":{"line":31,"column":4},"end":{"line":31,"column":29}}},"fnMap":{"0":{"name":"(anonymous_0)","decl":{"start":{"line":4,"column":2},"end":{"line":4,"column":3}},"loc":{"start":{"line":12,"column":5},"end":{"line":32,"column":3}},"line":12}},"branchMap":{},"s":{"0":5,"1":5,"2":5,"3":5},"f":{"0":5},"b":{},"inputSourceMap":null,"_coverageSchema":"1a1c01bbd47fc00a2c39e90264f33305004495a9","hash":"141af504b0b01ad2f4ba4bd99c3a52a9df169e40"}
,"/Users/apple/url-shortener/src/models/urlModel.js": {"path":"/Users/apple/url-shortener/src/models/urlModel.js","statementMap":{"0":{"start":{"line":239,"column":18},"end":{"line":243,"column":5}},"1":{"start":{"line":245,"column":4},"end":{"line":254,"column":5}},"2":{"start":{"line":246,"column":21},"end":{"line":246,"column":84}},"3":{"start":{"line":247,"column":6},"end":{"line":247,"column":28}},"4":{"start":{"line":249,"column":6},"end":{"line":251,"column":7}},"5":{"start":{"line":250,"column":8},"end":{"line":250,"column":53}},"6":{"start":{"line":252,"column":6},"end":{"line":252,"column":53}},"7":{"start":{"line":253,"column":6},"end":{"line":253,"column":18}},"8":{"start":{"line":258,"column":18},"end":{"line":262,"column":5}},"9":{"start":{"line":264,"column":19},"end":{"line":264,"column":55}},"10":{"start":{"line":265,"column":4},"end":{"line":265,"column":34}},"11":{"start":{"line":269,"column":18},"end":{"line":276,"column":5}},"12":{"start":{"line":278,"column":19},"end":{"line":278,"column":57}},"13":{"start":{"line":279,"column":4},"end":{"line":279,"column":34}},"14":{"start":{"line":283,"column":18},"end":{"line":287,"column":5}},"15":{"start":{"line":289,"column":19},"end":{"line":289,"column":48}},"16":{"start":{"line":290,"column":4},"end":{"line":290,"column":34}},"17":{"start":{"line":294,"column":18},"end":{"line":299,"column":5}},"18":{"start":{"line":301,"column":19},"end":{"line":301,"column":59}},"19":{"start":{"line":302,"column":4},"end":{"line":302,"column":34}},"20":{"start":{"line":306,"column":18},"end":{"line":311,"column":5}},"21":{"start":{"line":313,"column":19},"end":{"line":313,"column":55}},"22":{"start":{"line":314,"column":4},"end":{"line":314,"column":39}},"23":{"start":{"line":318,"column":18},"end":{"line":332,"column":5}},"24":{"start":{"line":334,"column":19},"end":{"line":334,"column":55}},"25":{"start":{"line":335,"column":4},"end":{"line":335,"column":34}},"26":{"start":{"line":342,"column":18},"end":{"line":347,"column":5}},"27":{"start":{"line":349,"column":19},"end":{"line":349,"column":42}},"28":{"start":{"line":350,"column":4},"end":{"line":350,"column":23}},"29":{"start":{"line":354,"column":18},"end":{"line":354,"column":60}},"30":{"start":{"line":355,"column":19},"end":{"line":355,"column":42}},"31":{"start":{"line":356,"column":4},"end":{"line":356,"column":44}},"32":{"start":{"line":360,"column":18},"end":{"line":464,"column":5}},"33":{"start":{"line":465,"column":19},"end":{"line":465,"column":55}},"34":{"start":{"line":466,"column":4},"end":{"line":466,"column":34}}},"fnMap":{"0":{"name":"(anonymous_0)","decl":{"start":{"line":238,"column":2},"end":{"line":238,"column":3}},"loc":{"start":{"line":238,"column":71},"end":{"line":255,"column":3}},"line":238},"1":{"name":"(anonymous_1)","decl":{"start":{"line":257,"column":2},"end":{"line":257,"column":3}},"loc":{"start":{"line":257,"column":35},"end":{"line":266,"column":3}},"line":257},"2":{"name":"(anonymous_2)","decl":{"start":{"line":268,"column":2},"end":{"line":268,"column":3}},"loc":{"start":{"line":268,"column":39},"end":{"line":280,"column":3}},"line":268},"3":{"name":"(anonymous_3)","decl":{"start":{"line":282,"column":2},"end":{"line":282,"column":3}},"loc":{"start":{"line":282,"column":21},"end":{"line":291,"column":3}},"line":282},"4":{"name":"(anonymous_4)","decl":{"start":{"line":293,"column":2},"end":{"line":293,"column":3}},"loc":{"start":{"line":293,"column":39},"end":{"line":303,"column":3}},"line":293},"5":{"name":"(anonymous_5)","decl":{"start":{"line":305,"column":2},"end":{"line":305,"column":3}},"loc":{"start":{"line":305,"column":35},"end":{"line":315,"column":3}},"line":305},"6":{"name":"(anonymous_6)","decl":{"start":{"line":317,"column":2},"end":{"line":317,"column":3}},"loc":{"start":{"line":317,"column":28},"end":{"line":336,"column":3}},"line":317},"7":{"name":"(anonymous_7)","decl":{"start":{"line":341,"column":2},"end":{"line":341,"column":3}},"loc":{"start":{"line":341,"column":24},"end":{"line":351,"column":3}},"line":341},"8":{"name":"(anonymous_8)","decl":{"start":{"line":353,"column":2},"end":{"line":353,"column":3}},"loc":{"start":{"line":353,"column":20},"end":{"line":357,"column":3}},"line":353},"9":{"name":"(anonymous_9)","decl":{"start":{"line":359,"column":2},"end":{"line":359,"column":3}},"loc":{"start":{"line":359,"column":33},"end":{"line":467,"column":3}},"line":359}},"branchMap":{"0":{"loc":{"start":{"line":238,"column":31},"end":{"line":238,"column":48}},"type":"default-arg","locations":[{"start":{"line":238,"column":44},"end":{"line":238,"column":48}}],"line":238},"1":{"loc":{"start":{"line":238,"column":50},"end":{"line":238,"column":67}},"type":"default-arg","locations":[{"start":{"line":238,"column":63},"end":{"line":238,"column":67}}],"line":238},"2":{"loc":{"start":{"line":249,"column":6},"end":{"line":251,"column":7}},"type":"if","locations":[{"start":{"line":249,"column":6},"end":{"line":251,"column":7}},{"start":{},"end":{}}],"line":249},"3":{"loc":{"start":{"line":265,"column":11},"end":{"line":265,"column":33}},"type":"binary-expr","locations":[{"start":{"line":265,"column":11},"end":{"line":265,"column":25}},{"start":{"line":265,"column":29},"end":{"line":265,"column":33}}],"line":265},"4":{"loc":{"start":{"line":279,"column":11},"end":{"line":279,"column":33}},"type":"binary-expr","locations":[{"start":{"line":279,"column":11},"end":{"line":279,"column":25}},{"start":{"line":279,"column":29},"end":{"line":279,"column":33}}],"line":279},"5":{"loc":{"start":{"line":290,"column":11},"end":{"line":290,"column":33}},"type":"binary-expr","locations":[{"start":{"line":290,"column":11},"end":{"line":290,"column":25}},{"start":{"line":290,"column":29},"end":{"line":290,"column":33}}],"line":290},"6":{"loc":{"start":{"line":302,"column":11},"end":{"line":302,"column":33}},"type":"binary-expr","locations":[{"start":{"line":302,"column":11},"end":{"line":302,"column":25}},{"start":{"line":302,"column":29},"end":{"line":302,"column":33}}],"line":302},"7":{"loc":{"start":{"line":314,"column":11},"end":{"line":314,"column":38}},"type":"binary-expr","locations":[{"start":{"line":314,"column":11},"end":{"line":314,"column":33}},{"start":{"line":314,"column":37},"end":{"line":314,"column":38}}],"line":314},"8":{"loc":{"start":{"line":335,"column":11},"end":{"line":335,"column":33}},"type":"binary-expr","locations":[{"start":{"line":335,"column":11},"end":{"line":335,"column":25}},{"start":{"line":335,"column":29},"end":{"line":335,"column":33}}],"line":335},"9":{"loc":{"start":{"line":466,"column":11},"end":{"line":466,"column":33}},"type":"binary-expr","locations":[{"start":{"line":466,"column":11},"end":{"line":466,"column":25}},{"start":{"line":466,"column":29},"end":{"line":466,"column":33}}],"line":466}},"s":{"0":2,"1":2,"2":2,"3":2,"4":0,"5":0,"6":0,"7":0,"8":4,"9":4,"10":4,"11":70,"12":70,"13":70,"14":0,"15":0,"16":0,"17":0,"18":0,"19":0,"20":5,"21":5,"22":5,"23":0,"24":0,"25":0,"26":0,"27":0,"28":0,"29":2,"30":2,"31":2,"32":7,"33":7,"34":7},"f":{"0":2,"1":4,"2":70,"3":0,"4":0,"5":5,"6":0,"7":0,"8":2,"9":7},"b":{"0":[0],"1":[0],"2":[0,0],"3":[4,1],"4":[70,2],"5":[0,0],"6":[0,0],"7":[5,0],"8":[0,0],"9":[7,0]},"inputSourceMap":null,"_coverageSchema":"1a1c01bbd47fc00a2c39e90264f33305004495a9","hash":"69210f3d43a17ffac9c76fa57fad3eb1bbf00a54"}
,"/Users/apple/url-shortener/src/routes/urlRoutes.js": {"path":"/Users/apple/url-shortener/src/routes/urlRoutes.js","statementMap":{"0":{"start":{"line":18,"column":15},"end":{"line":18,"column":31}},"1":{"start":{"line":21,"column":0},"end":{"line":21,"column":74}},"2":{"start":{"line":24,"column":0},"end":{"line":24,"column":80}},"3":{"start":{"line":27,"column":0},"end":{"line":27,"column":73}},"4":{"start":{"line":30,"column":0},"end":{"line":30,"column":74}}},"fnMap":{},"branchMap":{},"s":{"0":7,"1":7,"2":7,"3":7,"4":7},"f":{},"b":{},"inputSourceMap":null,"_coverageSchema":"1a1c01bbd47fc00a2c39e90264f33305004495a9","hash":"964e643cbdba2241c29581b12b8591ce63b7bc6c"}
,"/Users/apple/url-shortener/src/services/urlService.js": {"path":"/Users/apple/url-shortener/src/services/urlService.js","statementMap":{"0":{"start":{"line":206,"column":4},"end":{"line":208,"column":5}},"1":{"start":{"line":207,"column":6},"end":{"line":207,"column":46}},"2":{"start":{"line":211,"column":20},"end":{"line":211,"column":24}},"3":{"start":{"line":212,"column":4},"end":{"line":214,"column":5}},"4":{"start":{"line":213,"column":6},"end":{"line":213,"column":67}},"5":{"start":{"line":217,"column":4},"end":{"line":238,"column":5}},"6":{"start":{"line":218,"column":6},"end":{"line":220,"column":7}},"7":{"start":{"line":219,"column":8},"end":{"line":219,"column":76}},"8":{"start":{"line":222,"column":28},"end":{"line":222,"column":93}},"9":{"start":{"line":223,"column":6},"end":{"line":225,"column":7}},"10":{"start":{"line":224,"column":8},"end":{"line":224,"column":62}},"11":{"start":{"line":227,"column":23},"end":{"line":227,"column":65}},"12":{"start":{"line":228,"column":6},"end":{"line":228,"column":80}},"13":{"start":{"line":228,"column":20},"end":{"line":228,"column":80}},"14":{"start":{"line":230,"column":22},"end":{"line":234,"column":8}},"15":{"start":{"line":236,"column":6},"end":{"line":236,"column":62}},"16":{"start":{"line":237,"column":6},"end":{"line":237,"column":21}},"17":{"start":{"line":241,"column":21},"end":{"line":241,"column":58}},"18":{"start":{"line":242,"column":4},"end":{"line":242,"column":58}},"19":{"start":{"line":242,"column":42},"end":{"line":242,"column":58}},"20":{"start":{"line":244,"column":19},"end":{"line":244,"column":45}},"21":{"start":{"line":245,"column":22},"end":{"line":245,"column":43}},"22":{"start":{"line":247,"column":20},"end":{"line":251,"column":6}},"23":{"start":{"line":253,"column":4},"end":{"line":253,"column":59}},"24":{"start":{"line":254,"column":4},"end":{"line":254,"column":19}},"25":{"start":{"line":261,"column":21},"end":{"line":261,"column":39}},"26":{"start":{"line":263,"column":4},"end":{"line":291,"column":5}},"27":{"start":{"line":265,"column":24},"end":{"line":265,"column":55}},"28":{"start":{"line":266,"column":6},"end":{"line":270,"column":7}},"29":{"start":{"line":267,"column":8},"end":{"line":267,"column":49}},"30":{"start":{"line":268,"column":8},"end":{"line":268,"column":47}},"31":{"start":{"line":269,"column":8},"end":{"line":269,"column":25}},"32":{"start":{"line":273,"column":24},"end":{"line":273,"column":65}},"33":{"start":{"line":274,"column":6},"end":{"line":274,"column":34}},"34":{"start":{"line":274,"column":22},"end":{"line":274,"column":34}},"35":{"start":{"line":277,"column":6},"end":{"line":277,"column":91}},"36":{"start":{"line":277,"column":79},"end":{"line":277,"column":91}},"37":{"start":{"line":279,"column":26},"end":{"line":279,"column":48}},"38":{"start":{"line":282,"column":6},"end":{"line":282,"column":59}},"39":{"start":{"line":285,"column":6},"end":{"line":285,"column":45}},"40":{"start":{"line":287,"column":6},"end":{"line":287,"column":25}},"41":{"start":{"line":289,"column":6},"end":{"line":289,"column":59}},"42":{"start":{"line":290,"column":6},"end":{"line":290,"column":18}},"43":{"start":{"line":295,"column":4},"end":{"line":295,"column":66}},"44":{"start":{"line":297,"column":4},"end":{"line":318,"column":9}},"45":{"start":{"line":298,"column":6},"end":{"line":317,"column":7}},"46":{"start":{"line":299,"column":41},"end":{"line":299,"column":72}},"47":{"start":{"line":300,"column":24},"end":{"line":300,"column":47}},"48":{"start":{"line":302,"column":8},"end":{"line":302,"column":79}},"49":{"start":{"line":304,"column":8},"end":{"line":312,"column":11}},"50":{"start":{"line":314,"column":8},"end":{"line":314,"column":50}},"51":{"start":{"line":316,"column":8},"end":{"line":316,"column":52}},"52":{"start":{"line":325,"column":4},"end":{"line":325,"column":46}},"53":{"start":{"line":326,"column":4},"end":{"line":326,"column":55}},"54":{"start":{"line":333,"column":4},"end":{"line":333,"column":90}},"55":{"start":{"line":337,"column":16},"end":{"line":337,"column":55}},"56":{"start":{"line":338,"column":4},"end":{"line":338,"column":26}},"57":{"start":{"line":338,"column":14},"end":{"line":338,"column":26}},"58":{"start":{"line":340,"column":25},"end":{"line":340,"column":49}},"59":{"start":{"line":341,"column":25},"end":{"line":341,"column":48}},"60":{"start":{"line":342,"column":28},"end":{"line":342,"column":54}},"61":{"start":{"line":343,"column":25},"end":{"line":343,"column":48}},"62":{"start":{"line":345,"column":4},"end":{"line":365,"column":6}},"63":{"start":{"line":349,"column":48},"end":{"line":352,"column":7}},"64":{"start":{"line":353,"column":47},"end":{"line":356,"column":7}},"65":{"start":{"line":357,"column":53},"end":{"line":360,"column":7}},"66":{"start":{"line":361,"column":47},"end":{"line":364,"column":7}}},"fnMap":{"0":{"name":"(anonymous_0)","decl":{"start":{"line":204,"column":2},"end":{"line":204,"column":3}},"loc":{"start":{"line":204,"column":68},"end":{"line":255,"column":3}},"line":204},"1":{"name":"(anonymous_1)","decl":{"start":{"line":260,"column":2},"end":{"line":260,"column":3}},"loc":{"start":{"line":260,"column":48},"end":{"line":292,"column":3}},"line":260},"2":{"name":"(anonymous_2)","decl":{"start":{"line":294,"column":2},"end":{"line":294,"column":3}},"loc":{"start":{"line":294,"column":67},"end":{"line":319,"column":3}},"line":294},"3":{"name":"(anonymous_3)","decl":{"start":{"line":297,"column":5},"end":{"line":297,"column":6}},"loc":{"start":{"line":297,"column":17},"end":{"line":318,"column":5}},"line":297},"4":{"name":"(anonymous_4)","decl":{"start":{"line":324,"column":2},"end":{"line":324,"column":3}},"loc":{"start":{"line":324,"column":35},"end":{"line":327,"column":3}},"line":324},"5":{"name":"(anonymous_5)","decl":{"start":{"line":332,"column":2},"end":{"line":332,"column":3}},"loc":{"start":{"line":332,"column":18},"end":{"line":334,"column":3}},"line":332},"6":{"name":"(anonymous_6)","decl":{"start":{"line":336,"column":2},"end":{"line":336,"column":3}},"loc":{"start":{"line":336,"column":31},"end":{"line":366,"column":3}},"line":336},"7":{"name":"(anonymous_7)","decl":{"start":{"line":349,"column":39},"end":{"line":349,"column":40}},"loc":{"start":{"line":349,"column":48},"end":{"line":352,"column":7}},"line":349},"8":{"name":"(anonymous_8)","decl":{"start":{"line":353,"column":38},"end":{"line":353,"column":39}},"loc":{"start":{"line":353,"column":47},"end":{"line":356,"column":7}},"line":353},"9":{"name":"(anonymous_9)","decl":{"start":{"line":357,"column":44},"end":{"line":357,"column":45}},"loc":{"start":{"line":357,"column":53},"end":{"line":360,"column":7}},"line":357},"10":{"name":"(anonymous_10)","decl":{"start":{"line":361,"column":38},"end":{"line":361,"column":39}},"loc":{"start":{"line":361,"column":47},"end":{"line":364,"column":7}},"line":361}},"branchMap":{"0":{"loc":{"start":{"line":204,"column":30},"end":{"line":204,"column":47}},"type":"default-arg","locations":[{"start":{"line":204,"column":43},"end":{"line":204,"column":47}}],"line":204},"1":{"loc":{"start":{"line":204,"column":49},"end":{"line":204,"column":64}},"type":"default-arg","locations":[{"start":{"line":204,"column":60},"end":{"line":204,"column":64}}],"line":204},"2":{"loc":{"start":{"line":206,"column":4},"end":{"line":208,"column":5}},"type":"if","locations":[{"start":{"line":206,"column":4},"end":{"line":208,"column":5}},{"start":{},"end":{}}],"line":206},"3":{"loc":{"start":{"line":206,"column":8},"end":{"line":206,"column":65}},"type":"binary-expr","locations":[{"start":{"line":206,"column":8},"end":{"line":206,"column":12}},{"start":{"line":206,"column":16},"end":{"line":206,"column":65}}],"line":206},"4":{"loc":{"start":{"line":212,"column":4},"end":{"line":214,"column":5}},"type":"if","locations":[{"start":{"line":212,"column":4},"end":{"line":214,"column":5}},{"start":{},"end":{}}],"line":212},"5":{"loc":{"start":{"line":212,"column":8},"end":{"line":212,"column":32}},"type":"binary-expr","locations":[{"start":{"line":212,"column":8},"end":{"line":212,"column":16}},{"start":{"line":212,"column":20},"end":{"line":212,"column":32}}],"line":212},"6":{"loc":{"start":{"line":217,"column":4},"end":{"line":238,"column":5}},"type":"if","locations":[{"start":{"line":217,"column":4},"end":{"line":238,"column":5}},{"start":{},"end":{}}],"line":217},"7":{"loc":{"start":{"line":218,"column":6},"end":{"line":220,"column":7}},"type":"if","locations":[{"start":{"line":218,"column":6},"end":{"line":220,"column":7}},{"start":{},"end":{}}],"line":218},"8":{"loc":{"start":{"line":223,"column":6},"end":{"line":225,"column":7}},"type":"if","locations":[{"start":{"line":223,"column":6},"end":{"line":225,"column":7}},{"start":{},"end":{}}],"line":223},"9":{"loc":{"start":{"line":228,"column":6},"end":{"line":228,"column":80}},"type":"if","locations":[{"start":{"line":228,"column":6},"end":{"line":228,"column":80}},{"start":{},"end":{}}],"line":228},"10":{"loc":{"start":{"line":242,"column":4},"end":{"line":242,"column":58}},"type":"if","locations":[{"start":{"line":242,"column":4},"end":{"line":242,"column":58}},{"start":{},"end":{}}],"line":242},"11":{"loc":{"start":{"line":242,"column":8},"end":{"line":242,"column":40}},"type":"binary-expr","locations":[{"start":{"line":242,"column":8},"end":{"line":242,"column":16}},{"start":{"line":242,"column":20},"end":{"line":242,"column":40}}],"line":242},"12":{"loc":{"start":{"line":260,"column":34},"end":{"line":260,"column":46}},"type":"default-arg","locations":[{"start":{"line":260,"column":44},"end":{"line":260,"column":46}}],"line":260},"13":{"loc":{"start":{"line":266,"column":6},"end":{"line":270,"column":7}},"type":"if","locations":[{"start":{"line":266,"column":6},"end":{"line":270,"column":7}},{"start":{},"end":{}}],"line":266},"14":{"loc":{"start":{"line":274,"column":6},"end":{"line":274,"column":34}},"type":"if","locations":[{"start":{"line":274,"column":6},"end":{"line":274,"column":34}},{"start":{},"end":{}}],"line":274},"15":{"loc":{"start":{"line":277,"column":6},"end":{"line":277,"column":91}},"type":"if","locations":[{"start":{"line":277,"column":6},"end":{"line":277,"column":91}},{"start":{},"end":{}}],"line":277},"16":{"loc":{"start":{"line":277,"column":10},"end":{"line":277,"column":77}},"type":"binary-expr","locations":[{"start":{"line":277,"column":10},"end":{"line":277,"column":30}},{"start":{"line":277,"column":34},"end":{"line":277,"column":77}}],"line":277},"17":{"loc":{"start":{"line":294,"column":33},"end":{"line":294,"column":65}},"type":"default-arg","locations":[{"start":{"line":294,"column":63},"end":{"line":294,"column":65}}],"line":294},"18":{"loc":{"start":{"line":299,"column":56},"end":{"line":299,"column":71}},"type":"binary-expr","locations":[{"start":{"line":299,"column":56},"end":{"line":299,"column":65}},{"start":{"line":299,"column":69},"end":{"line":299,"column":71}}],"line":299},"19":{"loc":{"start":{"line":306,"column":22},"end":{"line":306,"column":32}},"type":"binary-expr","locations":[{"start":{"line":306,"column":22},"end":{"line":306,"column":24}},{"start":{"line":306,"column":28},"end":{"line":306,"column":32}}],"line":306},"20":{"loc":{"start":{"line":307,"column":22},"end":{"line":307,"column":39}},"type":"binary-expr","locations":[{"start":{"line":307,"column":22},"end":{"line":307,"column":31}},{"start":{"line":307,"column":35},"end":{"line":307,"column":39}}],"line":307},"21":{"loc":{"start":{"line":308,"column":20},"end":{"line":308,"column":36}},"type":"binary-expr","locations":[{"start":{"line":308,"column":20},"end":{"line":308,"column":28}},{"start":{"line":308,"column":32},"end":{"line":308,"column":36}}],"line":308},"22":{"loc":{"start":{"line":338,"column":4},"end":{"line":338,"column":26}},"type":"if","locations":[{"start":{"line":338,"column":4},"end":{"line":338,"column":26}},{"start":{},"end":{}}],"line":338},"23":{"loc":{"start":{"line":340,"column":25},"end":{"line":340,"column":49}},"type":"binary-expr","locations":[{"start":{"line":340,"column":25},"end":{"line":340,"column":43}},{"start":{"line":340,"column":47},"end":{"line":340,"column":49}}],"line":340},"24":{"loc":{"start":{"line":341,"column":25},"end":{"line":341,"column":48}},"type":"binary-expr","locations":[{"start":{"line":341,"column":25},"end":{"line":341,"column":42}},{"start":{"line":341,"column":46},"end":{"line":341,"column":48}}],"line":341},"25":{"loc":{"start":{"line":342,"column":28},"end":{"line":342,"column":54}},"type":"binary-expr","locations":[{"start":{"line":342,"column":28},"end":{"line":342,"column":48}},{"start":{"line":342,"column":52},"end":{"line":342,"column":54}}],"line":342},"26":{"loc":{"start":{"line":343,"column":25},"end":{"line":343,"column":48}},"type":"binary-expr","locations":[{"start":{"line":343,"column":25},"end":{"line":343,"column":42}},{"start":{"line":343,"column":46},"end":{"line":343,"column":48}}],"line":343},"27":{"loc":{"start":{"line":347,"column":27},"end":{"line":347,"column":48}},"type":"binary-expr","locations":[{"start":{"line":347,"column":27},"end":{"line":347,"column":43}},{"start":{"line":347,"column":47},"end":{"line":347,"column":48}}],"line":347},"28":{"loc":{"start":{"line":348,"column":25},"end":{"line":348,"column":44}},"type":"binary-expr","locations":[{"start":{"line":348,"column":25},"end":{"line":348,"column":39}},{"start":{"line":348,"column":43},"end":{"line":348,"column":44}}],"line":348},"29":{"loc":{"start":{"line":351,"column":23},"end":{"line":351,"column":39}},"type":"binary-expr","locations":[{"start":{"line":351,"column":23},"end":{"line":351,"column":34}},{"start":{"line":351,"column":38},"end":{"line":351,"column":39}}],"line":351},"30":{"loc":{"start":{"line":355,"column":22},"end":{"line":355,"column":37}},"type":"binary-expr","locations":[{"start":{"line":355,"column":22},"end":{"line":355,"column":32}},{"start":{"line":355,"column":36},"end":{"line":355,"column":37}}],"line":355},"31":{"loc":{"start":{"line":359,"column":22},"end":{"line":359,"column":37}},"type":"binary-expr","locations":[{"start":{"line":359,"column":22},"end":{"line":359,"column":32}},{"start":{"line":359,"column":36},"end":{"line":359,"column":37}}],"line":359},"32":{"loc":{"start":{"line":363,"column":22},"end":{"line":363,"column":37}},"type":"binary-expr","locations":[{"start":{"line":363,"column":22},"end":{"line":363,"column":32}},{"start":{"line":363,"column":36},"end":{"line":363,"column":37}}],"line":363}},"s":{"0":72,"1":0,"2":72,"3":72,"4":0,"5":72,"6":1,"7":0,"8":1,"9":1,"10":0,"11":1,"12":1,"13":1,"14":0,"15":0,"16":0,"17":71,"18":71,"19":69,"20":2,"21":2,"22":2,"23":2,"24":2,"25":8,"26":8,"27":8,"28":8,"29":4,"30":4,"31":4,"32":4,"33":4,"34":1,"35":3,"36":0,"37":3,"38":3,"39":3,"40":3,"41":0,"42":0,"43":7,"44":7,"45":7,"46":7,"47":7,"48":5,"49":5,"50":5,"51":0,"52":0,"53":0,"54":5,"55":7,"56":7,"57":0,"58":7,"59":7,"60":7,"61":7,"62":7,"63":49,"64":0,"65":5,"66":0},"f":{"0":72,"1":8,"2":7,"3":7,"4":0,"5":5,"6":7,"7":49,"8":0,"9":5,"10":0},"b":{"0":[71],"1":[72],"2":[0,72],"3":[72,72],"4":[0,72],"5":[72,0],"6":[1,71],"7":[0,1],"8":[0,1],"9":[1,0],"10":[69,2],"11":[71,69],"12":[0],"13":[4,4],"14":[1,3],"15":[0,3],"16":[3,0],"17":[0],"18":[7,7],"19":[5,0],"20":[5,5],"21":[5,5],"22":[0,7],"23":[7,0],"24":[7,0],"25":[7,0],"26":[7,0],"27":[7,2],"28":[7,0],"29":[49,44],"30":[0,0],"31":[5,0],"32":[0,0]},"inputSourceMap":null,"_coverageSchema":"1a1c01bbd47fc00a2c39e90264f33305004495a9","hash":"ee22e0587905d244fdd920d1e6cd3bc32b60c7ea"}
,"/Users/apple/url-shortener/src/utils/base62.js": {"path":"/Users/apple/url-shortener/src/utils/base62.js","statementMap":{"0":{"start":{"line":2,"column":16},"end":{"line":2,"column":80}},"1":{"start":{"line":3,"column":13},"end":{"line":3,"column":27}},"2":{"start":{"line":7,"column":2},"end":{"line":7,"column":35}},"3":{"start":{"line":7,"column":17},"end":{"line":7,"column":35}},"4":{"start":{"line":8,"column":16},"end":{"line":8,"column":18}},"5":{"start":{"line":9,"column":2},"end":{"line":12,"column":3}},"6":{"start":{"line":10,"column":4},"end":{"line":10,"column":44}},"7":{"start":{"line":11,"column":4},"end":{"line":11,"column":33}},"8":{"start":{"line":13,"column":2},"end":{"line":13,"column":17}},"9":{"start":{"line":18,"column":16},"end":{"line":18,"column":17}},"10":{"start":{"line":19,"column":2},"end":{"line":23,"column":3}},"11":{"start":{"line":19,"column":15},"end":{"line":19,"column":16}},"12":{"start":{"line":20,"column":22},"end":{"line":20,"column":45}},"13":{"start":{"line":21,"column":4},"end":{"line":21,"column":81}},"14":{"start":{"line":21,"column":26},"end":{"line":21,"column":81}},"15":{"start":{"line":22,"column":4},"end":{"line":22,"column":41}},"16":{"start":{"line":24,"column":2},"end":{"line":24,"column":17}},"17":{"start":{"line":29,"column":2},"end":{"line":29,"column":49}}},"fnMap":{"0":{"name":"encode","decl":{"start":{"line":6,"column":9},"end":{"line":6,"column":15}},"loc":{"start":{"line":6,"column":21},"end":{"line":14,"column":1}},"line":6},"1":{"name":"decode","decl":{"start":{"line":17,"column":9},"end":{"line":17,"column":15}},"loc":{"start":{"line":17,"column":21},"end":{"line":25,"column":1}},"line":17},"2":{"name":"pad","decl":{"start":{"line":28,"column":9},"end":{"line":28,"column":12}},"loc":{"start":{"line":28,"column":37},"end":{"line":30,"column":1}},"line":28}},"branchMap":{"0":{"loc":{"start":{"line":7,"column":2},"end":{"line":7,"column":35}},"type":"if","locations":[{"start":{"line":7,"column":2},"end":{"line":7,"column":35}},{"start":{},"end":{}}],"line":7},"1":{"loc":{"start":{"line":21,"column":4},"end":{"line":21,"column":81}},"type":"if","locations":[{"start":{"line":21,"column":4},"end":{"line":21,"column":81}},{"start":{},"end":{}}],"line":21},"2":{"loc":{"start":{"line":28,"column":22},"end":{"line":28,"column":35}},"type":"default-arg","locations":[{"start":{"line":28,"column":34},"end":{"line":28,"column":35}}],"line":28}},"s":{"0":10,"1":10,"2":9,"3":1,"4":8,"5":8,"6":16,"7":16,"8":8,"9":5,"10":5,"11":5,"12":11,"13":11,"14":0,"15":11,"16":5,"17":0},"f":{"0":9,"1":5,"2":0},"b":{"0":[1,8],"1":[0,11],"2":[0]},"inputSourceMap":null,"_coverageSchema":"1a1c01bbd47fc00a2c39e90264f33305004495a9","hash":"299d71b78f9453d52ee7b063a53d88f23c8837da"}
,"/Users/apple/url-shortener/src/utils/geo.js": {"path":"/Users/apple/url-shortener/src/utils/geo.js","statementMap":{"0":{"start":{"line":3,"column":19},"end":{"line":3,"column":29}},"1":{"start":{"line":7,"column":2},"end":{"line":34,"column":5}},"2":{"start":{"line":9,"column":4},"end":{"line":11,"column":5}},"3":{"start":{"line":10,"column":6},"end":{"line":10,"column":27}},"4":{"start":{"line":13,"column":20},"end":{"line":18,"column":5}},"5":{"start":{"line":20,"column":4},"end":{"line":33,"column":40}},"6":{"start":{"line":22,"column":19},"end":{"line":22,"column":21}},"7":{"start":{"line":23,"column":8},"end":{"line":23,"column":50}},"8":{"start":{"line":23,"column":34},"end":{"line":23,"column":47}},"9":{"start":{"line":24,"column":8},"end":{"line":31,"column":11}},"10":{"start":{"line":25,"column":10},"end":{"line":30,"column":11}},"11":{"start":{"line":26,"column":25},"end":{"line":26,"column":41}},"12":{"start":{"line":27,"column":12},"end":{"line":27,"column":42}},"13":{"start":{"line":29,"column":12},"end":{"line":29,"column":26}},"14":{"start":{"line":33,"column":25},"end":{"line":33,"column":38}}},"fnMap":{"0":{"name":"lookupCountry","decl":{"start":{"line":6,"column":22},"end":{"line":6,"column":35}},"loc":{"start":{"line":6,"column":40},"end":{"line":35,"column":1}},"line":6},"1":{"name":"(anonymous_1)","decl":{"start":{"line":7,"column":21},"end":{"line":7,"column":22}},"loc":{"start":{"line":7,"column":32},"end":{"line":34,"column":3}},"line":7},"2":{"name":"(anonymous_2)","decl":{"start":{"line":21,"column":20},"end":{"line":21,"column":21}},"loc":{"start":{"line":21,"column":28},"end":{"line":32,"column":7}},"line":21},"3":{"name":"(anonymous_3)","decl":{"start":{"line":23,"column":24},"end":{"line":23,"column":25}},"loc":{"start":{"line":23,"column":34},"end":{"line":23,"column":47}},"line":23},"4":{"name":"(anonymous_4)","decl":{"start":{"line":24,"column":23},"end":{"line":24,"column":24}},"loc":{"start":{"line":24,"column":29},"end":{"line":31,"column":9}},"line":24},"5":{"name":"(anonymous_5)","decl":{"start":{"line":33,"column":19},"end":{"line":33,"column":20}},"loc":{"start":{"line":33,"column":25},"end":{"line":33,"column":38}},"line":33}},"branchMap":{"0":{"loc":{"start":{"line":9,"column":4},"end":{"line":11,"column":5}},"type":"if","locations":[{"start":{"line":9,"column":4},"end":{"line":11,"column":5}},{"start":{},"end":{}}],"line":9},"1":{"loc":{"start":{"line":9,"column":8},"end":{"line":9,"column":52}},"type":"binary-expr","locations":[{"start":{"line":9,"column":8},"end":{"line":9,"column":11}},{"start":{"line":9,"column":15},"end":{"line":9,"column":27}},{"start":{"line":9,"column":31},"end":{"line":9,"column":52}}],"line":9},"2":{"loc":{"start":{"line":27,"column":20},"end":{"line":27,"column":40}},"type":"binary-expr","locations":[{"start":{"line":27,"column":20},"end":{"line":27,"column":32}},{"start":{"line":27,"column":36},"end":{"line":27,"column":40}}],"line":27}},"s":{"0":9,"1":7,"2":7,"3":0,"4":7,"5":7,"6":5,"7":5,"8":5,"9":5,"10":5,"11":5,"12":5,"13":0,"14":0},"f":{"0":7,"1":7,"2":5,"3":5,"4":5,"5":0},"b":{"0":[0,7],"1":[7,7,7],"2":[5,5]},"inputSourceMap":null,"_coverageSchema":"1a1c01bbd47fc00a2c39e90264f33305004495a9","hash":"0d28261cc530d096638990881e428197cec7a285"}
,"/Users/apple/url-shortener/src/utils/qr.js": {"path":"/Users/apple/url-shortener/src/utils/qr.js","statementMap":{"0":{"start":{"line":5,"column":2},"end":{"line":10,"column":5}}},"fnMap":{"0":{"name":"generateQrDataUrl","decl":{"start":{"line":3,"column":22},"end":{"line":3,"column":39}},"loc":{"start":{"line":3,"column":46},"end":{"line":11,"column":1}},"line":3}},"branchMap":{},"s":{"0":0},"f":{"0":0},"b":{},"inputSourceMap":null,"_coverageSchema":"1a1c01bbd47fc00a2c39e90264f33305004495a9","hash":"ae2b03f4783c93ed7f1f1c537122f95e379ae3a4"}
,"/Users/apple/url-shortener/src/utils/ua.js": {"path":"/Users/apple/url-shortener/src/utils/ua.js","statementMap":{"0":{"start":{"line":4,"column":16},"end":{"line":4,"column":41}},"1":{"start":{"line":5,"column":18},"end":{"line":5,"column":38}},"2":{"start":{"line":7,"column":18},"end":{"line":7,"column":40}},"3":{"start":{"line":8,"column":20},"end":{"line":8,"column":29}},"4":{"start":{"line":9,"column":2},"end":{"line":10,"column":90}},"5":{"start":{"line":9,"column":34},"end":{"line":9,"column":57}},"6":{"start":{"line":10,"column":7},"end":{"line":10,"column":90}},"7":{"start":{"line":10,"column":67},"end":{"line":10,"column":90}},"8":{"start":{"line":12,"column":2},"end":{"line":12,"column":34}}},"fnMap":{"0":{"name":"parseUserAgent","decl":{"start":{"line":3,"column":16},"end":{"line":3,"column":30}},"loc":{"start":{"line":3,"column":46},"end":{"line":13,"column":1}},"line":3}},"branchMap":{"0":{"loc":{"start":{"line":3,"column":31},"end":{"line":3,"column":44}},"type":"default-arg","locations":[{"start":{"line":3,"column":42},"end":{"line":3,"column":44}}],"line":3},"1":{"loc":{"start":{"line":5,"column":18},"end":{"line":5,"column":38}},"type":"binary-expr","locations":[{"start":{"line":5,"column":18},"end":{"line":5,"column":30}},{"start":{"line":5,"column":34},"end":{"line":5,"column":38}}],"line":5},"2":{"loc":{"start":{"line":9,"column":2},"end":{"line":10,"column":90}},"type":"if","locations":[{"start":{"line":9,"column":2},"end":{"line":10,"column":90}},{"start":{"line":10,"column":7},"end":{"line":10,"column":90}}],"line":9},"3":{"loc":{"start":{"line":10,"column":7},"end":{"line":10,"column":90}},"type":"if","locations":[{"start":{"line":10,"column":7},"end":{"line":10,"column":90}},{"start":{},"end":{}}],"line":10},"4":{"loc":{"start":{"line":10,"column":11},"end":{"line":10,"column":65}},"type":"binary-expr","locations":[{"start":{"line":10,"column":11},"end":{"line":10,"column":37}},{"start":{"line":10,"column":41},"end":{"line":10,"column":65}}],"line":10}},"s":{"0":7,"1":7,"2":7,"3":7,"4":7,"5":0,"6":7,"7":0,"8":7},"f":{"0":7},"b":{"0":[0],"1":[7,0],"2":[0,7],"3":[0,7],"4":[7,7]},"inputSourceMap":null,"_coverageSchema":"1a1c01bbd47fc00a2c39e90264f33305004495a9","hash":"7bc844d50d2e491dae009b2a59c3450c4347354e"}
}
