TN:
SF:src/config/database.js
FN:57,(anonymous_0)
FN:64,(anonymous_1)
FNF:2
FNH:1
FNDA:8,(anonymous_0)
FNDA:0,(anonymous_1)
DA:42,10
DA:44,10
DA:46,10
DA:57,10
DA:59,8
DA:60,0
DA:64,10
DA:65,0
DA:66,0
LF:9
LH:6
BRDA:47,0,0,10
BRDA:47,0,1,0
BRDA:48,1,0,10
BRDA:48,1,1,0
BRDA:49,2,0,10
BRDA:49,2,1,0
BRDA:50,3,0,10
BRDA:50,3,1,0
BRDA:51,4,0,10
BRDA:51,4,1,0
BRDA:59,5,0,0
BRDA:59,5,1,8
BRF:12
BRH:6
end_of_record
TN:
SF:src/config/redis.js
FN:7,(anonymous_0)
FN:19,(anonymous_1)
FN:24,(anonymous_2)
FN:25,(anonymous_3)
FNF:4
FNH:1
FNDA:0,(anonymous_0)
FNDA:0,(anonymous_1)
FNDA:10,(anonymous_2)
FNDA:0,(anonymous_3)
DA:3,10
DA:8,0
DA:9,0
DA:19,10
DA:20,0
DA:21,0
DA:24,10
DA:25,10
DA:27,10
LF:9
LH:5
BRDA:4,0,0,10
BRDA:4,0,1,1
BRDA:4,1,0,10
BRDA:4,1,1,1
BRDA:8,2,0,0
BRDA:8,2,1,0
BRF:6
BRH:4
end_of_record
TN:
SF:src/controllers/analyticsController.js
FN:4,(anonymous_0)
FN:24,(anonymous_1)
FNF:2
FNH:0
FNDA:0,(anonymous_0)
FNDA:0,(anonymous_1)
DA:5,0
DA:6,0
DA:12,0
DA:19,0
DA:20,0
DA:25,0
DA:26,0
DA:28,0
DA:30,0
DA:35,0
LF:10
LH:0
BRDA:26,0,0,0
BRDA:26,1,0,0
BRF:2
BRH:0
end_of_record
TN:
SF:src/controllers/urlController.js
FN:185,(anonymous_0)
FN:315,(anonymous_1)
FN:354,(anonymous_2)
FN:390,(anonymous_3)
FNF:4
FNH:3
FNDA:363,(anonymous_0)
FNDA:10,(anonymous_1)
FNDA:7,(anonymous_2)
FNDA:0,(anonymous_3)
DA:186,363
DA:187,363
DA:190,363
DA:191,3
DA:198,360
DA:199,356
DA:200,10
DA:204,356
DA:205,356
DA:207,5
DA:214,351
DA:215,10
DA:216,10
DA:218,7
DA:226,344
DA:227,0
DA:228,0
DA:229,0
DA:237,344
DA:238,344
DA:239,9
DA:240,9
DA:242,9
DA:256,335
DA:262,335
DA:263,335
DA:265,335
DA:277,4
DA:280,4
DA:281,4
DA:287,0
DA:288,0
DA:294,0
DA:295,0
DA:301,0
DA:302,0
DA:308,0
DA:316,10
DA:317,10
DA:320,10
DA:322,10
DA:323,0
DA:329,10
DA:335,10
DA:337,10
DA:338,1
DA:344,9
DA:346,0
DA:347,0
DA:355,7
DA:356,7
DA:359,7
DA:361,7
DA:362,0
DA:368,7
DA:370,7
DA:371,0
DA:377,7
DA:382,0
DA:383,0
DA:391,0
DA:392,0
DA:395,0
DA:397,0
DA:398,0
DA:404,0
DA:405,0
DA:406,0
DA:412,0
DA:413,0
DA:415,0
DA:417,0
DA:423,0
DA:424,0
LF:74
LH:43
BRDA:190,0,0,3
BRDA:190,0,1,360
BRDA:199,1,0,10
BRDA:199,1,1,346
BRDA:214,2,0,10
BRDA:214,2,1,341
BRDA:226,3,0,0
BRDA:226,3,1,344
BRDA:228,4,0,0
BRDA:228,4,1,0
BRDA:228,5,0,0
BRDA:228,5,1,0
BRDA:238,6,0,9
BRDA:238,6,1,335
BRDA:238,7,0,344
BRDA:238,7,1,9
BRDA:239,8,0,9
BRDA:239,8,1,0
BRDA:262,9,0,335
BRDA:262,9,1,0
BRDA:277,10,0,0
BRDA:277,10,1,4
BRDA:280,11,0,4
BRDA:280,11,1,0
BRDA:287,12,0,0
BRDA:287,12,1,0
BRDA:294,13,0,0
BRDA:294,13,1,0
BRDA:301,14,0,0
BRDA:301,14,1,0
BRDA:322,15,0,0
BRDA:322,15,1,10
BRDA:322,16,0,10
BRDA:322,16,1,10
BRDA:332,17,0,10
BRDA:332,17,1,10
BRDA:337,18,0,1
BRDA:337,18,1,9
BRDA:361,19,0,0
BRDA:361,19,1,7
BRDA:370,20,0,0
BRDA:370,20,1,7
BRDA:397,21,0,0
BRDA:397,21,1,0
BRDA:405,22,0,0
BRDA:405,22,1,0
BRDA:412,23,0,0
BRDA:412,23,1,0
BRF:48
BRH:24
end_of_record
TN:
SF:src/middleware/analytics.js
FN:5,lookupGeo
FN:17,(anonymous_1)
FN:33,(anonymous_2)
FNF:3
FNH:0
FNDA:0,lookupGeo
FNDA:0,(anonymous_1)
FNDA:0,(anonymous_2)
DA:1,0
DA:2,0
DA:3,0
DA:6,0
DA:7,0
DA:8,0
DA:13,0
DA:17,0
DA:18,0
DA:21,0
DA:25,0
DA:26,0
DA:28,0
DA:29,0
DA:30,0
DA:31,0
DA:33,0
DA:34,0
DA:36,0
DA:40,0
DA:46,0
DA:50,0
DA:53,0
LF:23
LH:0
BRDA:9,0,0,0
BRDA:9,0,1,0
BRDA:10,1,0,0
BRDA:10,1,1,0
BRDA:21,2,0,0
BRDA:21,2,1,0
BRDA:21,2,2,0
BRDA:22,3,0,0
BRDA:22,3,1,0
BRDA:25,4,0,0
BRDA:25,4,1,0
BRDA:26,5,0,0
BRDA:26,5,1,0
BRDA:31,6,0,0
BRDA:31,6,1,0
BRDA:31,7,0,0
BRDA:31,7,1,0
BRDA:36,8,0,0
BRDA:36,8,1,0
BRF:19
BRH:0
end_of_record
TN:
SF:src/middleware/cors.js
FN:50,(anonymous_0)
FNF:1
FNH:1
FNDA:384,(anonymous_0)
DA:42,8
DA:49,8
DA:52,384
DA:54,1
DA:55,1
DA:57,0
LF:6
LH:5
BRDA:52,0,0,383
BRDA:52,0,1,1
BRDA:54,1,0,1
BRDA:54,1,1,0
BRF:4
BRH:3
end_of_record
TN:
SF:src/middleware/httpsRedirect.js
FN:23,httpsRedirect
FNF:1
FNH:0
FNDA:0,httpsRedirect
DA:25,0
DA:26,0
DA:30,0
DA:34,0
DA:35,0
DA:36,0
DA:39,0
LF:7
LH:0
BRDA:25,0,0,0
BRDA:25,0,1,0
BRDA:30,1,0,0
BRDA:30,1,1,0
BRDA:30,1,2,0
BRDA:34,2,0,0
BRDA:34,2,1,0
BRF:7
BRH:0
end_of_record
TN:
SF:src/middleware/rateLimit.js
FN:3,(anonymous_0)
FN:14,(anonymous_1)
FNF:2
FNH:0
FNDA:0,(anonymous_0)
FNDA:0,(anonymous_1)
DA:3,0
DA:4,0
DA:15,0
DA:24,0
DA:25,0
DA:26,0
LF:6
LH:0
BRF:0
BRH:0
end_of_record
TN:
SF:src/middleware/rateLimiter.js
FN:6,(anonymous_0)
FNF:1
FNH:0
FNDA:0,(anonymous_0)
DA:3,0
DA:4,0
DA:6,0
DA:7,0
DA:8,0
DA:10,0
DA:11,0
DA:13,0
DA:14,0
DA:17,0
DA:18,0
DA:20,0
DA:21,0
DA:22,0
DA:24,0
DA:25,0
DA:27,0
DA:34,0
DA:36,0
DA:37,0
LF:20
LH:0
BRDA:7,0,0,0
BRDA:7,0,1,0
BRDA:7,0,2,0
BRDA:13,1,0,0
BRDA:13,1,1,0
BRDA:24,2,0,0
BRDA:24,2,1,0
BRF:7
BRH:0
end_of_record
TN:
SF:src/middleware/redisRateLimit.js
FN:8,(anonymous_0)
FN:16,(anonymous_1)
FN:57,(anonymous_2)
FNF:3
FNH:0
FNDA:0,(anonymous_0)
FNDA:0,(anonymous_1)
FNDA:0,(anonymous_2)
DA:3,0
DA:4,0
DA:5,0
DA:9,0
DA:10,0
DA:11,0
DA:12,0
DA:13,0
DA:17,0
DA:19,0
DA:24,0
DA:25,0
DA:27,0
DA:28,0
DA:29,0
DA:31,0
DA:32,0
DA:35,0
DA:40,0
DA:46,0
DA:47,0
DA:57,0
DA:58,0
DA:59,0
DA:61,0
DA:62,0
DA:63,0
DA:65,0
DA:71,0
DA:72,0
DA:73,0
DA:80,0
DA:82,0
DA:83,0
LF:34
LH:0
BRDA:24,0,0,0
BRDA:24,0,1,0
BRDA:25,1,0,0
BRDA:25,1,1,0
BRDA:31,2,0,0
BRDA:31,2,1,0
BRDA:58,3,0,0
BRDA:58,3,1,0
BRDA:58,3,2,0
BRDA:71,4,0,0
BRDA:71,4,1,0
BRF:11
BRH:0
end_of_record
TN:
SF:src/middleware/security.js
FN:115,(anonymous_0)
FN:129,(anonymous_1)
FN:137,(anonymous_2)
FNF:3
FNH:3
FNDA:153,(anonymous_0)
FNDA:387,(anonymous_1)
FNDA:387,(anonymous_2)
DA:89,8
DA:106,8
DA:112,8
DA:115,153
DA:120,8
DA:131,387
DA:136,8
DA:138,387
DA:139,0
DA:141,387
DA:147,8
LF:11
LH:10
BRDA:138,0,0,0
BRDA:138,0,1,387
BRF:2
BRH:1
end_of_record
TN:
SF:src/models/clickModel.js
FN:4,(anonymous_0)
FNF:1
FNH:1
FNDA:3,(anonymous_0)
DA:13,3
DA:21,3
DA:30,3
DA:31,3
LF:4
LH:4
BRF:0
BRH:0
end_of_record
TN:
SF:src/models/urlModel.js
FN:238,(anonymous_0)
FN:257,(anonymous_1)
FN:268,(anonymous_2)
FN:282,(anonymous_3)
FN:293,(anonymous_4)
FN:305,(anonymous_5)
FN:317,(anonymous_6)
FN:341,(anonymous_7)
FN:353,(anonymous_8)
FN:359,(anonymous_9)
FNF:10
FNH:6
FNDA:335,(anonymous_0)
FNDA:2,(anonymous_1)
FNDA:679,(anonymous_2)
FNDA:0,(anonymous_3)
FNDA:0,(anonymous_4)
FNDA:3,(anonymous_5)
FNDA:0,(anonymous_6)
FNDA:0,(anonymous_7)
FNDA:335,(anonymous_8)
FNDA:343,(anonymous_9)
DA:239,335
DA:245,335
DA:246,335
DA:247,335
DA:249,0
DA:250,0
DA:252,0
DA:253,0
DA:258,2
DA:264,2
DA:265,2
DA:269,679
DA:278,679
DA:279,679
DA:283,0
DA:289,0
DA:290,0
DA:294,0
DA:301,0
DA:302,0
DA:306,3
DA:313,3
DA:314,3
DA:318,0
DA:334,0
DA:335,0
DA:342,0
DA:349,0
DA:350,0
DA:354,335
DA:355,335
DA:356,335
DA:360,343
DA:465,343
DA:466,343
LF:35
LH:19
BRDA:238,0,0,0
BRDA:238,1,0,0
BRDA:249,2,0,0
BRDA:249,2,1,0
BRDA:265,3,0,2
BRDA:265,3,1,1
BRDA:279,4,0,679
BRDA:279,4,1,670
BRDA:290,5,0,0
BRDA:290,5,1,0
BRDA:302,6,0,0
BRDA:302,6,1,0
BRDA:314,7,0,3
BRDA:314,7,1,0
BRDA:335,8,0,0
BRDA:335,8,1,0
BRDA:466,9,0,343
BRDA:466,9,1,0
BRF:18
BRH:6
end_of_record
TN:
SF:src/routes/analyticsRoutes.js
FNF:0
FNH:0
DA:4,0
DA:7,0
DA:10,0
LF:3
LH:0
BRF:0
BRH:0
end_of_record
TN:
SF:src/routes/urlRoutes.js
FNF:0
FNH:0
DA:18,8
DA:21,8
DA:24,8
DA:27,8
DA:30,8
LF:5
LH:5
BRF:0
BRH:0
end_of_record
TN:
SF:src/services/analyticsService.js
FN:5,(anonymous_0)
FN:26,(anonymous_1)
FN:40,(anonymous_2)
FNF:3
FNH:0
FNDA:0,(anonymous_0)
FNDA:0,(anonymous_1)
FNDA:0,(anonymous_2)
DA:6,0
DA:22,0
DA:23,0
DA:27,0
DA:32,0
DA:41,0
DA:52,0
DA:53,0
LF:8
LH:0
BRDA:5,0,0,0
BRDA:5,1,0,0
BRDA:40,2,0,0
BRF:3
BRH:0
end_of_record
TN:
SF:src/services/bulkService.js
FN:4,(anonymous_0)
FN:9,(anonymous_1)
FN:30,(anonymous_2)
FNF:3
FNH:0
FNDA:0,(anonymous_0)
FNDA:0,(anonymous_1)
FNDA:0,(anonymous_2)
DA:5,0
DA:7,0
DA:8,0
DA:9,0
DA:10,0
DA:11,0
DA:17,0
DA:25,0
DA:26,0
DA:29,0
DA:30,0
DA:34,0
LF:12
LH:0
BRDA:4,0,0,0
BRDA:29,1,0,0
BRDA:29,1,1,0
BRF:3
BRH:0
end_of_record
TN:
SF:src/services/urlService.js
FN:252,(anonymous_0)
FN:310,(anonymous_1)
FN:351,(anonymous_2)
FN:358,(anonymous_3)
FN:389,(anonymous_4)
FN:401,(anonymous_5)
FN:408,(anonymous_6)
FN:418,(anonymous_7)
FN:437,(anonymous_8)
FN:450,(anonymous_9)
FN:454,(anonymous_10)
FN:458,(anonymous_11)
FN:462,(anonymous_12)
FNF:13
FNH:10
FNDA:337,(anonymous_0)
FNDA:10,(anonymous_1)
FNDA:9,(anonymous_2)
FNDA:9,(anonymous_3)
FNDA:0,(anonymous_4)
FNDA:5,(anonymous_5)
FNDA:336,(anonymous_6)
FNDA:336,(anonymous_7)
FNDA:7,(anonymous_8)
FNDA:49,(anonymous_9)
FNDA:0,(anonymous_10)
FNDA:1,(anonymous_11)
FNDA:0,(anonymous_12)
DA:254,337
DA:255,0
DA:259,337
DA:260,337
DA:261,0
DA:265,337
DA:266,1
DA:267,0
DA:270,1
DA:271,1
DA:272,0
DA:275,1
DA:276,1
DA:278,0
DA:285,0
DA:286,0
DA:290,336
DA:291,336
DA:293,335
DA:294,335
DA:296,335
DA:303,335
DA:304,335
DA:311,10
DA:313,10
DA:315,10
DA:316,10
DA:318,8
DA:319,0
DA:321,8
DA:322,8
DA:326,2
DA:327,2
DA:330,1
DA:332,1
DA:335,1
DA:338,1
DA:340,1
DA:342,0
DA:343,0
DA:353,9
DA:354,0
DA:358,9
DA:359,9
DA:360,9
DA:361,9
DA:364,3
DA:365,0
DA:368,3
DA:378,3
DA:380,0
DA:390,0
DA:393,0
DA:394,0
DA:402,5
DA:409,336
DA:410,336
DA:419,336
DA:421,336
DA:422,336
DA:423,336
DA:424,0
DA:428,0
DA:431,336
DA:438,7
DA:439,7
DA:441,7
DA:442,7
DA:443,7
DA:444,7
DA:446,7
DA:450,49
DA:454,0
DA:458,1
DA:462,0
LF:75
LH:55
BRDA:252,0,0,336
BRDA:252,1,0,337
BRDA:254,2,0,0
BRDA:254,2,1,337
BRDA:254,3,0,337
BRDA:254,3,1,337
BRDA:260,4,0,0
BRDA:260,4,1,337
BRDA:260,5,0,337
BRDA:260,5,1,0
BRDA:265,6,0,1
BRDA:265,6,1,336
BRDA:266,7,0,0
BRDA:266,7,1,1
BRDA:271,8,0,0
BRDA:271,8,1,1
BRDA:276,9,0,1
BRDA:276,9,1,0
BRDA:291,10,0,1
BRDA:291,10,1,335
BRDA:291,11,0,336
BRDA:291,11,1,1
BRDA:310,12,0,0
BRDA:316,13,0,8
BRDA:316,13,1,2
BRDA:318,14,0,0
BRDA:318,14,1,8
BRDA:327,15,0,1
BRDA:327,15,1,1
BRDA:330,16,0,0
BRDA:330,16,1,1
BRDA:330,17,0,1
BRDA:330,17,1,0
BRDA:351,18,0,0
BRDA:353,19,0,0
BRDA:353,19,1,9
BRDA:360,20,0,9
BRDA:360,20,1,9
BRDA:364,21,0,0
BRDA:364,21,1,3
BRDA:370,22,0,3
BRDA:370,22,1,0
BRDA:371,23,0,3
BRDA:371,23,1,3
BRDA:372,24,0,3
BRDA:372,24,1,3
BRDA:393,25,0,0
BRDA:393,25,1,0
BRDA:410,26,0,336
BRDA:410,26,1,336
BRDA:423,27,0,0
BRDA:423,27,1,336
BRDA:439,28,0,0
BRDA:439,28,1,7
BRDA:441,29,0,7
BRDA:441,29,1,0
BRDA:442,30,0,7
BRDA:442,30,1,0
BRDA:443,31,0,7
BRDA:443,31,1,0
BRDA:444,32,0,7
BRDA:444,32,1,0
BRDA:448,33,0,7
BRDA:448,33,1,6
BRDA:449,34,0,7
BRDA:449,34,1,0
BRDA:452,35,0,49
BRDA:452,35,1,48
BRDA:456,36,0,0
BRDA:456,36,1,0
BRDA:460,37,0,1
BRDA:460,37,1,0
BRDA:464,38,0,0
BRDA:464,38,1,0
BRF:74
BRH:46
end_of_record
TN:
SF:src/utils/base62.js
FN:6,encode
FN:17,decode
FN:28,pad
FNF:3
FNH:2
FNDA:342,encode
FNDA:5,decode
FNDA:0,pad
DA:2,11
DA:3,11
DA:7,342
DA:8,341
DA:9,341
DA:10,1017
DA:11,1017
DA:13,341
DA:18,5
DA:19,5
DA:20,11
DA:21,11
DA:22,11
DA:24,5
DA:29,0
LF:15
LH:14
BRDA:7,0,0,1
BRDA:7,0,1,341
BRDA:21,1,0,0
BRDA:21,1,1,11
BRDA:28,2,0,0
BRF:5
BRH:3
end_of_record
TN:
SF:src/utils/geo.js
FN:6,lookupCountry
FN:7,(anonymous_1)
FN:21,(anonymous_2)
FN:23,(anonymous_3)
FN:24,(anonymous_4)
FN:33,(anonymous_5)
FNF:6
FNH:5
FNDA:9,lookupCountry
FNDA:9,(anonymous_1)
FNDA:3,(anonymous_2)
FNDA:3,(anonymous_3)
FNDA:3,(anonymous_4)
FNDA:0,(anonymous_5)
DA:3,10
DA:7,9
DA:9,9
DA:10,0
DA:13,9
DA:20,9
DA:22,3
DA:23,3
DA:24,3
DA:25,3
DA:26,3
DA:27,2
DA:29,1
DA:33,0
LF:14
LH:12
BRDA:9,0,0,0
BRDA:9,0,1,9
BRDA:9,1,0,9
BRDA:9,1,1,9
BRDA:9,1,2,9
BRDA:27,2,0,2
BRDA:27,2,1,2
BRF:7
BRH:6
end_of_record
TN:
SF:src/utils/qr.js
FN:3,generateQrDataUrl
FNF:1
FNH:0
FNDA:0,generateQrDataUrl
DA:5,0
LF:1
LH:0
BRF:0
BRH:0
end_of_record
TN:
SF:src/utils/ua.js
FN:3,parseUserAgent
FNF:1
FNH:1
FNDA:9,parseUserAgent
DA:4,9
DA:5,9
DA:7,9
DA:8,9
DA:9,9
DA:10,9
DA:12,9
LF:7
LH:7
BRDA:3,0,0,0
BRDA:5,1,0,9
BRDA:5,1,1,0
BRDA:9,2,0,0
BRDA:9,2,1,9
BRDA:10,3,0,0
BRDA:10,3,1,9
BRDA:10,4,0,9
BRDA:10,4,1,9
BRF:9
BRH:5
end_of_record
TN:
SF:src/utils/urlValidation.js
FN:119,isReservedWord
FN:123,sanitizeInput
FN:153,validateUrl
FN:191,validateCustomCode
FNF:4
FNH:4
FNDA:8,isReservedWord
FNDA:387,sanitizeInput
FNDA:356,validateUrl
FNDA:10,validateCustomCode
DA:113,8
DA:120,8
DA:124,387
DA:127,387
DA:130,387
DA:142,387
DA:143,3471
DA:144,4
DA:150,383
DA:154,356
DA:155,0
DA:158,356
DA:159,0
DA:162,356
DA:163,0
DA:167,356
DA:168,356
DA:170,356
DA:171,1418
DA:172,3
DA:177,353
DA:178,353
DA:181,351
DA:182,0
DA:185,351
DA:187,2
DA:192,10
DA:194,10
DA:195,0
DA:198,10
DA:200,10
DA:201,1
DA:205,9
DA:206,1
DA:210,8
DA:211,5
DA:214,3
LF:37
LH:32
BRDA:124,0,0,0
BRDA:124,0,1,387
BRDA:124,1,0,387
BRDA:124,1,1,387
BRDA:143,2,0,4
BRDA:143,2,1,3467
BRDA:154,3,0,0
BRDA:154,3,1,356
BRDA:154,4,0,356
BRDA:154,4,1,356
BRDA:158,5,0,0
BRDA:158,5,1,356
BRDA:162,6,0,0
BRDA:162,6,1,356
BRDA:171,7,0,3
BRDA:171,7,1,1415
BRDA:181,8,0,0
BRDA:181,8,1,351
BRDA:192,9,0,0
BRDA:192,9,1,10
BRDA:194,10,0,0
BRDA:194,10,1,10
BRDA:200,11,0,1
BRDA:200,11,1,9
BRDA:200,12,0,10
BRDA:200,12,1,9
BRDA:205,13,0,1
BRDA:205,13,1,8
BRDA:210,14,0,5
BRDA:210,14,1,3
BRF:30
BRH:23
end_of_record
