TN:
SF:src/server.js
FN:195,(anonymous_0)
FN:213,(anonymous_1)
FN:223,(anonymous_2)
FN:230,(anonymous_3)
FN:234,(anonymous_4)
FN:253,(anonymous_5)
FN:263,(anonymous_6)
FN:275,(anonymous_7)
FNF:8
FNH:2
FNDA:0,(anonymous_0)
FNDA:115,(anonymous_1)
FNDA:30,(anonymous_2)
FNDA:0,(anonymous_3)
FNDA:0,(anonymous_4)
FNDA:0,(anonymous_5)
FNDA:0,(anonymous_6)
FNDA:0,(anonymous_7)
DA:162,7
DA:165,7
DA:166,7
DA:168,7
DA:169,7
DA:174,7
DA:175,7
DA:176,7
DA:179,7
DA:180,7
DA:182,7
DA:190,7
DA:195,7
DA:196,0
DA:208,7
DA:213,7
DA:214,115
DA:217,115
DA:223,7
DA:224,30
DA:225,30
DA:227,30
DA:230,0
DA:234,0
DA:239,0
DA:241,30
DA:248,7
DA:253,7
DA:254,0
DA:263,7
DA:264,0
DA:265,0
DA:274,7
DA:275,0
DA:276,0
DA:277,0
DA:278,0
DA:279,0
DA:282,0
LF:39
LH:26
BRDA:169,0,0,7
BRDA:169,0,1,0
BRDA:200,1,0,0
BRDA:200,1,1,0
BRDA:274,2,0,0
BRDA:274,2,1,7
BRF:6
BRH:2
end_of_record
TN:
SF:src/config/database.js
FN:16,(anonymous_0)
FN:20,(anonymous_1)
FNF:2
FNH:1
FNDA:5,(anonymous_0)
FNDA:0,(anonymous_1)
DA:4,9
DA:6,9
DA:8,9
DA:16,9
DA:17,5
DA:20,9
DA:21,0
DA:22,0
LF:8
LH:6
BRF:0
BRH:0
end_of_record
TN:
SF:src/config/redis.js
FN:7,(anonymous_0)
FN:19,(anonymous_1)
FN:24,(anonymous_2)
FN:25,(anonymous_3)
FNF:4
FNH:1
FNDA:0,(anonymous_0)
FNDA:0,(anonymous_1)
FNDA:9,(anonymous_2)
FNDA:0,(anonymous_3)
DA:3,9
DA:8,0
DA:9,0
DA:19,9
DA:20,0
DA:21,0
DA:24,9
DA:25,9
DA:27,9
LF:9
LH:5
BRDA:4,0,0,9
BRDA:4,0,1,1
BRDA:4,1,0,9
BRDA:4,1,1,1
BRDA:8,2,0,0
BRDA:8,2,1,0
BRF:6
BRH:4
end_of_record
TN:
SF:src/controllers/urlController.js
FN:175,(anonymous_0)
FN:233,(anonymous_1)
FN:262,(anonymous_2)
FN:290,(anonymous_3)
FNF:4
FNH:3
FNDA:70,(anonymous_0)
FNDA:8,(anonymous_1)
FNDA:7,(anonymous_2)
FNDA:0,(anonymous_3)
DA:176,70
DA:177,70
DA:179,70
DA:180,0
DA:186,70
DA:193,70
DA:194,70
DA:196,70
DA:207,0
DA:209,0
DA:210,0
DA:216,0
DA:220,0
DA:226,0
DA:234,8
DA:235,8
DA:237,8
DA:243,8
DA:245,8
DA:246,1
DA:252,7
DA:254,0
DA:255,0
DA:263,7
DA:264,7
DA:265,7
DA:267,7
DA:268,0
DA:274,7
DA:279,0
DA:280,0
DA:291,0
DA:292,0
DA:294,0
DA:295,0
DA:296,0
DA:302,0
DA:303,0
DA:305,0
DA:307,0
DA:313,0
DA:314,0
LF:42
LH:19
BRDA:179,0,0,0
BRDA:179,0,1,70
BRDA:193,1,0,70
BRDA:193,1,1,0
BRDA:209,2,0,0
BRDA:209,2,1,0
BRDA:216,3,0,0
BRDA:216,3,1,0
BRDA:217,4,0,0
BRDA:217,4,1,0
BRDA:240,5,0,8
BRDA:240,5,1,8
BRDA:245,6,0,1
BRDA:245,6,1,7
BRDA:267,7,0,0
BRDA:267,7,1,7
BRDA:295,8,0,0
BRDA:295,8,1,0
BRDA:302,9,0,0
BRDA:302,9,1,0
BRF:20
BRH:7
end_of_record
TN:
SF:src/cron/cleanupExpired.js
FN:6,scheduleExpiredUrlCleanup
FN:7,(anonymous_1)
FNF:2
FNH:0
FNDA:0,scheduleExpiredUrlCleanup
FNDA:0,(anonymous_1)
DA:7,0
DA:8,0
DA:9,0
DA:10,0
DA:11,0
DA:13,0
LF:6
LH:0
BRDA:11,0,0,0
BRDA:11,0,1,0
BRF:2
BRH:0
end_of_record
TN:
SF:src/middleware/redisRateLimit.js
FN:8,(anonymous_0)
FN:16,(anonymous_1)
FN:57,(anonymous_2)
FNF:3
FNH:3
FNDA:265,(anonymous_0)
FNDA:265,(anonymous_1)
FNDA:265,(anonymous_2)
DA:3,7
DA:4,7
DA:5,7
DA:9,265
DA:10,265
DA:11,265
DA:12,265
DA:13,265
DA:17,265
DA:19,265
DA:24,265
DA:25,265
DA:27,265
DA:28,265
DA:29,265
DA:31,265
DA:32,107
DA:35,107
DA:40,107
DA:46,158
DA:47,158
DA:57,7
DA:58,265
DA:59,265
DA:61,265
DA:62,265
DA:63,265
DA:65,265
DA:71,265
DA:72,158
DA:73,158
DA:80,107
DA:82,0
DA:83,0
LF:34
LH:32
BRDA:24,0,0,265
BRDA:24,0,1,1
BRDA:25,1,0,265
BRDA:25,1,1,1
BRDA:31,2,0,107
BRDA:31,2,1,158
BRDA:58,3,0,265
BRDA:58,3,1,0
BRDA:58,3,2,0
BRDA:71,4,0,158
BRDA:71,4,1,107
BRF:11
BRH:9
end_of_record
TN:
SF:src/models/clickModel.js
FN:4,(anonymous_0)
FNF:1
FNH:1
FNDA:5,(anonymous_0)
DA:13,5
DA:21,5
DA:30,5
DA:31,5
LF:4
LH:4
BRF:0
BRH:0
end_of_record
TN:
SF:src/models/urlModel.js
FN:238,(anonymous_0)
FN:257,(anonymous_1)
FN:268,(anonymous_2)
FN:282,(anonymous_3)
FN:293,(anonymous_4)
FN:305,(anonymous_5)
FN:317,(anonymous_6)
FN:341,(anonymous_7)
FN:353,(anonymous_8)
FN:359,(anonymous_9)
FNF:10
FNH:6
FNDA:2,(anonymous_0)
FNDA:4,(anonymous_1)
FNDA:70,(anonymous_2)
FNDA:0,(anonymous_3)
FNDA:0,(anonymous_4)
FNDA:5,(anonymous_5)
FNDA:0,(anonymous_6)
FNDA:0,(anonymous_7)
FNDA:2,(anonymous_8)
FNDA:7,(anonymous_9)
DA:239,2
DA:245,2
DA:246,2
DA:247,2
DA:249,0
DA:250,0
DA:252,0
DA:253,0
DA:258,4
DA:264,4
DA:265,4
DA:269,70
DA:278,70
DA:279,70
DA:283,0
DA:289,0
DA:290,0
DA:294,0
DA:301,0
DA:302,0
DA:306,5
DA:313,5
DA:314,5
DA:318,0
DA:334,0
DA:335,0
DA:342,0
DA:349,0
DA:350,0
DA:354,2
DA:355,2
DA:356,2
DA:360,7
DA:465,7
DA:466,7
LF:35
LH:19
BRDA:238,0,0,0
BRDA:238,1,0,0
BRDA:249,2,0,0
BRDA:249,2,1,0
BRDA:265,3,0,4
BRDA:265,3,1,1
BRDA:279,4,0,70
BRDA:279,4,1,2
BRDA:290,5,0,0
BRDA:290,5,1,0
BRDA:302,6,0,0
BRDA:302,6,1,0
BRDA:314,7,0,5
BRDA:314,7,1,0
BRDA:335,8,0,0
BRDA:335,8,1,0
BRDA:466,9,0,7
BRDA:466,9,1,0
BRF:18
BRH:6
end_of_record
TN:
SF:src/routes/urlRoutes.js
FNF:0
FNH:0
DA:18,7
DA:21,7
DA:24,7
DA:27,7
DA:30,7
LF:5
LH:5
BRF:0
BRH:0
end_of_record
TN:
SF:src/services/urlService.js
FN:204,(anonymous_0)
FN:260,(anonymous_1)
FN:294,(anonymous_2)
FN:297,(anonymous_3)
FN:324,(anonymous_4)
FN:332,(anonymous_5)
FN:336,(anonymous_6)
FN:349,(anonymous_7)
FN:353,(anonymous_8)
FN:357,(anonymous_9)
FN:361,(anonymous_10)
FNF:11
FNH:8
FNDA:72,(anonymous_0)
FNDA:8,(anonymous_1)
FNDA:7,(anonymous_2)
FNDA:7,(anonymous_3)
FNDA:0,(anonymous_4)
FNDA:5,(anonymous_5)
FNDA:7,(anonymous_6)
FNDA:49,(anonymous_7)
FNDA:0,(anonymous_8)
FNDA:5,(anonymous_9)
FNDA:0,(anonymous_10)
DA:206,72
DA:207,0
DA:211,72
DA:212,72
DA:213,0
DA:217,72
DA:218,1
DA:219,0
DA:222,1
DA:223,1
DA:224,0
DA:227,1
DA:228,1
DA:230,0
DA:236,0
DA:237,0
DA:241,71
DA:242,71
DA:244,2
DA:245,2
DA:247,2
DA:253,2
DA:254,2
DA:261,8
DA:263,8
DA:265,8
DA:266,8
DA:267,4
DA:268,4
DA:269,4
DA:273,4
DA:274,4
DA:277,3
DA:279,3
DA:282,3
DA:285,3
DA:287,3
DA:289,0
DA:290,0
DA:295,7
DA:297,7
DA:298,7
DA:299,7
DA:300,7
DA:302,5
DA:304,5
DA:314,5
DA:316,0
DA:325,0
DA:326,0
DA:333,5
DA:337,7
DA:338,7
DA:340,7
DA:341,7
DA:342,7
DA:343,7
DA:345,7
DA:349,49
DA:353,0
DA:357,5
DA:361,0
LF:62
LH:48
BRDA:204,0,0,71
BRDA:204,1,0,72
BRDA:206,2,0,0
BRDA:206,2,1,72
BRDA:206,3,0,72
BRDA:206,3,1,72
BRDA:212,4,0,0
BRDA:212,4,1,72
BRDA:212,5,0,72
BRDA:212,5,1,0
BRDA:217,6,0,1
BRDA:217,6,1,71
BRDA:218,7,0,0
BRDA:218,7,1,1
BRDA:223,8,0,0
BRDA:223,8,1,1
BRDA:228,9,0,1
BRDA:228,9,1,0
BRDA:242,10,0,69
BRDA:242,10,1,2
BRDA:242,11,0,71
BRDA:242,11,1,69
BRDA:260,12,0,0
BRDA:266,13,0,4
BRDA:266,13,1,4
BRDA:274,14,0,1
BRDA:274,14,1,3
BRDA:277,15,0,0
BRDA:277,15,1,3
BRDA:277,16,0,3
BRDA:277,16,1,0
BRDA:294,17,0,0
BRDA:299,18,0,7
BRDA:299,18,1,7
BRDA:306,19,0,5
BRDA:306,19,1,0
BRDA:307,20,0,5
BRDA:307,20,1,5
BRDA:308,21,0,5
BRDA:308,21,1,5
BRDA:338,22,0,0
BRDA:338,22,1,7
BRDA:340,23,0,7
BRDA:340,23,1,0
BRDA:341,24,0,7
BRDA:341,24,1,0
BRDA:342,25,0,7
BRDA:342,25,1,0
BRDA:343,26,0,7
BRDA:343,26,1,0
BRDA:347,27,0,7
BRDA:347,27,1,2
BRDA:348,28,0,7
BRDA:348,28,1,0
BRDA:351,29,0,49
BRDA:351,29,1,44
BRDA:355,30,0,0
BRDA:355,30,1,0
BRDA:359,31,0,5
BRDA:359,31,1,0
BRDA:363,32,0,0
BRDA:363,32,1,0
BRF:62
BRH:40
end_of_record
TN:
SF:src/utils/base62.js
FN:6,encode
FN:17,decode
FN:28,pad
FNF:3
FNH:2
FNDA:9,encode
FNDA:5,decode
FNDA:0,pad
DA:2,10
DA:3,10
DA:7,9
DA:8,8
DA:9,8
DA:10,16
DA:11,16
DA:13,8
DA:18,5
DA:19,5
DA:20,11
DA:21,11
DA:22,11
DA:24,5
DA:29,0
LF:15
LH:14
BRDA:7,0,0,1
BRDA:7,0,1,8
BRDA:21,1,0,0
BRDA:21,1,1,11
BRDA:28,2,0,0
BRF:5
BRH:3
end_of_record
TN:
SF:src/utils/geo.js
FN:6,lookupCountry
FN:7,(anonymous_1)
FN:21,(anonymous_2)
FN:23,(anonymous_3)
FN:24,(anonymous_4)
FN:33,(anonymous_5)
FNF:6
FNH:5
FNDA:7,lookupCountry
FNDA:7,(anonymous_1)
FNDA:5,(anonymous_2)
FNDA:5,(anonymous_3)
FNDA:5,(anonymous_4)
FNDA:0,(anonymous_5)
DA:3,9
DA:7,7
DA:9,7
DA:10,0
DA:13,7
DA:20,7
DA:22,5
DA:23,5
DA:24,5
DA:25,5
DA:26,5
DA:27,5
DA:29,0
DA:33,0
LF:14
LH:11
BRDA:9,0,0,0
BRDA:9,0,1,7
BRDA:9,1,0,7
BRDA:9,1,1,7
BRDA:9,1,2,7
BRDA:27,2,0,5
BRDA:27,2,1,5
BRF:7
BRH:6
end_of_record
TN:
SF:src/utils/qr.js
FN:3,generateQrDataUrl
FNF:1
FNH:0
FNDA:0,generateQrDataUrl
DA:5,0
LF:1
LH:0
BRF:0
BRH:0
end_of_record
TN:
SF:src/utils/ua.js
FN:3,parseUserAgent
FNF:1
FNH:1
FNDA:7,parseUserAgent
DA:4,7
DA:5,7
DA:7,7
DA:8,7
DA:9,7
DA:10,7
DA:12,7
LF:7
LH:7
BRDA:3,0,0,0
BRDA:5,1,0,7
BRDA:5,1,1,0
BRDA:9,2,0,0
BRDA:9,2,1,7
BRDA:10,3,0,0
BRDA:10,3,1,7
BRDA:10,4,0,7
BRDA:10,4,1,7
BRF:9
BRH:5
end_of_record
